{"numTotalTestSuites":893,"numPassedTestSuites":869,"numFailedTestSuites":24,"numPendingTestSuites":0,"numTotalTests":1827,"numPassedTests":1781,"numFailedTests":36,"numPendingTests":10,"numTodoTests":0,"snapshot":{"added":0,"failure":false,"filesAdded":0,"filesRemoved":0,"filesRemovedList":[],"filesUnmatched":0,"filesUpdated":0,"matched":0,"total":0,"unchecked":0,"uncheckedKeysByFile":[],"unmatched":0,"updated":0,"didUpdate":false},"startTime":1771417076485,"success":false,"testResults":[{"assertionResults":[{"ancestorTitles":["DatabaseSelect Component (Create Form)","TC-DB-071: Load database creation form"],"fullName":"DatabaseSelect Component (Create Form) TC-DB-071: Load database creation form should render the form with all steps","status":"passed","title":"should render the form with all steps","duration":114.60739999999987,"failureMessages":[],"meta":{}},{"ancestorTitles":["DatabaseSelect Component (Create Form)","TC-DB-071: Load database creation form"],"fullName":"DatabaseSelect Component (Create Form) TC-DB-071: Load database creation form should display all engine options","status":"passed","title":"should display all engine options","duration":33.04750000000013,"failureMessages":[],"meta":{}},{"ancestorTitles":["DatabaseSelect Component (Create Form)","TC-DB-071: Load database creation form"],"fullName":"DatabaseSelect Component (Create Form) TC-DB-071: Load database creation form should populate location dropdown","status":"passed","title":"should populate location dropdown","duration":25.73700000000008,"failureMessages":[],"meta":{}},{"ancestorTitles":["DatabaseSelect Component (Create Form)","TC-DB-071: Load database creation form"],"fullName":"DatabaseSelect Component (Create Form) TC-DB-071: Load database creation form should populate sizes/plans","status":"passed","title":"should populate sizes/plans","duration":18.81359999999995,"failureMessages":[],"meta":{}},{"ancestorTitles":["DatabaseSelect Component (Create Form)","TC-DB-072: Select database engine"],"fullName":"DatabaseSelect Component (Create Form) TC-DB-072: Select database engine should allow selecting MySQL engine","status":"passed","title":"should allow selecting MySQL engine","duration":31.403199999999742,"failureMessages":[],"meta":{}},{"ancestorTitles":["DatabaseSelect Component (Create Form)","TC-DB-072: Select database engine"],"fullName":"DatabaseSelect Component (Create Form) TC-DB-072: Select database engine should allow selecting PostgreSQL engine","status":"passed","title":"should allow selecting PostgreSQL engine","duration":19.94750000000022,"failureMessages":[],"meta":{}},{"ancestorTitles":["DatabaseSelect Component (Create Form)","TC-DB-072: Select database engine"],"fullName":"DatabaseSelect Component (Create Form) TC-DB-072: Select database engine should show engine-specific options after selection","status":"passed","title":"should show engine-specific options after selection","duration":29.12480000000005,"failureMessages":[],"meta":{}},{"ancestorTitles":["DatabaseSelect Component (Create Form)","TC-DB-072: Select database engine"],"fullName":"DatabaseSelect Component (Create Form) TC-DB-072: Select database engine should display all four database types","status":"passed","title":"should display all four database types","duration":23.046100000000024,"failureMessages":[],"meta":{}},{"ancestorTitles":["DatabaseSelect Component (Create Form)","TC-DB-073: Select cluster size"],"fullName":"DatabaseSelect Component (Create Form) TC-DB-073: Select cluster size should display available cluster sizes","status":"passed","title":"should display available cluster sizes","duration":51.041999999999916,"failureMessages":[],"meta":{}},{"ancestorTitles":["DatabaseSelect Component (Create Form)","TC-DB-073: Select cluster size"],"fullName":"DatabaseSelect Component (Create Form) TC-DB-073: Select cluster size should show pricing for each size","status":"passed","title":"should show pricing for each size","duration":23.565599999999904,"failureMessages":[],"meta":{}},{"ancestorTitles":["DatabaseSelect Component (Create Form)","TC-DB-073: Select cluster size"],"fullName":"DatabaseSelect Component (Create Form) TC-DB-073: Select cluster size should show resource details (CPU, RAM, Storage)","status":"passed","title":"should show resource details (CPU, RAM, Storage)","duration":18.96160000000009,"failureMessages":[],"meta":{}},{"ancestorTitles":["DatabaseSelect Component (Create Form)","TC-DB-073: Select cluster size"],"fullName":"DatabaseSelect Component (Create Form) TC-DB-073: Select cluster size should allow selecting different sizes","status":"passed","title":"should allow selecting different sizes","duration":24.991699999999582,"failureMessages":[],"meta":{}},{"ancestorTitles":["DatabaseSelect Component (Create Form)","TC-DB-074: Select region/location"],"fullName":"DatabaseSelect Component (Create Form) TC-DB-074: Select region/location should display available regions","status":"passed","title":"should display available regions","duration":23.676100000000133,"failureMessages":[],"meta":{}},{"ancestorTitles":["DatabaseSelect Component (Create Form)","TC-DB-074: Select region/location"],"fullName":"DatabaseSelect Component (Create Form) TC-DB-074: Select region/location should allow selecting a region","status":"passed","title":"should allow selecting a region","duration":51.577999999999975,"failureMessages":[],"meta":{}},{"ancestorTitles":["DatabaseSelect Component (Create Form)","TC-DB-074: Select region/location"],"fullName":"DatabaseSelect Component (Create Form) TC-DB-074: Select region/location should show only available regions","status":"passed","title":"should show only available regions","duration":33.347999999999956,"failureMessages":[],"meta":{}},{"ancestorTitles":["DatabaseSelect Component (Create Form)","TC-DB-075: Submit form with valid data"],"fullName":"DatabaseSelect Component (Create Form) TC-DB-075: Submit form with valid data should show loading state during submission","status":"passed","title":"should show loading state during submission","duration":231.16899999999987,"failureMessages":[],"meta":{}},{"ancestorTitles":["DatabaseSelect Component (Create Form)","TC-DB-075: Submit form with valid data"],"fullName":"DatabaseSelect Component (Create Form) TC-DB-075: Submit form with valid data should redirect to cluster detail page on success","status":"passed","title":"should redirect to cluster detail page on success","duration":93.32009999999991,"failureMessages":[],"meta":{}},{"ancestorTitles":["DatabaseSelect Component (Create Form)","TC-DB-075: Submit form with valid data"],"fullName":"DatabaseSelect Component (Create Form) TC-DB-075: Submit form with valid data should show success toast notification","status":"passed","title":"should show success toast notification","duration":74.01339999999982,"failureMessages":[],"meta":{}},{"ancestorTitles":["DatabaseSelect Component (Create Form)","TC-DB-076: Submit form with missing fields"],"fullName":"DatabaseSelect Component (Create Form) TC-DB-076: Submit form with missing fields should show validation error for missing cluster name","status":"passed","title":"should show validation error for missing cluster name","duration":159.22630000000026,"failureMessages":[],"meta":{}},{"ancestorTitles":["DatabaseSelect Component (Create Form)","TC-DB-076: Submit form with missing fields"],"fullName":"DatabaseSelect Component (Create Form) TC-DB-076: Submit form with missing fields should show validation error for invalid cluster name","status":"passed","title":"should show validation error for invalid cluster name","duration":417.78850000000057,"failureMessages":[],"meta":{}},{"ancestorTitles":["DatabaseSelect Component (Create Form)","TC-DB-076: Submit form with missing fields"],"fullName":"DatabaseSelect Component (Create Form) TC-DB-076: Submit form with missing fields should show validation error for missing engine selection","status":"passed","title":"should show validation error for missing engine selection","duration":383.58950000000004,"failureMessages":[],"meta":{}},{"ancestorTitles":["DatabaseSelect Component (Create Form)","TC-DB-076: Submit form with missing fields"],"fullName":"DatabaseSelect Component (Create Form) TC-DB-076: Submit form with missing fields should show validation error for missing region","status":"passed","title":"should show validation error for missing region","duration":64.32269999999971,"failureMessages":[],"meta":{}},{"ancestorTitles":["DatabaseSelect Component (Create Form)","TC-DB-076: Submit form with missing fields"],"fullName":"DatabaseSelect Component (Create Form) TC-DB-076: Submit form with missing fields should display validation errors inline","status":"passed","title":"should display validation errors inline","duration":203.14429999999993,"failureMessages":[],"meta":{}},{"ancestorTitles":["DatabaseSelect Component (Create Form)","TC-DB-077: Handle creation failure"],"fullName":"DatabaseSelect Component (Create Form) TC-DB-077: Handle creation failure should display error message on API failure","status":"passed","title":"should display error message on API failure","duration":63.826100000000224,"failureMessages":[],"meta":{}},{"ancestorTitles":["DatabaseSelect Component (Create Form)","TC-DB-077: Handle creation failure"],"fullName":"DatabaseSelect Component (Create Form) TC-DB-077: Handle creation failure should keep form editable after error","status":"passed","title":"should keep form editable after error","duration":15.710900000000038,"failureMessages":[],"meta":{}},{"ancestorTitles":["DatabaseSelect Component (Create Form)","TC-DB-077: Handle creation failure"],"fullName":"DatabaseSelect Component (Create Form) TC-DB-077: Handle creation failure should allow retry after failure","status":"passed","title":"should allow retry after failure","duration":52.398700000000645,"failureMessages":[],"meta":{}},{"ancestorTitles":["DatabaseSelect Component (Create Form)","Multi-step Form Navigation"],"fullName":"DatabaseSelect Component (Create Form) Multi-step Form Navigation should navigate between form steps","status":"passed","title":"should navigate between form steps","duration":51.02859999999964,"failureMessages":[],"meta":{}},{"ancestorTitles":["DatabaseSelect Component (Create Form)","Multi-step Form Navigation"],"fullName":"DatabaseSelect Component (Create Form) Multi-step Form Navigation should show back button on non-first steps","status":"passed","title":"should show back button on non-first steps","duration":384.7380000000003,"failureMessages":[],"meta":{}},{"ancestorTitles":["DatabaseSelect Component (Create Form)","Multi-step Form Navigation"],"fullName":"DatabaseSelect Component (Create Form) Multi-step Form Navigation should maintain form state when navigating back","status":"passed","title":"should maintain form state when navigating back","duration":543.6648999999998,"failureMessages":[],"meta":{}},{"ancestorTitles":["DatabaseSelect Component (Create Form)","Terms and Conditions"],"fullName":"DatabaseSelect Component (Create Form) Terms and Conditions should require terms acceptance before submission","status":"passed","title":"should require terms acceptance before submission","duration":61.5593000000008,"failureMessages":[],"meta":{}},{"ancestorTitles":["DatabaseSelect Component (Create Form)","Terms and Conditions"],"fullName":"DatabaseSelect Component (Create Form) Terms and Conditions should enable submission after accepting terms","status":"passed","title":"should enable submission after accepting terms","duration":28.397500000000036,"failureMessages":[],"meta":{}}],"startTime":1771417089955,"endTime":1771417093308.3975,"status":"passed","message":"","name":"C:/Users/Pankaj Soni/Desktop/cloud-services/tests/components/database-create-form.test.tsx"},{"assertionResults":[{"ancestorTitles":["DatabasePage Component","TC-DB-065: Display empty state correctly"],"fullName":"DatabasePage Component TC-DB-065: Display empty state correctly should show \"No Databases Found\" message when user has no databases","status":"passed","title":"should show \"No Databases Found\" message when user has no databases","duration":67.07009999999991,"failureMessages":[],"meta":{}},{"ancestorTitles":["DatabasePage Component","TC-DB-065: Display empty state correctly"],"fullName":"DatabasePage Component TC-DB-065: Display empty state correctly should show \"New Database\" CTA button in empty state","status":"passed","title":"should show \"New Database\" CTA button in empty state","duration":330.7437,"failureMessages":[],"meta":{}},{"ancestorTitles":["DatabasePage Component","TC-DB-065: Display empty state correctly"],"fullName":"DatabasePage Component TC-DB-065: Display empty state correctly should display empty state illustration or icon","status":"passed","title":"should display empty state illustration or icon","duration":19.47360000000026,"failureMessages":[],"meta":{}},{"ancestorTitles":["DatabasePage Component","TC-DB-066: Display list of user's databases"],"fullName":"DatabasePage Component TC-DB-066: Display list of user's databases should display table with all user clusters","status":"passed","title":"should display table with all user clusters","duration":102.16290000000026,"failureMessages":[],"meta":{}},{"ancestorTitles":["DatabasePage Component","TC-DB-066: Display list of user's databases"],"fullName":"DatabasePage Component TC-DB-066: Display list of user's databases should fetch clusters on component mount","status":"passed","title":"should fetch clusters on component mount","duration":47.374399999999696,"failureMessages":[],"meta":{}},{"ancestorTitles":["DatabasePage Component","TC-DB-066: Display list of user's databases"],"fullName":"DatabasePage Component TC-DB-066: Display list of user's databases should display correct number of clusters","status":"passed","title":"should display correct number of clusters","duration":164.57169999999996,"failureMessages":[],"meta":{}},{"ancestorTitles":["DatabasePage Component","TC-DB-067: Verify database card information"],"fullName":"DatabasePage Component TC-DB-067: Verify database card information should display cluster name","status":"passed","title":"should display cluster name","duration":32.688500000000204,"failureMessages":[],"meta":{}},{"ancestorTitles":["DatabasePage Component","TC-DB-067: Verify database card information"],"fullName":"DatabasePage Component TC-DB-067: Verify database card information should display engine icon for each database","status":"passed","title":"should display engine icon for each database","duration":54.16100000000006,"failureMessages":[],"meta":{}},{"ancestorTitles":["DatabasePage Component","TC-DB-067: Verify database card information"],"fullName":"DatabasePage Component TC-DB-067: Verify database card information should display location for each cluster","status":"passed","title":"should display location for each cluster","duration":39.36079999999993,"failureMessages":[],"meta":{}},{"ancestorTitles":["DatabasePage Component","TC-DB-067: Verify database card information"],"fullName":"DatabasePage Component TC-DB-067: Verify database card information should display version for each cluster","status":"passed","title":"should display version for each cluster","duration":69.13200000000006,"failureMessages":[],"meta":{}},{"ancestorTitles":["DatabasePage Component","TC-DB-067: Verify database card information"],"fullName":"DatabasePage Component TC-DB-067: Verify database card information should display status badge with correct color","status":"passed","title":"should display status badge with correct color","duration":35.38460000000032,"failureMessages":[],"meta":{}},{"ancestorTitles":["DatabasePage Component","TC-DB-067: Verify database card information"],"fullName":"DatabasePage Component TC-DB-067: Verify database card information should display formatted creation date","status":"passed","title":"should display formatted creation date","duration":29.47330000000011,"failureMessages":[],"meta":{}},{"ancestorTitles":["DatabasePage Component","TC-DB-067: Verify database card information"],"fullName":"DatabasePage Component TC-DB-067: Verify database card information should display cluster ID","status":"passed","title":"should display cluster ID","duration":29.355000000000018,"failureMessages":[],"meta":{}},{"ancestorTitles":["DatabasePage Component","TC-DB-068: Click \"View Cluster\" button"],"fullName":"DatabasePage Component TC-DB-068: Click \"View Cluster\" button should navigate to cluster detail page when clicking action button","status":"passed","title":"should navigate to cluster detail page when clicking action button","duration":150.08629999999994,"failureMessages":[],"meta":{}},{"ancestorTitles":["DatabasePage Component","TC-DB-068: Click \"View Cluster\" button"],"fullName":"DatabasePage Component TC-DB-068: Click \"View Cluster\" button should have correct href for each cluster","status":"passed","title":"should have correct href for each cluster","duration":187.9266000000007,"failureMessages":[],"meta":{}},{"ancestorTitles":["DatabasePage Component","TC-DB-069: Disable actions during migration"],"fullName":"DatabasePage Component TC-DB-069: Disable actions during migration should disable \"View Cluster\" button when status is migrating","status":"passed","title":"should disable \"View Cluster\" button when status is migrating","duration":110.85090000000037,"failureMessages":[],"meta":{}},{"ancestorTitles":["DatabasePage Component","TC-DB-069: Disable actions during migration"],"fullName":"DatabasePage Component TC-DB-069: Disable actions during migration should show tooltip on disabled button during migration","status":"passed","title":"should show tooltip on disabled button during migration","duration":25.763100000000122,"failureMessages":[],"meta":{}},{"ancestorTitles":["DatabasePage Component","TC-DB-069: Disable actions during migration"],"fullName":"DatabasePage Component TC-DB-069: Disable actions during migration should enable button when status is online","status":"passed","title":"should enable button when status is online","duration":116.86639999999989,"failureMessages":[],"meta":{}},{"ancestorTitles":["DatabasePage Component","TC-DB-070: Search/filter databases"],"fullName":"DatabasePage Component TC-DB-070: Search/filter databases should filter databases by name","status":"passed","title":"should filter databases by name","duration":33.81049999999959,"failureMessages":[],"meta":{}},{"ancestorTitles":["DatabasePage Component","TC-DB-070: Search/filter databases"],"fullName":"DatabasePage Component TC-DB-070: Search/filter databases should filter databases by status","status":"passed","title":"should filter databases by status","duration":31.73239999999987,"failureMessages":[],"meta":{}},{"ancestorTitles":["DatabasePage Component","TC-DB-070: Search/filter databases"],"fullName":"DatabasePage Component TC-DB-070: Search/filter databases should show all databases when filter is cleared","status":"passed","title":"should show all databases when filter is cleared","duration":30.828299999999217,"failureMessages":[],"meta":{}},{"ancestorTitles":["DatabasePage Component","Loading State"],"fullName":"DatabasePage Component Loading State should show loading spinner initially","status":"passed","title":"should show loading spinner initially","duration":5.056999999999789,"failureMessages":[],"meta":{}},{"ancestorTitles":["DatabasePage Component","Loading State"],"fullName":"DatabasePage Component Loading State should hide loading spinner after data loads","status":"passed","title":"should hide loading spinner after data loads","duration":25.73120000000017,"failureMessages":[],"meta":{}},{"ancestorTitles":["DatabasePage Component","Error Handling"],"fullName":"DatabasePage Component Error Handling should handle API errors gracefully","status":"passed","title":"should handle API errors gracefully","duration":14.853399999999965,"failureMessages":[],"meta":{}},{"ancestorTitles":["DatabasePage Component","Error Handling"],"fullName":"DatabasePage Component Error Handling should log error to console","status":"passed","title":"should log error to console","duration":23.67989999999918,"failureMessages":[],"meta":{}},{"ancestorTitles":["DatabasePage Component","Authentication"],"fullName":"DatabasePage Component Authentication should redirect to login if user is not authenticated","status":"passed","title":"should redirect to login if user is not authenticated","duration":4.286999999999352,"failureMessages":[],"meta":{}},{"ancestorTitles":["DatabasePage Component","UI Elements"],"fullName":"DatabasePage Component UI Elements should display page title and description","status":"passed","title":"should display page title and description","duration":10.389199999999619,"failureMessages":[],"meta":{}},{"ancestorTitles":["DatabasePage Component","UI Elements"],"fullName":"DatabasePage Component UI Elements should have \"New Database\" button at the top","status":"passed","title":"should have \"New Database\" button at the top","duration":82.03940000000057,"failureMessages":[],"meta":{}},{"ancestorTitles":["DatabasePage Component","UI Elements"],"fullName":"DatabasePage Component UI Elements should display table headers correctly","status":"passed","title":"should display table headers correctly","duration":30.647799999999734,"failureMessages":[],"meta":{}}],"startTime":1771417095554,"endTime":1771417097461.6477,"status":"passed","message":"","name":"C:/Users/Pankaj Soni/Desktop/cloud-services/tests/components/database-list.test.tsx"},{"assertionResults":[{"ancestorTitles":["Object Storage Components","ObjectStorageMain"],"fullName":"Object Storage Components ObjectStorageMain should render page header","status":"passed","title":"should render page header","duration":72.11049999999977,"failureMessages":[],"meta":{}},{"ancestorTitles":["Object Storage Components","ObjectStorageMain"],"fullName":"Object Storage Components ObjectStorageMain should render \"New Bucket\" button","status":"passed","title":"should render \"New Bucket\" button","duration":14.34690000000046,"failureMessages":[],"meta":{}},{"ancestorTitles":["Object Storage Components","ObjectStorageMain"],"fullName":"Object Storage Components ObjectStorageMain should render buckets table","status":"passed","title":"should render buckets table","duration":32.61650000000009,"failureMessages":[],"meta":{}},{"ancestorTitles":["Object Storage Components","ObjectStorageMain"],"fullName":"Object Storage Components ObjectStorageMain should show empty state when no buckets","status":"passed","title":"should show empty state when no buckets","duration":18.98070000000007,"failureMessages":[],"meta":{}},{"ancestorTitles":["Object Storage Components","BucketsTable"],"fullName":"Object Storage Components BucketsTable should render bucket list with correct data","status":"passed","title":"should render bucket list with correct data","duration":15.580600000000231,"failureMessages":[],"meta":{}},{"ancestorTitles":["Object Storage Components","BucketsTable"],"fullName":"Object Storage Components BucketsTable should render multiple buckets","status":"passed","title":"should render multiple buckets","duration":35.118900000000394,"failureMessages":[],"meta":{}},{"ancestorTitles":["Object Storage Components","BucketsTable"],"fullName":"Object Storage Components BucketsTable should show status badges","status":"passed","title":"should show status badges","duration":9.3149999999996,"failureMessages":[],"meta":{}},{"ancestorTitles":["Object Storage Components","BucketsTable"],"fullName":"Object Storage Components BucketsTable should format created date","status":"passed","title":"should format created date","duration":9.820000000000618,"failureMessages":[],"meta":{}},{"ancestorTitles":["Object Storage Components","BucketsTable"],"fullName":"Object Storage Components BucketsTable should have copy bucket ID functionality","status":"passed","title":"should have copy bucket ID functionality","duration":491.3222000000005,"failureMessages":[],"meta":{}},{"ancestorTitles":["Object Storage Components","BucketsTable"],"fullName":"Object Storage Components BucketsTable should show empty state with create button","status":"passed","title":"should show empty state with create button","duration":9.152200000000448,"failureMessages":[],"meta":{}},{"ancestorTitles":["Object Storage Components","BucketsTable"],"fullName":"Object Storage Components BucketsTable should have actions column","status":"passed","title":"should have actions column","duration":10.417999999999665,"failureMessages":[],"meta":{}},{"ancestorTitles":["Object Storage Components","BucketsTable"],"fullName":"Object Storage Components BucketsTable should render table headers","status":"passed","title":"should render table headers","duration":20.15650000000005,"failureMessages":[],"meta":{}},{"ancestorTitles":["Object Storage Components","BucketsTable"],"fullName":"Object Storage Components BucketsTable should show correct status for different bucket states","status":"passed","title":"should show correct status for different bucket states","duration":62.0675999999994,"failureMessages":[],"meta":{}},{"ancestorTitles":["Object Storage Components","Bucket Copy Functionality"],"fullName":"Object Storage Components Bucket Copy Functionality should copy bucket ID to clipboard","status":"skipped","title":"should copy bucket ID to clipboard","failureMessages":[],"meta":{}},{"ancestorTitles":["Object Storage Components","Bucket Copy Functionality"],"fullName":"Object Storage Components Bucket Copy Functionality should show success toast after copying","status":"passed","title":"should show success toast after copying","duration":159.3778000000002,"failureMessages":[],"meta":{}},{"ancestorTitles":["Object Storage Components","Bucket Copy Functionality"],"fullName":"Object Storage Components Bucket Copy Functionality should show copied state with checkmark","status":"passed","title":"should show copied state with checkmark","duration":217.7453999999998,"failureMessages":[],"meta":{}},{"ancestorTitles":["Object Storage Components","Navigation"],"fullName":"Object Storage Components Navigation should have link to bucket details","status":"passed","title":"should have link to bucket details","duration":8.673600000000079,"failureMessages":[],"meta":{}},{"ancestorTitles":["Object Storage Components","Navigation"],"fullName":"Object Storage Components Navigation should navigate to create page from empty state","status":"passed","title":"should navigate to create page from empty state","duration":6.745200000000295,"failureMessages":[],"meta":{}},{"ancestorTitles":["Object Storage Components","Navigation"],"fullName":"Object Storage Components Navigation should navigate to create page from main component","status":"passed","title":"should navigate to create page from main component","duration":6.261300000000119,"failureMessages":[],"meta":{}},{"ancestorTitles":["Object Storage Components","Accessibility"],"fullName":"Object Storage Components Accessibility should have proper table structure","status":"passed","title":"should have proper table structure","duration":139.44530000000032,"failureMessages":[],"meta":{}},{"ancestorTitles":["Object Storage Components","Accessibility"],"fullName":"Object Storage Components Accessibility should have accessible button labels","status":"passed","title":"should have accessible button labels","duration":95.9979000000003,"failureMessages":[],"meta":{}},{"ancestorTitles":["Object Storage Components","Accessibility"],"fullName":"Object Storage Components Accessibility should have proper heading hierarchy","status":"passed","title":"should have proper heading hierarchy","duration":6.475699999999961,"failureMessages":[],"meta":{}},{"ancestorTitles":["Object Storage Components","Responsive Design"],"fullName":"Object Storage Components Responsive Design should render on mobile viewport","status":"passed","title":"should render on mobile viewport","duration":9.025800000000345,"failureMessages":[],"meta":{}},{"ancestorTitles":["Object Storage Components","Responsive Design"],"fullName":"Object Storage Components Responsive Design should render on tablet viewport","status":"passed","title":"should render on tablet viewport","duration":8.39599999999973,"failureMessages":[],"meta":{}},{"ancestorTitles":["Object Storage Components","Responsive Design"],"fullName":"Object Storage Components Responsive Design should render on desktop viewport","status":"passed","title":"should render on desktop viewport","duration":26.56420000000071,"failureMessages":[],"meta":{}}],"startTime":1771417097719,"endTime":1771417099206.5642,"status":"passed","message":"","name":"C:/Users/Pankaj Soni/Desktop/cloud-services/tests/components/object-storage.test.tsx"},{"assertionResults":[{"ancestorTitles":["Database Connection Strings","TC-DB-093: MySQL Connection String Format"],"fullName":"Database Connection Strings TC-DB-093: MySQL Connection String Format should generate valid MySQL connection string format","status":"passed","title":"should generate valid MySQL connection string format","duration":3.4195999999997184,"failureMessages":[],"meta":{}},{"ancestorTitles":["Database Connection Strings","TC-DB-093: MySQL Connection String Format"],"fullName":"Database Connection Strings TC-DB-093: MySQL Connection String Format should include SSL parameter in MySQL connection string","status":"passed","title":"should include SSL parameter in MySQL connection string","duration":0.7462999999997919,"failureMessages":[],"meta":{}},{"ancestorTitles":["Database Connection Strings","TC-DB-093: MySQL Connection String Format"],"fullName":"Database Connection Strings TC-DB-093: MySQL Connection String Format should handle special characters in password","status":"passed","title":"should handle special characters in password","duration":0.5077000000001135,"failureMessages":[],"meta":{}},{"ancestorTitles":["Database Connection Strings","TC-DB-093: MySQL Connection String Format"],"fullName":"Database Connection Strings TC-DB-093: MySQL Connection String Format should use default port 3306 if not specified","status":"passed","title":"should use default port 3306 if not specified","duration":0.29739999999992506,"failureMessages":[],"meta":{}},{"ancestorTitles":["Database Connection Strings","TC-DB-094: PostgreSQL Connection String Format"],"fullName":"Database Connection Strings TC-DB-094: PostgreSQL Connection String Format should generate valid PostgreSQL connection string format","status":"passed","title":"should generate valid PostgreSQL connection string format","duration":0.4940000000001419,"failureMessages":[],"meta":{}},{"ancestorTitles":["Database Connection Strings","TC-DB-094: PostgreSQL Connection String Format"],"fullName":"Database Connection Strings TC-DB-094: PostgreSQL Connection String Format should include sslmode=require in PostgreSQL connection string","status":"passed","title":"should include sslmode=require in PostgreSQL connection string","duration":0.3631000000000313,"failureMessages":[],"meta":{}},{"ancestorTitles":["Database Connection Strings","TC-DB-094: PostgreSQL Connection String Format"],"fullName":"Database Connection Strings TC-DB-094: PostgreSQL Connection String Format should support alternative PostgreSQL schemes","status":"passed","title":"should support alternative PostgreSQL schemes","duration":0.21609999999964202,"failureMessages":[],"meta":{}},{"ancestorTitles":["Database Connection Strings","TC-DB-094: PostgreSQL Connection String Format"],"fullName":"Database Connection Strings TC-DB-094: PostgreSQL Connection String Format should use default port 5432 if not specified","status":"passed","title":"should use default port 5432 if not specified","duration":0.24060000000008586,"failureMessages":[],"meta":{}},{"ancestorTitles":["Database Connection Strings","TC-DB-094: PostgreSQL Connection String Format"],"fullName":"Database Connection Strings TC-DB-094: PostgreSQL Connection String Format should handle multiple SSL options","status":"passed","title":"should handle multiple SSL options","duration":0.5778000000000247,"failureMessages":[],"meta":{}},{"ancestorTitles":["Database Connection Strings","TC-DB-095: MongoDB Connection String Format"],"fullName":"Database Connection Strings TC-DB-095: MongoDB Connection String Format should generate valid MongoDB connection string format","status":"passed","title":"should generate valid MongoDB connection string format","duration":0.6037000000001171,"failureMessages":[],"meta":{}},{"ancestorTitles":["Database Connection Strings","TC-DB-095: MongoDB Connection String Format"],"fullName":"Database Connection Strings TC-DB-095: MongoDB Connection String Format should include SSL parameter in MongoDB connection string","status":"passed","title":"should include SSL parameter in MongoDB connection string","duration":0.3251999999997679,"failureMessages":[],"meta":{}},{"ancestorTitles":["Database Connection Strings","TC-DB-095: MongoDB Connection String Format"],"fullName":"Database Connection Strings TC-DB-095: MongoDB Connection String Format should support MongoDB+SRV scheme for replica sets","status":"passed","title":"should support MongoDB+SRV scheme for replica sets","duration":0.3941999999997279,"failureMessages":[],"meta":{}},{"ancestorTitles":["Database Connection Strings","TC-DB-095: MongoDB Connection String Format"],"fullName":"Database Connection Strings TC-DB-095: MongoDB Connection String Format should handle authentication database parameter","status":"passed","title":"should handle authentication database parameter","duration":0.1774000000000342,"failureMessages":[],"meta":{}},{"ancestorTitles":["Database Connection Strings","TC-DB-095: MongoDB Connection String Format"],"fullName":"Database Connection Strings TC-DB-095: MongoDB Connection String Format should use default port 27017 if not specified","status":"passed","title":"should use default port 27017 if not specified","duration":0.16739999999981592,"failureMessages":[],"meta":{}},{"ancestorTitles":["Database Connection Strings","TC-DB-095: MongoDB Connection String Format"],"fullName":"Database Connection Strings TC-DB-095: MongoDB Connection String Format should support replica set connections","status":"passed","title":"should support replica set connections","duration":0.23340000000007421,"failureMessages":[],"meta":{}},{"ancestorTitles":["Database Connection Strings","TC-DB-096: Redis Connection String Format"],"fullName":"Database Connection Strings TC-DB-096: Redis Connection String Format should generate valid Redis connection string format","status":"passed","title":"should generate valid Redis connection string format","duration":0.33870000000024447,"failureMessages":[],"meta":{}},{"ancestorTitles":["Database Connection Strings","TC-DB-096: Redis Connection String Format"],"fullName":"Database Connection Strings TC-DB-096: Redis Connection String Format should use rediss:// scheme for SSL connections","status":"passed","title":"should use rediss:// scheme for SSL connections","duration":0.26299999999991996,"failureMessages":[],"meta":{}},{"ancestorTitles":["Database Connection Strings","TC-DB-096: Redis Connection String Format"],"fullName":"Database Connection Strings TC-DB-096: Redis Connection String Format should support database number parameter","status":"passed","title":"should support database number parameter","duration":0.25680000000011205,"failureMessages":[],"meta":{}},{"ancestorTitles":["Database Connection Strings","TC-DB-096: Redis Connection String Format"],"fullName":"Database Connection Strings TC-DB-096: Redis Connection String Format should use default port 6379 if not specified","status":"passed","title":"should use default port 6379 if not specified","duration":0.1509000000000924,"failureMessages":[],"meta":{}},{"ancestorTitles":["Database Connection Strings","TC-DB-096: Redis Connection String Format"],"fullName":"Database Connection Strings TC-DB-096: Redis Connection String Format should handle Redis without authentication","status":"passed","title":"should handle Redis without authentication","duration":0.19099999999980355,"failureMessages":[],"meta":{}},{"ancestorTitles":["Database Connection Strings","TC-DB-096: Redis Connection String Format"],"fullName":"Database Connection Strings TC-DB-096: Redis Connection String Format should support custom username (Redis 6+)","status":"passed","title":"should support custom username (Redis 6+)","duration":0.1694999999999709,"failureMessages":[],"meta":{}},{"ancestorTitles":["Database Connection Strings","Connection String Validation"],"fullName":"Database Connection Strings Connection String Validation should validate MySQL connection string format","status":"passed","title":"should validate MySQL connection string format","duration":0.337800000000243,"failureMessages":[],"meta":{}},{"ancestorTitles":["Database Connection Strings","Connection String Validation"],"fullName":"Database Connection Strings Connection String Validation should validate PostgreSQL connection string format","status":"passed","title":"should validate PostgreSQL connection string format","duration":0.332300000000032,"failureMessages":[],"meta":{}},{"ancestorTitles":["Database Connection Strings","Connection String Validation"],"fullName":"Database Connection Strings Connection String Validation should validate MongoDB connection string format","status":"passed","title":"should validate MongoDB connection string format","duration":0.36320000000023356,"failureMessages":[],"meta":{}},{"ancestorTitles":["Database Connection Strings","Connection String Validation"],"fullName":"Database Connection Strings Connection String Validation should validate Redis connection string format","status":"passed","title":"should validate Redis connection string format","duration":0.32199999999966167,"failureMessages":[],"meta":{}},{"ancestorTitles":["Database Connection Strings","Connection String Parsing"],"fullName":"Database Connection Strings Connection String Parsing should parse MySQL connection string","status":"passed","title":"should parse MySQL connection string","duration":1.0401999999999134,"failureMessages":[],"meta":{}},{"ancestorTitles":["Database Connection Strings","Connection String Parsing"],"fullName":"Database Connection Strings Connection String Parsing should parse PostgreSQL connection string with SSL","status":"passed","title":"should parse PostgreSQL connection string with SSL","duration":0.568199999999706,"failureMessages":[],"meta":{}},{"ancestorTitles":["Database Connection Strings","Connection String Parsing"],"fullName":"Database Connection Strings Connection String Parsing should parse MongoDB connection string","status":"passed","title":"should parse MongoDB connection string","duration":0.5271999999999935,"failureMessages":[],"meta":{}},{"ancestorTitles":["Database Connection Strings","Connection String Parsing"],"fullName":"Database Connection Strings Connection String Parsing should parse Redis connection string","status":"passed","title":"should parse Redis connection string","duration":0.4092000000000553,"failureMessages":[],"meta":{}},{"ancestorTitles":["Database Connection Strings","Password Security"],"fullName":"Database Connection Strings Password Security should URL encode special characters in passwords","status":"passed","title":"should URL encode special characters in passwords","duration":0.36620000000039,"failureMessages":[],"meta":{}},{"ancestorTitles":["Database Connection Strings","Password Security"],"fullName":"Database Connection Strings Password Security should mask passwords in connection strings for display","status":"passed","title":"should mask passwords in connection strings for display","duration":0.348700000000008,"failureMessages":[],"meta":{}},{"ancestorTitles":["Database Connection Strings","Password Security"],"fullName":"Database Connection Strings Password Security should extract password from connection string","status":"passed","title":"should extract password from connection string","duration":0.28159999999979846,"failureMessages":[],"meta":{}}],"startTime":1771417125068,"endTime":1771417125084.2815,"status":"passed","message":"","name":"C:/Users/Pankaj Soni/Desktop/cloud-services/tests/unit/connection-strings.test.ts"},{"assertionResults":[{"ancestorTitles":["config/pricing","getRatesForDatabase"],"fullName":"config/pricing getRatesForDatabase should return rates for a valid plan","status":"passed","title":"should return rates for a valid plan","duration":4.745899999999892,"failureMessages":[],"meta":{}},{"ancestorTitles":["config/pricing","getRatesForDatabase"],"fullName":"config/pricing getRatesForDatabase should return zero rates when product is null","status":"passed","title":"should return zero rates when product is null","duration":2.8391999999998916,"failureMessages":[],"meta":{}},{"ancestorTitles":["config/pricing","getRatesForDatabase"],"fullName":"config/pricing getRatesForDatabase should handle product with null price","status":"passed","title":"should handle product with null price","duration":1.457300000000032,"failureMessages":[],"meta":{}},{"ancestorTitles":["config/pricing","getRatesForKubernetesExisting"],"fullName":"config/pricing getRatesForKubernetesExisting should return rates for a valid Kubernetes plan","status":"passed","title":"should return rates for a valid Kubernetes plan","duration":3.7681000000002314,"failureMessages":[],"meta":{}},{"ancestorTitles":["config/pricing","getRatesForObjectStorage"],"fullName":"config/pricing getRatesForObjectStorage should return rates from first object-storage product","status":"passed","title":"should return rates from first object-storage product","duration":1.232300000000123,"failureMessages":[],"meta":{}},{"ancestorTitles":["config/pricing","getRatesForObjectStorage"],"fullName":"config/pricing getRatesForObjectStorage should return zero when no products exist","status":"passed","title":"should return zero when no products exist","duration":0.8336999999996806,"failureMessages":[],"meta":{}},{"ancestorTitles":["config/pricing","getRatesForSpectrum"],"fullName":"config/pricing getRatesForSpectrum should return rates from first network-ddos product","status":"passed","title":"should return rates from first network-ddos product","duration":0.9375999999997475,"failureMessages":[],"meta":{}},{"ancestorTitles":["config/pricing","getRatesForPlatformApp"],"fullName":"config/pricing getRatesForPlatformApp should return rates for small size","status":"passed","title":"should return rates for small size","duration":1.0533000000000357,"failureMessages":[],"meta":{}},{"ancestorTitles":["config/pricing","getRatesForPlatformApp"],"fullName":"config/pricing getRatesForPlatformApp should return rates for large size","status":"passed","title":"should return rates for large size","duration":1.6125999999999294,"failureMessages":[],"meta":{}},{"ancestorTitles":["config/pricing","getRatesForPlatformApp"],"fullName":"config/pricing getRatesForPlatformApp should handle missing product for size","status":"passed","title":"should handle missing product for size","duration":1.1057000000000698,"failureMessages":[],"meta":{}},{"ancestorTitles":["config/pricing","getAllPlatformAppRates"],"fullName":"config/pricing getAllPlatformAppRates should return rates for all sizes","status":"passed","title":"should return rates for all sizes","duration":1.5394000000001142,"failureMessages":[],"meta":{}},{"ancestorTitles":["config/pricing","getAllPlatformAppRates"],"fullName":"config/pricing getAllPlatformAppRates should handle empty products array","status":"passed","title":"should handle empty products array","duration":1.1206999999999425,"failureMessages":[],"meta":{}}],"startTime":1771417123765,"endTime":1771417123788.1206,"status":"passed","message":"","name":"C:/Users/Pankaj Soni/Desktop/cloud-services/tests/unit/pricing.test.ts"},{"assertionResults":[{"ancestorTitles":["rate-limit","rateLimit.check"],"fullName":"rate-limit rateLimit.check should allow requests within limit","status":"passed","title":"should allow requests within limit","duration":7.163900000000012,"failureMessages":[],"meta":{}},{"ancestorTitles":["rate-limit","rateLimit.check"],"fullName":"rate-limit rateLimit.check should allow multiple requests up to limit","status":"passed","title":"should allow multiple requests up to limit","duration":4.73739999999998,"failureMessages":[],"meta":{}},{"ancestorTitles":["rate-limit","rateLimit.check"],"fullName":"rate-limit rateLimit.check should throw after limit exceeded","status":"passed","title":"should throw after limit exceeded","duration":2.2391999999999825,"failureMessages":[],"meta":{}},{"ancestorTitles":["rate-limit","rateLimit.check"],"fullName":"rate-limit rateLimit.check should track different IPs separately","status":"passed","title":"should track different IPs separately","duration":1.6697999999996682,"failureMessages":[],"meta":{}},{"ancestorTitles":["rate-limit","rateLimit.check"],"fullName":"rate-limit rateLimit.check should use custom token when provided","status":"passed","title":"should use custom token when provided","duration":1.1876999999999498,"failureMessages":[],"meta":{}},{"ancestorTitles":["rate-limit","rateLimit.check"],"fullName":"rate-limit rateLimit.check should default limit to 5 when not specified","status":"passed","title":"should default limit to 5 when not specified","duration":1.211399999999685,"failureMessages":[],"meta":{}},{"ancestorTitles":["rate-limit","IP extraction"],"fullName":"rate-limit IP extraction should prefer x-forwarded-for header","status":"passed","title":"should prefer x-forwarded-for header","duration":0.878400000000056,"failureMessages":[],"meta":{}},{"ancestorTitles":["rate-limit","IP extraction"],"fullName":"rate-limit IP extraction should fall back to x-real-ip","status":"passed","title":"should fall back to x-real-ip","duration":1.2132000000001426,"failureMessages":[],"meta":{}},{"ancestorTitles":["rate-limit","IP extraction"],"fullName":"rate-limit IP extraction should use anonymous when no IP headers","status":"passed","title":"should use anonymous when no IP headers","duration":0.9675999999999476,"failureMessages":[],"meta":{}},{"ancestorTitles":["rate-limit","clearRateLimits"],"fullName":"rate-limit clearRateLimits should clear all stored limits","status":"passed","title":"should clear all stored limits","duration":0.8537000000001171,"failureMessages":[],"meta":{}},{"ancestorTitles":["rate-limit","Interval-based key rotation"],"fullName":"rate-limit Interval-based key rotation should reset counts in a new interval window","status":"passed","title":"should reset counts in a new interval window","duration":159.75509999999986,"failureMessages":[],"meta":{}},{"ancestorTitles":["rate-limit","Multiple limiter instances"],"fullName":"rate-limit Multiple limiter instances should share the same underlying store","status":"passed","title":"should share the same underlying store","duration":3.01279999999997,"failureMessages":[],"meta":{}}],"startTime":1771417099664,"endTime":1771417099850.0127,"status":"passed","message":"","name":"C:/Users/Pankaj Soni/Desktop/cloud-services/tests/unit/rate-limit.test.ts"},{"assertionResults":[{"ancestorTitles":["AppCard Component","Rendering Tests"],"fullName":"AppCard Component Rendering Tests TC-PA-C030: should render app card with correct data","status":"passed","title":"TC-PA-C030: should render app card with correct data","duration":136.57150000000001,"failureMessages":[],"meta":{}},{"ancestorTitles":["AppCard Component","Rendering Tests"],"fullName":"AppCard Component Rendering Tests should display app URL as link","status":"passed","title":"should display app URL as link","duration":402.6023,"failureMessages":[],"meta":{}},{"ancestorTitles":["AppCard Component","Rendering Tests"],"fullName":"AppCard Component Rendering Tests should display branch name","status":"skipped","title":"should display branch name","failureMessages":[],"meta":{}},{"ancestorTitles":["AppCard Component","Rendering Tests"],"fullName":"AppCard Component Rendering Tests should display framework info","status":"skipped","title":"should display framework info","failureMessages":[],"meta":{}},{"ancestorTitles":["AppCard Component","Rendering Tests"],"fullName":"AppCard Component Rendering Tests should display size info","status":"skipped","title":"should display size info","failureMessages":[],"meta":{}},{"ancestorTitles":["AppCard Component","Status Badge Tests"],"fullName":"AppCard Component Status Badge Tests TC-PA-C031: should show running status badge","status":"passed","title":"TC-PA-C031: should show running status badge","duration":18.954999999999927,"failureMessages":[],"meta":{}},{"ancestorTitles":["AppCard Component","Status Badge Tests"],"fullName":"AppCard Component Status Badge Tests TC-PA-C032: should show building status with spinner","status":"passed","title":"TC-PA-C032: should show building status with spinner","duration":18.168100000000322,"failureMessages":[],"meta":{}},{"ancestorTitles":["AppCard Component","Status Badge Tests"],"fullName":"AppCard Component Status Badge Tests TC-PA-C033: should show failed status","status":"passed","title":"TC-PA-C033: should show failed status","duration":22.34830000000011,"failureMessages":[],"meta":{}},{"ancestorTitles":["AppCard Component","Status Badge Tests"],"fullName":"AppCard Component Status Badge Tests should show deleting status with spinner","status":"passed","title":"should show deleting status with spinner","duration":13.223599999999806,"failureMessages":[],"meta":{}},{"ancestorTitles":["AppCard Component","Status Badge Tests"],"fullName":"AppCard Component Status Badge Tests should show pending status as default","status":"passed","title":"should show pending status as default","duration":17.679499999999734,"failureMessages":[],"meta":{}},{"ancestorTitles":["AppCard Component","Status Badge Tests"],"fullName":"AppCard Component Status Badge Tests TC-PA-C034: should prioritize build.building over app status","status":"passed","title":"TC-PA-C034: should prioritize build.building over app status","duration":15.310300000000097,"failureMessages":[],"meta":{}},{"ancestorTitles":["AppCard Component","Build Info Display Tests"],"fullName":"AppCard Component Build Info Display Tests TC-PA-C035: should display build number","status":"passed","title":"TC-PA-C035: should display build number","duration":21.361399999999776,"failureMessages":[],"meta":{}},{"ancestorTitles":["AppCard Component","Build Info Display Tests"],"fullName":"AppCard Component Build Info Display Tests TC-PA-C036: should display build progress when building","status":"passed","title":"TC-PA-C036: should display build progress when building","duration":15.769600000000082,"failureMessages":[],"meta":{}},{"ancestorTitles":["AppCard Component","Build Info Display Tests"],"fullName":"AppCard Component Build Info Display Tests should display build timestamp","status":"passed","title":"should display build timestamp","duration":8.629999999999654,"failureMessages":[],"meta":{}},{"ancestorTitles":["AppCard Component","Interaction Tests"],"fullName":"AppCard Component Interaction Tests TC-PA-C037: should call onDelete when delete button clicked","status":"passed","title":"TC-PA-C037: should call onDelete when delete button clicked","duration":217.25959999999986,"failureMessages":[],"meta":{}},{"ancestorTitles":["AppCard Component","Interaction Tests"],"fullName":"AppCard Component Interaction Tests TC-PA-C038: should call onToggleLogs when logs button clicked","status":"passed","title":"TC-PA-C038: should call onToggleLogs when logs button clicked","duration":231.79759999999987,"failureMessages":[],"meta":{}},{"ancestorTitles":["AppCard Component","Interaction Tests"],"fullName":"AppCard Component Interaction Tests TC-PA-C039: should disable delete button when deleting","status":"passed","title":"TC-PA-C039: should disable delete button when deleting","duration":143.48329999999987,"failureMessages":[],"meta":{}},{"ancestorTitles":["AppCard Component","Logs Display Tests"],"fullName":"AppCard Component Logs Display Tests TC-PA-C040: should show logs when expanded","status":"passed","title":"TC-PA-C040: should show logs when expanded","duration":28.46080000000029,"failureMessages":[],"meta":{}},{"ancestorTitles":["AppCard Component","Logs Display Tests"],"fullName":"AppCard Component Logs Display Tests TC-PA-C041: should hide logs when collapsed","status":"passed","title":"TC-PA-C041: should hide logs when collapsed","duration":25.601000000000568,"failureMessages":[],"meta":{}},{"ancestorTitles":["AppCard Component","Logs Display Tests"],"fullName":"AppCard Component Logs Display Tests TC-PA-C042: should call onFetchLogs with build number","status":"passed","title":"TC-PA-C042: should call onFetchLogs with build number","duration":205.72040000000015,"failureMessages":[],"meta":{}},{"ancestorTitles":["AppCard Component","Metrics Display Tests"],"fullName":"AppCard Component Metrics Display Tests TC-PA-C043: should display CPU metrics when provided","status":"passed","title":"TC-PA-C043: should display CPU metrics when provided","duration":15.48359999999957,"failureMessages":[],"meta":{}},{"ancestorTitles":["AppCard Component","Metrics Display Tests"],"fullName":"AppCard Component Metrics Display Tests TC-PA-C044: should display memory metrics when provided","status":"passed","title":"TC-PA-C044: should display memory metrics when provided","duration":12.743500000000495,"failureMessages":[],"meta":{}},{"ancestorTitles":["AppCard Component","Metrics Display Tests"],"fullName":"AppCard Component Metrics Display Tests TC-PA-C045: should show loading state for metrics","status":"passed","title":"TC-PA-C045: should show loading state for metrics","duration":18.901499999999942,"failureMessages":[],"meta":{}},{"ancestorTitles":["AppCard Component","Health Display Tests"],"fullName":"AppCard Component Health Display Tests TC-PA-C046: should display healthy status","status":"passed","title":"TC-PA-C046: should display healthy status","duration":32.42020000000048,"failureMessages":[],"meta":{}},{"ancestorTitles":["AppCard Component","Health Display Tests"],"fullName":"AppCard Component Health Display Tests TC-PA-C047: should display unhealthy status","status":"passed","title":"TC-PA-C047: should display unhealthy status","duration":20.922700000000077,"failureMessages":[],"meta":{}},{"ancestorTitles":["AppCard Component","Health Display Tests"],"fullName":"AppCard Component Health Display Tests should display degraded status","status":"passed","title":"should display degraded status","duration":15.074900000000525,"failureMessages":[],"meta":{}},{"ancestorTitles":["AppCard Component","Link Navigation Tests"],"fullName":"AppCard Component Link Navigation Tests TC-PA-C048: should have link to app details page","status":"passed","title":"TC-PA-C048: should have link to app details page","duration":19.314300000000003,"failureMessages":[],"meta":{}},{"ancestorTitles":["AppCard Component","Link Navigation Tests"],"fullName":"AppCard Component Link Navigation Tests TC-PA-C049: should have external link to app URL","status":"passed","title":"TC-PA-C049: should have external link to app URL","duration":17.29950000000008,"failureMessages":[],"meta":{}},{"ancestorTitles":["AppCard Component","Copy URL Tests"],"fullName":"AppCard Component Copy URL Tests should copy URL to clipboard when copy button clicked","status":"passed","title":"should copy URL to clipboard when copy button clicked","duration":157.60249999999996,"failureMessages":[],"meta":{}}],"startTime":1771417091304,"endTime":1771417093158.6025,"status":"passed","message":"","name":"C:/Users/Pankaj Soni/Desktop/cloud-services/tests/components/apps/app-card.test.tsx"},{"assertionResults":[{"ancestorTitles":["AppCreateForm"],"fullName":"AppCreateForm TC-PA-C001: should render initial step","status":"passed","title":"TC-PA-C001: should render initial step","duration":59.86999999999989,"failureMessages":[],"meta":{}},{"ancestorTitles":["AppCreateForm"],"fullName":"AppCreateForm TC-PA-C002: should show git provider selection","status":"passed","title":"TC-PA-C002: should show git provider selection","duration":7.786099999999806,"failureMessages":[],"meta":{}},{"ancestorTitles":["AppCreateForm"],"fullName":"AppCreateForm TC-PA-C003: should navigate to step 2","status":"passed","title":"TC-PA-C003: should navigate to step 2","duration":398.0305999999996,"failureMessages":[],"meta":{}},{"ancestorTitles":["AppCreateForm"],"fullName":"AppCreateForm TC-PA-C004: should accept repository input","status":"passed","title":"TC-PA-C004: should accept repository input","duration":400.4076,"failureMessages":[],"meta":{}},{"ancestorTitles":["AppCreateForm"],"fullName":"AppCreateForm TC-PA-C005: should navigate to step 3","status":"passed","title":"TC-PA-C005: should navigate to step 3","duration":569.9043000000001,"failureMessages":[],"meta":{}},{"ancestorTitles":["AppCreateForm"],"fullName":"AppCreateForm TC-PA-C006: should select framework","status":"passed","title":"TC-PA-C006: should select framework","duration":627.8423999999995,"failureMessages":[],"meta":{}},{"ancestorTitles":["AppCreateForm"],"fullName":"AppCreateForm TC-PA-C007: should navigate to step 4","status":"passed","title":"TC-PA-C007: should navigate to step 4","duration":696.8154000000004,"failureMessages":[],"meta":{}},{"ancestorTitles":["AppCreateForm"],"fullName":"AppCreateForm TC-PA-C008: should call onSuccess on deploy","status":"passed","title":"TC-PA-C008: should call onSuccess on deploy","duration":730.8344000000006,"failureMessages":[],"meta":{}}],"startTime":1771417089240,"endTime":1771417092731.8345,"status":"passed","message":"","name":"C:/Users/Pankaj Soni/Desktop/cloud-services/tests/components/apps/app-create-form.test.tsx"},{"assertionResults":[{"ancestorTitles":["AppsList Component","Rendering Tests"],"fullName":"AppsList Component Rendering Tests TC-PA-C050: should render apps list correctly","status":"passed","title":"TC-PA-C050: should render apps list correctly","duration":219.48289999999997,"failureMessages":[],"meta":{}},{"ancestorTitles":["AppsList Component","Rendering Tests"],"fullName":"AppsList Component Rendering Tests TC-PA-C051: should show loading state","status":"passed","title":"TC-PA-C051: should show loading state","duration":7.984699999999975,"failureMessages":[],"meta":{}},{"ancestorTitles":["AppsList Component","Rendering Tests"],"fullName":"AppsList Component Rendering Tests TC-PA-C052: should show empty state when no apps","status":"passed","title":"TC-PA-C052: should show empty state when no apps","duration":14.616599999999835,"failureMessages":[],"meta":{}},{"ancestorTitles":["AppsList Component","Rendering Tests"],"fullName":"AppsList Component Rendering Tests should display singular \"app\" when only one app","status":"passed","title":"should display singular \"app\" when only one app","duration":28.056500000000142,"failureMessages":[],"meta":{}},{"ancestorTitles":["AppsList Component","Rendering Tests"],"fullName":"AppsList Component Rendering Tests should render AppCard for each app","status":"passed","title":"should render AppCard for each app","duration":72.77880000000005,"failureMessages":[],"meta":{}},{"ancestorTitles":["AppsList Component","Search/Filter Tests"],"fullName":"AppsList Component Search/Filter Tests TC-PA-C053: should filter apps by search term","status":"passed","title":"TC-PA-C053: should filter apps by search term","duration":476.08500000000004,"failureMessages":[],"meta":{}},{"ancestorTitles":["AppsList Component","Search/Filter Tests"],"fullName":"AppsList Component Search/Filter Tests should show filter count","status":"passed","title":"should show filter count","duration":374.5010000000002,"failureMessages":[],"meta":{}},{"ancestorTitles":["AppsList Component","Search/Filter Tests"],"fullName":"AppsList Component Search/Filter Tests should be case-insensitive search","status":"passed","title":"should be case-insensitive search","duration":212.66979999999967,"failureMessages":[],"meta":{}},{"ancestorTitles":["AppsList Component","Search/Filter Tests"],"fullName":"AppsList Component Search/Filter Tests should show all apps when search is cleared","status":"passed","title":"should show all apps when search is cleared","duration":283.40860000000066,"failureMessages":[],"meta":{}},{"ancestorTitles":["AppsList Component","Status Display Tests"],"fullName":"AppsList Component Status Display Tests TC-PA-C054: should display running status with correct styling","status":"passed","title":"TC-PA-C054: should display running status with correct styling","duration":19.103799999999865,"failureMessages":[],"meta":{}},{"ancestorTitles":["AppsList Component","Status Display Tests"],"fullName":"AppsList Component Status Display Tests TC-PA-C055: should display building status with spinner","status":"passed","title":"TC-PA-C055: should display building status with spinner","duration":17.47739999999976,"failureMessages":[],"meta":{}},{"ancestorTitles":["AppsList Component","Status Display Tests"],"fullName":"AppsList Component Status Display Tests TC-PA-C056: should display failed status","status":"passed","title":"TC-PA-C056: should display failed status","duration":16.842500000000655,"failureMessages":[],"meta":{}},{"ancestorTitles":["AppsList Component","Status Display Tests"],"fullName":"AppsList Component Status Display Tests should display deleting status","status":"passed","title":"should display deleting status","duration":18.931899999999587,"failureMessages":[],"meta":{}},{"ancestorTitles":["AppsList Component","Delete Flow Tests"],"fullName":"AppsList Component Delete Flow Tests TC-PA-C057: should open delete modal on delete click","status":"passed","title":"TC-PA-C057: should open delete modal on delete click","duration":478.95270000000073,"failureMessages":[],"meta":{}},{"ancestorTitles":["AppsList Component","Delete Flow Tests"],"fullName":"AppsList Component Delete Flow Tests TC-PA-C058: should call onUpdateApps with deleting status","status":"passed","title":"TC-PA-C058: should call onUpdateApps with deleting status","duration":18.24369999999999,"failureMessages":[],"meta":{}},{"ancestorTitles":["AppsList Component","Build Info Tests"],"fullName":"AppsList Component Build Info Tests TC-PA-C059: should display build information","status":"passed","title":"TC-PA-C059: should display build information","duration":31.805900000000292,"failureMessages":[],"meta":{}},{"ancestorTitles":["AppsList Component","Build Info Tests"],"fullName":"AppsList Component Build Info Tests should handle missing build info gracefully","status":"passed","title":"should handle missing build info gracefully","duration":20.08850000000075,"failureMessages":[],"meta":{}},{"ancestorTitles":["AppsList Component","Logs Expansion Tests"],"fullName":"AppsList Component Logs Expansion Tests TC-PA-C060: should call onFetchLogs when expanding logs","status":"passed","title":"TC-PA-C060: should call onFetchLogs when expanding logs","duration":339.98109999999997,"failureMessages":[],"meta":{}},{"ancestorTitles":["AppsList Component","Logs Expansion Tests"],"fullName":"AppsList Component Logs Expansion Tests should toggle logs expansion state","status":"passed","title":"should toggle logs expansion state","duration":22.53139999999985,"failureMessages":[],"meta":{}},{"ancestorTitles":["AppsList Component","Metrics Display Tests"],"fullName":"AppsList Component Metrics Display Tests should fetch metrics for running apps only","status":"passed","title":"should fetch metrics for running apps only","duration":84.7525999999998,"failureMessages":[],"meta":{}},{"ancestorTitles":["AppsList Component","Scrollable List Tests"],"fullName":"AppsList Component Scrollable List Tests should have scrollable container for many apps","status":"passed","title":"should have scrollable container for many apps","duration":284.1217000000006,"failureMessages":[],"meta":{}}],"startTime":1771417090461,"endTime":1771417093505.1216,"status":"passed","message":"","name":"C:/Users/Pankaj Soni/Desktop/cloud-services/tests/components/apps/apps-list.test.tsx"},{"assertionResults":[{"ancestorTitles":["CustomDomainsManager"],"fullName":"CustomDomainsManager TC-PA-C130: should render domains manager","status":"passed","title":"TC-PA-C130: should render domains manager","duration":42.06240000000025,"failureMessages":[],"meta":{}},{"ancestorTitles":["CustomDomainsManager"],"fullName":"CustomDomainsManager TC-PA-C131: should display domain list","status":"passed","title":"TC-PA-C131: should display domain list","duration":7.955500000000029,"failureMessages":[],"meta":{}},{"ancestorTitles":["CustomDomainsManager"],"fullName":"CustomDomainsManager TC-PA-C132: should show add domain button","status":"passed","title":"TC-PA-C132: should show add domain button","duration":5.284899999999652,"failureMessages":[],"meta":{}},{"ancestorTitles":["CustomDomainsManager"],"fullName":"CustomDomainsManager TC-PA-C133: should display domain items","status":"passed","title":"TC-PA-C133: should display domain items","duration":11.92619999999988,"failureMessages":[],"meta":{}},{"ancestorTitles":["CustomDomainsManager"],"fullName":"CustomDomainsManager TC-PA-C134: should show domain status","status":"passed","title":"TC-PA-C134: should show domain status","duration":6.21349999999984,"failureMessages":[],"meta":{}},{"ancestorTitles":["CustomDomainsManager"],"fullName":"CustomDomainsManager TC-PA-C135: should show primary badge","status":"passed","title":"TC-PA-C135: should show primary badge","duration":7.6568999999999505,"failureMessages":[],"meta":{}}],"startTime":1771417105050,"endTime":1771417105131.657,"status":"passed","message":"","name":"C:/Users/Pankaj Soni/Desktop/cloud-services/tests/components/apps/custom-domains-manager.test.tsx"},{"assertionResults":[{"ancestorTitles":["DeleteAppModal Component","Rendering Tests"],"fullName":"DeleteAppModal Component Rendering Tests TC-PA-C140: should render modal when open","status":"passed","title":"TC-PA-C140: should render modal when open","duration":406.8878999999997,"failureMessages":[],"meta":{}},{"ancestorTitles":["DeleteAppModal Component","Rendering Tests"],"fullName":"DeleteAppModal Component Rendering Tests TC-PA-C141: should not render when closed","status":"passed","title":"TC-PA-C141: should not render when closed","duration":6.331700000000183,"failureMessages":[],"meta":{}},{"ancestorTitles":["DeleteAppModal Component","Rendering Tests"],"fullName":"DeleteAppModal Component Rendering Tests should display app name in confirmation","status":"passed","title":"should display app name in confirmation","duration":105.9371000000001,"failureMessages":[],"meta":{}},{"ancestorTitles":["DeleteAppModal Component","Rendering Tests"],"fullName":"DeleteAppModal Component Rendering Tests should display warning about permanent deletion","status":"passed","title":"should display warning about permanent deletion","duration":79.83419999999978,"failureMessages":[],"meta":{}},{"ancestorTitles":["DeleteAppModal Component","Rendering Tests"],"fullName":"DeleteAppModal Component Rendering Tests should list resources to be deleted","status":"passed","title":"should list resources to be deleted","duration":95.99490000000014,"failureMessages":[],"meta":{}},{"ancestorTitles":["DeleteAppModal Component","Button State Tests"],"fullName":"DeleteAppModal Component Button State Tests TC-PA-C072: should show Cancel and Delete buttons","status":"passed","title":"TC-PA-C072: should show Cancel and Delete buttons","duration":258.39480000000003,"failureMessages":[],"meta":{}},{"ancestorTitles":["DeleteAppModal Component","Button State Tests"],"fullName":"DeleteAppModal Component Button State Tests TC-PA-C073: should disable buttons during deletion","status":"passed","title":"TC-PA-C073: should disable buttons during deletion","duration":203.13419999999996,"failureMessages":[],"meta":{}},{"ancestorTitles":["DeleteAppModal Component","Interaction Tests"],"fullName":"DeleteAppModal Component Interaction Tests TC-PA-C074: should call onOpenChange when Cancel clicked","status":"passed","title":"TC-PA-C074: should call onOpenChange when Cancel clicked","duration":165.23829999999998,"failureMessages":[],"meta":{}},{"ancestorTitles":["DeleteAppModal Component","Interaction Tests"],"fullName":"DeleteAppModal Component Interaction Tests TC-PA-C075: should call onDeleteStart when Delete clicked","status":"passed","title":"TC-PA-C075: should call onDeleteStart when Delete clicked","duration":152.54359999999997,"failureMessages":[],"meta":{}},{"ancestorTitles":["DeleteAppModal Component","API Call Tests"],"fullName":"DeleteAppModal Component API Call Tests TC-PA-C076: should call delete API with correct payload","status":"passed","title":"TC-PA-C076: should call delete API with correct payload","duration":213.59529999999995,"failureMessages":[],"meta":{}},{"ancestorTitles":["DeleteAppModal Component","API Call Tests"],"fullName":"DeleteAppModal Component API Call Tests TC-PA-C077: should call onDeleteSuccess on successful delete","status":"passed","title":"TC-PA-C077: should call onDeleteSuccess on successful delete","duration":181.59119999999984,"failureMessages":[],"meta":{}},{"ancestorTitles":["DeleteAppModal Component","API Call Tests"],"fullName":"DeleteAppModal Component API Call Tests TC-PA-C078: should call onDeleteError on failed delete","status":"passed","title":"TC-PA-C078: should call onDeleteError on failed delete","duration":186.20720000000074,"failureMessages":[],"meta":{}},{"ancestorTitles":["DeleteAppModal Component","API Call Tests"],"fullName":"DeleteAppModal Component API Call Tests TC-PA-C079: should handle network errors","status":"passed","title":"TC-PA-C079: should handle network errors","duration":183.9493999999995,"failureMessages":[],"meta":{}},{"ancestorTitles":["DeleteAppModal Component","Toast Notification Tests"],"fullName":"DeleteAppModal Component Toast Notification Tests TC-PA-C080: should show info toast when deletion starts","status":"passed","title":"TC-PA-C080: should show info toast when deletion starts","duration":134.5600999999997,"failureMessages":[],"meta":{}},{"ancestorTitles":["DeleteAppModal Component","Toast Notification Tests"],"fullName":"DeleteAppModal Component Toast Notification Tests TC-PA-C081: should show success toast on successful delete","status":"passed","title":"TC-PA-C081: should show success toast on successful delete","duration":178.89879999999994,"failureMessages":[],"meta":{}},{"ancestorTitles":["DeleteAppModal Component","Toast Notification Tests"],"fullName":"DeleteAppModal Component Toast Notification Tests TC-PA-C082: should show error toast on failed delete","status":"passed","title":"TC-PA-C082: should show error toast on failed delete","duration":142.4297999999999,"failureMessages":[],"meta":{}},{"ancestorTitles":["DeleteAppModal Component","Edge Cases"],"fullName":"DeleteAppModal Component Edge Cases TC-PA-C083: should handle null appId","status":"passed","title":"TC-PA-C083: should handle null appId","duration":159.04100000000017,"failureMessages":[],"meta":{}},{"ancestorTitles":["DeleteAppModal Component","Edge Cases"],"fullName":"DeleteAppModal Component Edge Cases TC-PA-C084: should handle null appName","status":"passed","title":"TC-PA-C084: should handle null appName","duration":55.72159999999985,"failureMessages":[],"meta":{}},{"ancestorTitles":["DeleteAppModal Component","Edge Cases"],"fullName":"DeleteAppModal Component Edge Cases TC-PA-C085: should reset state when modal reopens","status":"passed","title":"TC-PA-C085: should reset state when modal reopens","duration":96.49279999999999,"failureMessages":[],"meta":{}},{"ancestorTitles":["DeleteAppModal Component","Edge Cases"],"fullName":"DeleteAppModal Component Edge Cases TC-PA-C086: should reset state when appId changes","status":"passed","title":"TC-PA-C086: should reset state when appId changes","duration":105.43299999999999,"failureMessages":[],"meta":{}},{"ancestorTitles":["DeleteAppModal Component","Accessibility Tests"],"fullName":"DeleteAppModal Component Accessibility Tests TC-PA-C087: should have proper dialog role","status":"passed","title":"TC-PA-C087: should have proper dialog role","duration":53.6871000000001,"failureMessages":[],"meta":{}},{"ancestorTitles":["DeleteAppModal Component","Accessibility Tests"],"fullName":"DeleteAppModal Component Accessibility Tests TC-PA-C088: should have proper heading","status":"passed","title":"TC-PA-C088: should have proper heading","duration":94.13829999999962,"failureMessages":[],"meta":{}},{"ancestorTitles":["DeleteAppModal Component","Accessibility Tests"],"fullName":"DeleteAppModal Component Accessibility Tests should focus cancel button by default","status":"passed","title":"should focus cancel button by default","duration":96.95679999999993,"failureMessages":[],"meta":{}}],"startTime":1771417089645,"endTime":1771417093003.9568,"status":"passed","message":"","name":"C:/Users/Pankaj Soni/Desktop/cloud-services/tests/components/apps/delete-app-modal.test.tsx"},{"assertionResults":[{"ancestorTitles":["EnvVarsEditor Component","Rendering Tests"],"fullName":"EnvVarsEditor Component Rendering Tests TC-PA-C090: should render empty state","status":"passed","title":"TC-PA-C090: should render empty state","duration":231.48340000000007,"failureMessages":[],"meta":{}},{"ancestorTitles":["EnvVarsEditor Component","Rendering Tests"],"fullName":"EnvVarsEditor Component Rendering Tests TC-PA-C091: should render existing env vars","status":"passed","title":"TC-PA-C091: should render existing env vars","duration":85.34680000000026,"failureMessages":[],"meta":{}},{"ancestorTitles":["EnvVarsEditor Component","Rendering Tests"],"fullName":"EnvVarsEditor Component Rendering Tests TC-PA-C092: should mask values by default","status":"passed","title":"TC-PA-C092: should mask values by default","duration":82.06280000000015,"failureMessages":[],"meta":{}},{"ancestorTitles":["EnvVarsEditor Component","Rendering Tests"],"fullName":"EnvVarsEditor Component Rendering Tests TC-PA-C093: should show value when visibility toggled","status":"passed","title":"TC-PA-C093: should show value when visibility toggled","duration":212.60410000000002,"failureMessages":[],"meta":{}},{"ancestorTitles":["EnvVarsEditor Component","Add Variable Tests"],"fullName":"EnvVarsEditor Component Add Variable Tests TC-PA-C094: should add new variable on button click","status":"passed","title":"TC-PA-C094: should add new variable on button click","duration":173.59789999999975,"failureMessages":[],"meta":{}},{"ancestorTitles":["EnvVarsEditor Component","Add Variable Tests"],"fullName":"EnvVarsEditor Component Add Variable Tests TC-PA-C095: should add to existing variables","status":"passed","title":"TC-PA-C095: should add to existing variables","duration":177.76850000000013,"failureMessages":[],"meta":{}},{"ancestorTitles":["EnvVarsEditor Component","Remove Variable Tests"],"fullName":"EnvVarsEditor Component Remove Variable Tests TC-PA-C096: should remove variable on delete click","status":"skipped","title":"TC-PA-C096: should remove variable on delete click","failureMessages":[],"meta":{}},{"ancestorTitles":["EnvVarsEditor Component","Remove Variable Tests"],"fullName":"EnvVarsEditor Component Remove Variable Tests TC-PA-C097: should clear all variables","status":"passed","title":"TC-PA-C097: should clear all variables","duration":212.57749999999987,"failureMessages":[],"meta":{}},{"ancestorTitles":["EnvVarsEditor Component","Update Variable Tests"],"fullName":"EnvVarsEditor Component Update Variable Tests TC-PA-C098: should update key on input change","status":"passed","title":"TC-PA-C098: should update key on input change","duration":212.13850000000002,"failureMessages":[],"meta":{}},{"ancestorTitles":["EnvVarsEditor Component","Update Variable Tests"],"fullName":"EnvVarsEditor Component Update Variable Tests TC-PA-C099: should update value on input change","status":"passed","title":"TC-PA-C099: should update value on input change","duration":271.6325999999999,"failureMessages":[],"meta":{}},{"ancestorTitles":["EnvVarsEditor Component","Validation Tests"],"fullName":"EnvVarsEditor Component Validation Tests TC-PA-C100: should show error for invalid key format","status":"passed","title":"TC-PA-C100: should show error for invalid key format","duration":39.66940000000068,"failureMessages":[],"meta":{}},{"ancestorTitles":["EnvVarsEditor Component","Validation Tests"],"fullName":"EnvVarsEditor Component Validation Tests TC-PA-C101: should show error for duplicate keys","status":"skipped","title":"TC-PA-C101: should show error for duplicate keys","failureMessages":[],"meta":{}},{"ancestorTitles":["EnvVarsEditor Component","Validation Tests"],"fullName":"EnvVarsEditor Component Validation Tests TC-PA-C102: should accept valid key formats","status":"passed","title":"TC-PA-C102: should accept valid key formats","duration":50.44120000000021,"failureMessages":[],"meta":{}},{"ancestorTitles":["EnvVarsEditor Component","Paste Handling Tests"],"fullName":"EnvVarsEditor Component Paste Handling Tests TC-PA-C103: should parse KEY=VALUE on paste","status":"skipped","title":"TC-PA-C103: should parse KEY=VALUE on paste","failureMessages":[],"meta":{}},{"ancestorTitles":["EnvVarsEditor Component","Paste Handling Tests"],"fullName":"EnvVarsEditor Component Paste Handling Tests TC-PA-C104: should import multiple env vars from paste","status":"skipped","title":"TC-PA-C104: should import multiple env vars from paste","failureMessages":[],"meta":{}},{"ancestorTitles":["EnvVarsEditor Component","Paste Handling Tests"],"fullName":"EnvVarsEditor Component Paste Handling Tests TC-PA-C105: should strip quotes from pasted values","status":"skipped","title":"TC-PA-C105: should strip quotes from pasted values","failureMessages":[],"meta":{}},{"ancestorTitles":["EnvVarsEditor Component","Bulk Mode Tests"],"fullName":"EnvVarsEditor Component Bulk Mode Tests TC-PA-C106: should switch to bulk input mode","status":"passed","title":"TC-PA-C106: should switch to bulk input mode","duration":45.3065000000006,"failureMessages":[],"meta":{}},{"ancestorTitles":["EnvVarsEditor Component","Bulk Mode Tests"],"fullName":"EnvVarsEditor Component Bulk Mode Tests TC-PA-C107: should apply bulk variables","status":"passed","title":"TC-PA-C107: should apply bulk variables","duration":38.870199999999386,"failureMessages":[],"meta":{}},{"ancestorTitles":["EnvVarsEditor Component","Bulk Mode Tests"],"fullName":"EnvVarsEditor Component Bulk Mode Tests TC-PA-C108: should show error for invalid bulk content","status":"passed","title":"TC-PA-C108: should show error for invalid bulk content","duration":47.40440000000035,"failureMessages":[],"meta":{}},{"ancestorTitles":["EnvVarsEditor Component","Drag and Drop Tests"],"fullName":"EnvVarsEditor Component Drag and Drop Tests TC-PA-C109: should reorder variables by drag","status":"passed","title":"TC-PA-C109: should reorder variables by drag","duration":50.324900000000525,"failureMessages":[],"meta":{}},{"ancestorTitles":["EnvVarsEditor Component","File Drop Tests"],"fullName":"EnvVarsEditor Component File Drop Tests TC-PA-C110: should accept .env file drop","status":"passed","title":"TC-PA-C110: should accept .env file drop","duration":112.4412999999995,"failureMessages":[],"meta":{}},{"ancestorTitles":["EnvVarsEditor Component","File Drop Tests"],"fullName":"EnvVarsEditor Component File Drop Tests TC-PA-C111: should show drop zone overlay on drag","status":"passed","title":"TC-PA-C111: should show drop zone overlay on drag","duration":45.656200000000354,"failureMessages":[],"meta":{}},{"ancestorTitles":["EnvVarsEditor Component","File Drop Tests"],"fullName":"EnvVarsEditor Component File Drop Tests TC-PA-C112: should reject non-.env files","status":"passed","title":"TC-PA-C112: should reject non-.env files","duration":38.491800000000694,"failureMessages":[],"meta":{}},{"ancestorTitles"
[...]
llName":"Spectrum Validation Schemas createSpectrumAppSchema Invalid Cases - project_id should reject missing project_id","status":"passed","title":"should reject missing project_id","duration":0.6847000000002481,"failureMessages":[],"meta":{}},{"ancestorTitles":["Spectrum Validation Schemas","createSpectrumAppSchema","Invalid Cases - owner_id"],"fullName":"Spectrum Validation Schemas createSpectrumAppSchema Invalid Cases - owner_id should reject non-UUID owner_id","status":"passed","title":"should reject non-UUID owner_id","duration":0.2260999999998603,"failureMessages":[],"meta":{}},{"ancestorTitles":["Spectrum Validation Schemas","createSpectrumAppSchema","Invalid Cases - owner_id"],"fullName":"Spectrum Validation Schemas createSpectrumAppSchema Invalid Cases - owner_id should reject empty owner_id","status":"passed","title":"should reject empty owner_id","duration":0.21509999999989304,"failureMessages":[],"meta":{}},{"ancestorTitles":["Spectrum Validation Schemas","createSpectrumAppSchema","Invalid Cases - owner_id"],"fullName":"Spectrum Validation Schemas createSpectrumAppSchema Invalid Cases - owner_id should reject missing owner_id","status":"passed","title":"should reject missing owner_id","duration":0.2290000000002692,"failureMessages":[],"meta":{}},{"ancestorTitles":["Spectrum Validation Schemas","createSpectrumAppSchema","Invalid Cases - dns"],"fullName":"Spectrum Validation Schemas createSpectrumAppSchema Invalid Cases - dns should reject missing dns object","status":"passed","title":"should reject missing dns object","duration":0.24770000000034997,"failureMessages":[],"meta":{}},{"ancestorTitles":["Spectrum Validation Schemas","createSpectrumAppSchema","Invalid Cases - dns"],"fullName":"Spectrum Validation Schemas createSpectrumAppSchema Invalid Cases - dns should reject dns without name","status":"passed","title":"should reject dns without name","duration":0.24850000000014916,"failureMessages":[],"meta":{}},{"ancestorTitles":["Spectrum Validation Schemas","createSpectrumAppSchema","Invalid Cases - dns"],"fullName":"Spectrum Validation Schemas createSpectrumAppSchema Invalid Cases - dns should reject dns.name shorter than minimum length","status":"passed","title":"should reject dns.name shorter than minimum length","duration":0.3786000000000058,"failureMessages":[],"meta":{}},{"ancestorTitles":["Spectrum Validation Schemas","createSpectrumAppSchema","Invalid Cases - dns"],"fullName":"Spectrum Validation Schemas createSpectrumAppSchema Invalid Cases - dns should reject dns.type not in [A, CNAME]","status":"passed","title":"should reject dns.type not in [A, CNAME]","duration":0.3523000000000138,"failureMessages":[],"meta":{}},{"ancestorTitles":["Spectrum Validation Schemas","createSpectrumAppSchema","Invalid Cases - protocol"],"fullName":"Spectrum Validation Schemas createSpectrumAppSchema Invalid Cases - protocol should reject protocol without port","status":"passed","title":"should reject protocol without port","duration":0.2494000000001506,"failureMessages":[],"meta":{}},{"ancestorTitles":["Spectrum Validation Schemas","createSpectrumAppSchema","Invalid Cases - protocol"],"fullName":"Spectrum Validation Schemas createSpectrumAppSchema Invalid Cases - protocol should reject invalid protocol format (http/80)","status":"passed","title":"should reject invalid protocol format (http/80)","duration":0.2306999999996151,"failureMessages":[],"meta":{}},{"ancestorTitles":["Spectrum Validation Schemas","createSpectrumAppSchema","Invalid Cases - protocol"],"fullName":"Spectrum Validation Schemas createSpectrumAppSchema Invalid Cases - protocol should reject non-numeric port","status":"passed","title":"should reject non-numeric port","duration":0.2106999999996333,"failureMessages":[],"meta":{}},{"ancestorTitles":["Spectrum Validation Schemas","createSpectrumAppSchema","Invalid Cases - origin_direct"],"fullName":"Spectrum Validation Schemas createSpectrumAppSchema Invalid Cases - origin_direct should reject empty origin_direct array","status":"passed","title":"should reject empty origin_direct array","duration":0.21939999999995052,"failureMessages":[],"meta":{}},{"ancestorTitles":["Spectrum Validation Schemas","createSpectrumAppSchema","Invalid Cases - origin_direct"],"fullName":"Spectrum Validation Schemas createSpectrumAppSchema Invalid Cases - origin_direct should reject missing origin_direct","status":"passed","title":"should reject missing origin_direct","duration":0.24310000000014043,"failureMessages":[],"meta":{}},{"ancestorTitles":["Spectrum Validation Schemas","createSpectrumAppSchema","Invalid Cases - tls"],"fullName":"Spectrum Validation Schemas createSpectrumAppSchema Invalid Cases - tls should reject invalid tls value","status":"passed","title":"should reject invalid tls value","duration":0.31710000000020955,"failureMessages":[],"meta":{}},{"ancestorTitles":["Spectrum Validation Schemas","updateSpectrumAppSchema","Valid Cases"],"fullName":"Spectrum Validation Schemas updateSpectrumAppSchema Valid Cases should accept valid app_id only","status":"passed","title":"should accept valid app_id only","duration":0.30110000000013315,"failureMessages":[],"meta":{}},{"ancestorTitles":["Spectrum Validation Schemas","updateSpectrumAppSchema","Valid Cases"],"fullName":"Spectrum Validation Schemas updateSpectrumAppSchema Valid Cases should accept partial update with dns","status":"passed","title":"should accept partial update with dns","duration":0.22299999999995634,"failureMessages":[],"meta":{}},{"ancestorTitles":["Spectrum Validation Schemas","updateSpectrumAppSchema","Valid Cases"],"fullName":"Spectrum Validation Schemas updateSpectrumAppSchema Valid Cases should accept partial update with protocol","status":"passed","title":"should accept partial update with protocol","duration":0.1940999999997075,"failureMessages":[],"meta":{}},{"ancestorTitles":["Spectrum Validation Schemas","updateSpectrumAppSchema","Valid Cases"],"fullName":"Spectrum Validation Schemas updateSpectrumAppSchema Valid Cases should accept partial update with origin_direct","status":"passed","title":"should accept partial update with origin_direct","duration":0.19020000000000437,"failureMessages":[],"meta":{}},{"ancestorTitles":["Spectrum Validation Schemas","updateSpectrumAppSchema","Valid Cases"],"fullName":"Spectrum Validation Schemas updateSpectrumAppSchema Valid Cases should accept partial update with tls","status":"passed","title":"should accept partial update with tls","duration":0.17830000000003565,"failureMessages":[],"meta":{}},{"ancestorTitles":["Spectrum Validation Schemas","updateSpectrumAppSchema","Valid Cases"],"fullName":"Spectrum Validation Schemas updateSpectrumAppSchema Valid Cases should accept partial update with ip_firewall","status":"passed","title":"should accept partial update with ip_firewall","duration":0.18939999999975043,"failureMessages":[],"meta":{}},{"ancestorTitles":["Spectrum Validation Schemas","updateSpectrumAppSchema","Valid Cases"],"fullName":"Spectrum Validation Schemas updateSpectrumAppSchema Valid Cases should accept update with multiple fields","status":"passed","title":"should accept update with multiple fields","duration":0.2367999999996755,"failureMessages":[],"meta":{}},{"ancestorTitles":["Spectrum Validation Schemas","updateSpectrumAppSchema","Invalid Cases"],"fullName":"Spectrum Validation Schemas updateSpectrumAppSchema Invalid Cases should reject missing app_id","status":"passed","title":"should reject missing app_id","duration":0.42630000000008295,"failureMessages":[],"meta":{}},{"ancestorTitles":["Spectrum Validation Schemas","updateSpectrumAppSchema","Invalid Cases"],"fullName":"Spectrum Validation Schemas updateSpectrumAppSchema Invalid Cases should reject empty app_id","status":"passed","title":"should reject empty app_id","duration":0.23019999999996799,"failureMessages":[],"meta":{}},{"ancestorTitles":["Spectrum Validation Schemas","updateSpectrumAppSchema","Invalid Cases"],"fullName":"Spectrum Validation Schemas updateSpectrumAppSchema Invalid Cases should reject invalid protocol format if provided","status":"passed","title":"should reject invalid protocol format if provided","duration":0.20879999999988286,"failureMessages":[],"meta":{}},{"ancestorTitles":["Spectrum Validation Schemas","updateSpectrumAppSchema","Invalid Cases"],"fullName":"Spectrum Validation Schemas updateSpectrumAppSchema Invalid Cases should reject invalid tls value if provided","status":"passed","title":"should reject invalid tls value if provided","duration":0.21810000000004948,"failureMessages":[],"meta":{}},{"ancestorTitles":["Spectrum Validation Schemas","deleteSpectrumAppSchema"],"fullName":"Spectrum Validation Schemas deleteSpectrumAppSchema should accept valid app_id","status":"passed","title":"should accept valid app_id","duration":0.21549999999979264,"failureMessages":[],"meta":{}},{"ancestorTitles":["Spectrum Validation Schemas","deleteSpectrumAppSchema"],"fullName":"Spectrum Validation Schemas deleteSpectrumAppSchema should accept app_id with optional owner_id","status":"passed","title":"should accept app_id with optional owner_id","duration":0.17360000000007858,"failureMessages":[],"meta":{}},{"ancestorTitles":["Spectrum Validation Schemas","deleteSpectrumAppSchema"],"fullName":"Spectrum Validation Schemas deleteSpectrumAppSchema should reject missing app_id","status":"passed","title":"should reject missing app_id","duration":0.19549999999981083,"failureMessages":[],"meta":{}},{"ancestorTitles":["Spectrum Validation Schemas","deleteSpectrumAppSchema"],"fullName":"Spectrum Validation Schemas deleteSpectrumAppSchema should reject empty app_id","status":"passed","title":"should reject empty app_id","duration":0.2066000000004351,"failureMessages":[],"meta":{}},{"ancestorTitles":["Spectrum Validation Schemas","deleteSpectrumAppSchema"],"fullName":"Spectrum Validation Schemas deleteSpectrumAppSchema should reject non-UUID owner_id if provided","status":"passed","title":"should reject non-UUID owner_id if provided","duration":0.17849999999998545,"failureMessages":[],"meta":{}},{"ancestorTitles":["Spectrum Validation Schemas","getSpectrumAppSchema"],"fullName":"Spectrum Validation Schemas getSpectrumAppSchema should accept valid app_id","status":"passed","title":"should accept valid app_id","duration":0.18150000000014188,"failureMessages":[],"meta":{}},{"ancestorTitles":["Spectrum Validation Schemas","getSpectrumAppSchema"],"fullName":"Spectrum Validation Schemas getSpectrumAppSchema should accept app_id with optional owner_id","status":"passed","title":"should accept app_id with optional owner_id","duration":0.1714999999999236,"failureMessages":[],"meta":{}},{"ancestorTitles":["Spectrum Validation Schemas","getSpectrumAppSchema"],"fullName":"Spectrum Validation Schemas getSpectrumAppSchema should reject missing app_id","status":"passed","title":"should reject missing app_id","duration":0.16310000000021319,"failureMessages":[],"meta":{}},{"ancestorTitles":["Spectrum Validation Schemas","getSpectrumAppSchema"],"fullName":"Spectrum Validation Schemas getSpectrumAppSchema should reject empty app_id","status":"passed","title":"should reject empty app_id","duration":0.1679999999996653,"failureMessages":[],"meta":{}},{"ancestorTitles":["Spectrum Validation Schemas","getSpectrumAppSchema"],"fullName":"Spectrum Validation Schemas getSpectrumAppSchema should reject non-UUID owner_id if provided","status":"passed","title":"should reject non-UUID owner_id if provided","duration":0.16959999999971842,"failureMessages":[],"meta":{}}],"startTime":1771417124085,"endTime":1771417124107.1697,"status":"passed","message":"","name":"C:/Users/Pankaj Soni/Desktop/cloud-services/tests/unit/validation/spectrum.test.ts"},{"assertionResults":[{"ancestorTitles":["Security: Admin Privilege Enforcement","Products Admin Route"],"fullName":"Security: Admin Privilege Enforcement Products Admin Route SEC-ADMIN-001: GET /admin/products rejects non-admin users","status":"passed","title":"SEC-ADMIN-001: GET /admin/products rejects non-admin users","duration":222.69320000000016,"failureMessages":[],"meta":{}},{"ancestorTitles":["Security: Admin Privilege Enforcement","Products Admin Route"],"fullName":"Security: Admin Privilege Enforcement Products Admin Route SEC-ADMIN-002: GET /admin/products allows admin users","status":"passed","title":"SEC-ADMIN-002: GET /admin/products allows admin users","duration":17.234399999999823,"failureMessages":[],"meta":{}},{"ancestorTitles":["Security: Admin Privilege Enforcement","Products Admin Route"],"fullName":"Security: Admin Privilege Enforcement Products Admin Route SEC-ADMIN-003: POST /admin/products rejects non-admin users","status":"passed","title":"SEC-ADMIN-003: POST /admin/products rejects non-admin users","duration":6.666999999999916,"failureMessages":[],"meta":{}},{"ancestorTitles":["Security: Admin Privilege Enforcement","Products Admin Route"],"fullName":"Security: Admin Privilege Enforcement Products Admin Route SEC-ADMIN-004: PUT /admin/products rejects non-admin users","status":"passed","title":"SEC-ADMIN-004: PUT /admin/products rejects non-admin users","duration":6.517100000000028,"failureMessages":[],"meta":{}},{"ancestorTitles":["Security: Admin Privilege Enforcement","Products Admin Route"],"fullName":"Security: Admin Privilege Enforcement Products Admin Route SEC-ADMIN-005: DELETE /admin/products rejects non-admin users","status":"passed","title":"SEC-ADMIN-005: DELETE /admin/products rejects non-admin users","duration":8.364900000000034,"failureMessages":[],"meta":{}}],"startTime":1771417096166,"endTime":1771417096427.365,"status":"passed","message":"","name":"C:/Users/Pankaj Soni/Desktop/cloud-services/tests/integration/api/security/admin-privilege-security.test.ts"},{"assertionResults":[],"startTime":1771417076485,"endTime":1771417076485,"status":"failed","message":"Failed to resolve import \"@/app/api/services/kubernetes/manageip/add/route\" from \"tests/integration/api/security/info-disclosure-security.test.ts\". Does the file exist?","name":"C:/Users/Pankaj Soni/Desktop/cloud-services/tests/integration/api/security/info-disclosure-security.test.ts"},{"assertionResults":[{"ancestorTitles":["Security: Input Validation","SQL Injection Prevention"],"fullName":"Security: Input Validation SQL Injection Prevention SEC-INJ-001: should handle SQL injection in app_name safely","status":"passed","title":"SEC-INJ-001: should handle SQL injection in app_name safely","duration":346.7653,"failureMessages":[],"meta":{}},{"ancestorTitles":["Security: Input Validation","Prototype Pollution Prevention"],"fullName":"Security: Input Validation Prototype Pollution Prevention SEC-INJ-010: should not allow __proto__ pollution","status":"passed","title":"SEC-INJ-010: should not allow __proto__ pollution","duration":4.907200000000103,"failureMessages":[],"meta":{}},{"ancestorTitles":["Security: Input Validation","Malformed Input Handling"],"fullName":"Security: Input Validation Malformed Input Handling SEC-INJ-020: should handle malformed JSON gracefully","status":"passed","title":"SEC-INJ-020: should handle malformed JSON gracefully","duration":9.779899999999998,"failureMessages":[],"meta":{}},{"ancestorTitles":["Security: Input Validation","Malformed Input Handling"],"fullName":"Security: Input Validation Malformed Input Handling SEC-INJ-021: should handle extremely long input","status":"passed","title":"SEC-INJ-021: should handle extremely long input","duration":10.14280000000008,"failureMessages":[],"meta":{}},{"ancestorTitles":["Security: Input Validation","Malformed Input Handling"],"fullName":"Security: Input Validation Malformed Input Handling SEC-INJ-022: should reject missing required fields","status":"passed","title":"SEC-INJ-022: should reject missing required fields","duration":5.8332000000000335,"failureMessages":[],"meta":{}}],"startTime":1771417095997,"endTime":1771417096375.8333,"status":"passed","message":"","name":"C:/Users/Pankaj Soni/Desktop/cloud-services/tests/integration/api/security/input-validation-security.test.ts"},{"assertionResults":[],"startTime":1771417076485,"endTime":1771417076485,"status":"failed","message":"Failed to resolve import \"@/app/api/services/kubernetes/manageip/add/route\" from \"tests/integration/api/security/route-auth-security.test.ts\". Does the file exist?","name":"C:/Users/Pankaj Soni/Desktop/cloud-services/tests/integration/api/security/route-auth-security.test.ts"},{"assertionResults":[{"ancestorTitles":["Security: Webhook Authentication","Deployment-Status Webhook Auth"],"fullName":"Security: Webhook Authentication Deployment-Status Webhook Auth SEC-WH-001: should reject requests without x-webhook-secret header","status":"passed","title":"SEC-WH-001: should reject requests without x-webhook-secret header","duration":338.0398,"failureMessages":[],"meta":{}},{"ancestorTitles":["Security: Webhook Authentication","Deployment-Status Webhook Auth"],"fullName":"Security: Webhook Authentication Deployment-Status Webhook Auth SEC-WH-002: should reject requests with wrong secret","status":"passed","title":"SEC-WH-002: should reject requests with wrong secret","duration":2.553399999999783,"failureMessages":[],"meta":{}},{"ancestorTitles":["Security: Webhook Authentication","Deployment-Status Webhook Auth"],"fullName":"Security: Webhook Authentication Deployment-Status Webhook Auth SEC-WH-003: should accept requests with correct secret","status":"passed","title":"SEC-WH-003: should accept requests with correct secret","duration":8.999099999999999,"failureMessages":[],"meta":{}},{"ancestorTitles":["Security: Webhook Authentication","Deployment-Status Webhook Auth"],"fullName":"Security: Webhook Authentication Deployment-Status Webhook Auth SEC-WH-004: should return 503 when secret is not configured","status":"passed","title":"SEC-WH-004: should return 503 when secret is not configured","duration":2.862999999999829,"failureMessages":[],"meta":{}},{"ancestorTitles":["Security: Webhook Authentication","Deployment-Status Webhook Auth"],"fullName":"Security: Webhook Authentication Deployment-Status Webhook Auth SEC-WH-005: should not leak error.message in 500 responses","status":"passed","title":"SEC-WH-005: should not leak error.message in 500 responses","duration":7.912599999999657,"failureMessages":[],"meta":{}},{"ancestorTitles":["Security: Webhook Authentication","Deployment-Record Webhook Auth"],"fullName":"Security: Webhook Authentication Deployment-Record Webhook Auth SEC-WH-010: should reject requests without x-deployment-record-secret","status":"passed","title":"SEC-WH-010: should reject requests without x-deployment-record-secret","duration":8.776499999999942,"failureMessages":[],"meta":{}},{"ancestorTitles":["Security: Webhook Authentication","Deployment-Record Webhook Auth"],"fullName":"Security: Webhook Authentication Deployment-Record Webhook Auth SEC-WH-011: should reject requests with wrong secret","status":"passed","title":"SEC-WH-011: should reject requests with wrong secret","duration":1.830500000000029,"failureMessages":[],"meta":{}},{"ancestorTitles":["Security: Webhook Authentication","Deployment-Record Webhook Auth"],"fullName":"Security: Webhook Authentication Deployment-Record Webhook Auth SEC-WH-012: should accept requests with correct secret","status":"passed","title":"SEC-WH-012: should accept requests with correct secret","duration":3.3777000000000044,"failureMessages":[],"meta":{}},{"ancestorTitles":["Security: Webhook Authentication","Deployment-Record Webhook Auth"],"fullName":"Security: Webhook Authentication Deployment-Record Webhook Auth SEC-WH-013: should not leak error.message in 500 responses","status":"passed","title":"SEC-WH-013: should not leak error.message in 500 responses","duration":4.324000000000069,"failureMessages":[],"meta":{}}],"startTime":1771417095859,"endTime":1771417096238.324,"status":"passed","message":"","name":"C:/Users/Pankaj Soni/Desktop/cloud-services/tests/integration/api/security/webhook-auth-security.test.ts"}]}