{"numTotalTestSuites":893,"numPassedTestSuites":869,"numFailedTestSuites":24,"numPendingTestSuites":0,"numTotalTests":1827,"numPassedTests":1781,"numFailedTests":36,"numPendingTests":10,"numTodoTests":0,"snapshot":{"added":0,"failure":false,"filesAdded":0,"filesRemoved":0,"filesRemovedList":[],"filesUnmatched":0,"filesUpdated":0,"matched":0,"total":0,"unchecked":0,"uncheckedKeysByFile":[],"unmatched":0,"updated":0,"didUpdate":false},"startTime":1771763755389,"success":false,"testResults":[{"assertionResults":[{"ancestorTitles":["DatabaseSelect Component (Create Form)","TC-DB-071: Load database creation form"],"fullName":"DatabaseSelect Component (Create Form) TC-DB-071: Load database creation form should render the form with all steps","status":"passed","title":"should render the form with all steps","duration":136.9124999999999,"failureMessages":[],"meta":{}},{"ancestorTitles":["DatabaseSelect Component (Create Form)","TC-DB-071: Load database creation form"],"fullName":"DatabaseSelect Component (Create Form) TC-DB-071: Load database creation form should display all engine options","status":"passed","title":"should display all engine options","duration":29.299600000000282,"failureMessages":[],"meta":{}},{"ancestorTitles":["DatabaseSelect Component (Create Form)","TC-DB-071: Load database creation form"],"fullName":"DatabaseSelect Component (Create Form) TC-DB-071: Load database creation form should populate location dropdown","status":"passed","title":"should populate location dropdown","duration":23.51949999999988,"failureMessages":[],"meta":{}},{"ancestorTitles":["DatabaseSelect Component (Create Form)","TC-DB-071: Load database creation form"],"fullName":"DatabaseSelect Component (Create Form) TC-DB-071: Load database creation form should populate sizes/plans","status":"passed","title":"should populate sizes/plans","duration":36.21239999999989,"failureMessages":[],"meta":{}},{"ancestorTitles":["DatabaseSelect Component (Create Form)","TC-DB-072: Select database engine"],"fullName":"DatabaseSelect Component (Create Form) TC-DB-072: Select database engine should allow selecting MySQL engine","status":"passed","title":"should allow selecting MySQL engine","duration":21.2204999999999,"failureMessages":[],"meta":{}},{"ancestorTitles":["DatabaseSelect Component (Create Form)","TC-DB-072: Select database engine"],"fullName":"DatabaseSelect Component (Create Form) TC-DB-072: Select database engine should allow selecting PostgreSQL engine","status":"passed","title":"should allow selecting PostgreSQL engine","duration":40.74669999999969,"failureMessages":[],"meta":{}},{"ancestorTitles":["DatabaseSelect Component (Create Form)","TC-DB-072: Select database engine"],"fullName":"DatabaseSelect Component (Create Form) TC-DB-072: Select database engine should show engine-specific options after selection","status":"passed","title":"should show engine-specific options after selection","duration":31.356400000000576,"failureMessages":[],"meta":{}},{"ancestorTitles":["DatabaseSelect Component (Create Form)","TC-DB-072: Select database engine"],"fullName":"DatabaseSelect Component (Create Form) TC-DB-072: Select database engine should display all four database types","status":"passed","title":"should display all four database types","duration":17.153400000000147,"failureMessages":[],"meta":{}},{"ancestorTitles":["DatabaseSelect Component (Create Form)","TC-DB-073: Select cluster size"],"fullName":"DatabaseSelect Component (Create Form) TC-DB-073: Select cluster size should display available cluster sizes","status":"passed","title":"should display available cluster sizes","duration":63.52469999999994,"failureMessages":[],"meta":{}},{"ancestorTitles":["DatabaseSelect Component (Create Form)","TC-DB-073: Select cluster size"],"fullName":"DatabaseSelect Component (Create Form) TC-DB-073: Select cluster size should show pricing for each size","status":"passed","title":"should show pricing for each size","duration":14.539700000000266,"failureMessages":[],"meta":{}},{"ancestorTitles":["DatabaseSelect Component (Create Form)","TC-DB-073: Select cluster size"],"fullName":"DatabaseSelect Component (Create Form) TC-DB-073: Select cluster size should show resource details (CPU, RAM, Storage)","status":"passed","title":"should show resource details (CPU, RAM, Storage)","duration":22.33929999999964,"failureMessages":[],"meta":{}},{"ancestorTitles":["DatabaseSelect Component (Create Form)","TC-DB-073: Select cluster size"],"fullName":"DatabaseSelect Component (Create Form) TC-DB-073: Select cluster size should allow selecting different sizes","status":"passed","title":"should allow selecting different sizes","duration":22.442599999999402,"failureMessages":[],"meta":{}},{"ancestorTitles":["DatabaseSelect Component (Create Form)","TC-DB-074: Select region/location"],"fullName":"DatabaseSelect Component (Create Form) TC-DB-074: Select region/location should display available regions","status":"passed","title":"should display available regions","duration":23.72060000000056,"failureMessages":[],"meta":{}},{"ancestorTitles":["DatabaseSelect Component (Create Form)","TC-DB-074: Select region/location"],"fullName":"DatabaseSelect Component (Create Form) TC-DB-074: Select region/location should allow selecting a region","status":"passed","title":"should allow selecting a region","duration":16.568199999999706,"failureMessages":[],"meta":{}},{"ancestorTitles":["DatabaseSelect Component (Create Form)","TC-DB-074: Select region/location"],"fullName":"DatabaseSelect Component (Create Form) TC-DB-074: Select region/location should show only available regions","status":"passed","title":"should show only available regions","duration":26.149100000000544,"failureMessages":[],"meta":{}},{"ancestorTitles":["DatabaseSelect Component (Create Form)","TC-DB-075: Submit form with valid data"],"fullName":"DatabaseSelect Component (Create Form) TC-DB-075: Submit form with valid data should show loading state during submission","status":"passed","title":"should show loading state during submission","duration":208.76209999999992,"failureMessages":[],"meta":{}},{"ancestorTitles":["DatabaseSelect Component (Create Form)","TC-DB-075: Submit form with valid data"],"fullName":"DatabaseSelect Component (Create Form) TC-DB-075: Submit form with valid data should redirect to cluster detail page on success","status":"passed","title":"should redirect to cluster detail page on success","duration":117.00619999999981,"failureMessages":[],"meta":{}},{"ancestorTitles":["DatabaseSelect Component (Create Form)","TC-DB-075: Submit form with valid data"],"fullName":"DatabaseSelect Component (Create Form) TC-DB-075: Submit form with valid data should show success toast notification","status":"passed","title":"should show success toast notification","duration":77.08460000000014,"failureMessages":[],"meta":{}},{"ancestorTitles":["DatabaseSelect Component (Create Form)","TC-DB-076: Submit form with missing fields"],"fullName":"DatabaseSelect Component (Create Form) TC-DB-076: Submit form with missing fields should show validation error for missing cluster name","status":"passed","title":"should show validation error for missing cluster name","duration":152.9448000000002,"failureMessages":[],"meta":{}},{"ancestorTitles":["DatabaseSelect Component (Create Form)","TC-DB-076: Submit form with missing fields"],"fullName":"DatabaseSelect Component (Create Form) TC-DB-076: Submit form with missing fields should show validation error for invalid cluster name","status":"passed","title":"should show validation error for invalid cluster name","duration":309.6418999999996,"failureMessages":[],"meta":{}},{"ancestorTitles":["DatabaseSelect Component (Create Form)","TC-DB-076: Submit form with missing fields"],"fullName":"DatabaseSelect Component (Create Form) TC-DB-076: Submit form with missing fields should show validation error for missing engine selection","status":"passed","title":"should show validation error for missing engine selection","duration":373.60120000000006,"failureMessages":[],"meta":{}},{"ancestorTitles":["DatabaseSelect Component (Create Form)","TC-DB-076: Submit form with missing fields"],"fullName":"DatabaseSelect Component (Create Form) TC-DB-076: Submit form with missing fields should show validation error for missing region","status":"passed","title":"should show validation error for missing region","duration":68.66829999999936,"failureMessages":[],"meta":{}},{"ancestorTitles":["DatabaseSelect Component (Create Form)","TC-DB-076: Submit form with missing fields"],"fullName":"DatabaseSelect Component (Create Form) TC-DB-076: Submit form with missing fields should display validation errors inline","status":"passed","title":"should display validation errors inline","duration":173.3152,"failureMessages":[],"meta":{}},{"ancestorTitles":["DatabaseSelect Component (Create Form)","TC-DB-077: Handle creation failure"],"fullName":"DatabaseSelect Component (Create Form) TC-DB-077: Handle creation failure should display error message on API failure","status":"passed","title":"should display error message on API failure","duration":72.05190000000039,"failureMessages":[],"meta":{}},{"ancestorTitles":["DatabaseSelect Component (Create Form)","TC-DB-077: Handle creation failure"],"fullName":"DatabaseSelect Component (Create Form) TC-DB-077: Handle creation failure should keep form editable after error","status":"passed","title":"should keep form editable after error","duration":21.184000000000196,"failureMessages":[],"meta":{}},{"ancestorTitles":["DatabaseSelect Component (Create Form)","TC-DB-077: Handle creation failure"],"fullName":"DatabaseSelect Component (Create Form) TC-DB-077: Handle creation failure should allow retry after failure","status":"passed","title":"should allow retry after failure","duration":59.69430000000011,"failureMessages":[],"meta":{}},{"ancestorTitles":["DatabaseSelect Component (Create Form)","Multi-step Form Navigation"],"fullName":"DatabaseSelect Component (Create Form) Multi-step Form Navigation should navigate between form steps","status":"passed","title":"should navigate between form steps","duration":57.92650000000049,"failureMessages":[],"meta":{}},{"ancestorTitles":["DatabaseSelect Component (Create Form)","Multi-step Form Navigation"],"fullName":"DatabaseSelect Component (Create Form) Multi-step Form Navigation should show back button on non-first steps","status":"passed","title":"should show back button on non-first steps","duration":354.89550000000054,"failureMessages":[],"meta":{}},{"ancestorTitles":["DatabaseSelect Component (Create Form)","Multi-step Form Navigation"],"fullName":"DatabaseSelect Component (Create Form) Multi-step Form Navigation should maintain form state when navigating back","status":"passed","title":"should maintain form state when navigating back","duration":441.77210000000014,"failureMessages":[],"meta":{}},{"ancestorTitles":["DatabaseSelect Component (Create Form)","Terms and Conditions"],"fullName":"DatabaseSelect Component (Create Form) Terms and Conditions should require terms acceptance before submission","status":"passed","title":"should require terms acceptance before submission","duration":54.54370000000017,"failureMessages":[],"meta":{}},{"ancestorTitles":["DatabaseSelect Component (Create Form)","Terms and Conditions"],"fullName":"DatabaseSelect Component (Create Form) Terms and Conditions should enable submission after accepting terms","status":"passed","title":"should enable submission after accepting terms","duration":25.233900000000176,"failureMessages":[],"meta":{}}],"startTime":1771763768063,"endTime":1771763771159.234,"status":"passed","message":"","name":"D:/work/cloud-services/tests/components/database-create-form.test.tsx"},{"assertionResults":[{"ancestorTitles":["DatabasePage Component","TC-DB-065: Display empty state correctly"],"fullName":"DatabasePage Component TC-DB-065: Display empty state correctly should show \"No Databases Found\" message when user has no databases","status":"passed","title":"should show \"No Databases Found\" message when user has no databases","duration":80.87509999999975,"failureMessages":[],"meta":{}},{"ancestorTitles":["DatabasePage Component","TC-DB-065: Display empty state correctly"],"fullName":"DatabasePage Component TC-DB-065: Display empty state correctly should show \"New Database\" CTA button in empty state","status":"passed","title":"should show \"New Database\" CTA button in empty state","duration":303.71039999999994,"failureMessages":[],"meta":{}},{"ancestorTitles":["DatabasePage Component","TC-DB-065: Display empty state correctly"],"fullName":"DatabasePage Component TC-DB-065: Display empty state correctly should display empty state illustration or icon","status":"passed","title":"should display empty state illustration or icon","duration":21.55510000000004,"failureMessages":[],"meta":{}},{"ancestorTitles":["DatabasePage Component","TC-DB-066: Display list of user's databases"],"fullName":"DatabasePage Component TC-DB-066: Display list of user's databases should display table with all user clusters","status":"passed","title":"should display table with all user clusters","duration":119.38990000000013,"failureMessages":[],"meta":{}},{"ancestorTitles":["DatabasePage Component","TC-DB-066: Display list of user's databases"],"fullName":"DatabasePage Component TC-DB-066: Display list of user's databases should fetch clusters on component mount","status":"passed","title":"should fetch clusters on component mount","duration":30.771799999999985,"failureMessages":[],"meta":{}},{"ancestorTitles":["DatabasePage Component","TC-DB-066: Display list of user's databases"],"fullName":"DatabasePage Component TC-DB-066: Display list of user's databases should display correct number of clusters","status":"passed","title":"should display correct number of clusters","duration":157.84590000000026,"failureMessages":[],"meta":{}},{"ancestorTitles":["DatabasePage Component","TC-DB-067: Verify database card information"],"fullName":"DatabasePage Component TC-DB-067: Verify database card information should display cluster name","status":"passed","title":"should display cluster name","duration":25.213700000000244,"failureMessages":[],"meta":{}},{"ancestorTitles":["DatabasePage Component","TC-DB-067: Verify database card information"],"fullName":"DatabasePage Component TC-DB-067: Verify database card information should display engine icon for each database","status":"passed","title":"should display engine icon for each database","duration":32.5586000000003,"failureMessages":[],"meta":{}},{"ancestorTitles":["DatabasePage Component","TC-DB-067: Verify database card information"],"fullName":"DatabasePage Component TC-DB-067: Verify database card information should display location for each cluster","status":"passed","title":"should display location for each cluster","duration":40.14820000000054,"failureMessages":[],"meta":{}},{"ancestorTitles":["DatabasePage Component","TC-DB-067: Verify database card information"],"fullName":"DatabasePage Component TC-DB-067: Verify database card information should display version for each cluster","status":"passed","title":"should display version for each cluster","duration":26.44959999999992,"failureMessages":[],"meta":{}},{"ancestorTitles":["DatabasePage Component","TC-DB-067: Verify database card information"],"fullName":"DatabasePage Component TC-DB-067: Verify database card information should display status badge with correct color","status":"passed","title":"should display status badge with correct color","duration":40.47220000000016,"failureMessages":[],"meta":{}},{"ancestorTitles":["DatabasePage Component","TC-DB-067: Verify database card information"],"fullName":"DatabasePage Component TC-DB-067: Verify database card information should display formatted creation date","status":"passed","title":"should display formatted creation date","duration":18.759500000000116,"failureMessages":[],"meta":{}},{"ancestorTitles":["DatabasePage Component","TC-DB-067: Verify database card information"],"fullName":"DatabasePage Component TC-DB-067: Verify database card information should display cluster ID","status":"passed","title":"should display cluster ID","duration":21.64969999999994,"failureMessages":[],"meta":{}},{"ancestorTitles":["DatabasePage Component","TC-DB-068: Click \"View Cluster\" button"],"fullName":"DatabasePage Component TC-DB-068: Click \"View Cluster\" button should navigate to cluster detail page when clicking action button","status":"passed","title":"should navigate to cluster detail page when clicking action button","duration":158.57639999999992,"failureMessages":[],"meta":{}},{"ancestorTitles":["DatabasePage Component","TC-DB-068: Click \"View Cluster\" button"],"fullName":"DatabasePage Component TC-DB-068: Click \"View Cluster\" button should have correct href for each cluster","status":"passed","title":"should have correct href for each cluster","duration":182.89260000000013,"failureMessages":[],"meta":{}},{"ancestorTitles":["DatabasePage Component","TC-DB-069: Disable actions during migration"],"fullName":"DatabasePage Component TC-DB-069: Disable actions during migration should disable \"View Cluster\" button when status is migrating","status":"passed","title":"should disable \"View Cluster\" button when status is migrating","duration":123.84989999999925,"failureMessages":[],"meta":{}},{"ancestorTitles":["DatabasePage Component","TC-DB-069: Disable actions during migration"],"fullName":"DatabasePage Component TC-DB-069: Disable actions during migration should show tooltip on disabled button during migration","status":"passed","title":"should show tooltip on disabled button during migration","duration":13.75590000000011,"failureMessages":[],"meta":{}},{"ancestorTitles":["DatabasePage Component","TC-DB-069: Disable actions during migration"],"fullName":"DatabasePage Component TC-DB-069: Disable actions during migration should enable button when status is online","status":"passed","title":"should enable button when status is online","duration":90.8751999999995,"failureMessages":[],"meta":{}},{"ancestorTitles":["DatabasePage Component","TC-DB-070: Search/filter databases"],"fullName":"DatabasePage Component TC-DB-070: Search/filter databases should filter databases by name","status":"passed","title":"should filter databases by name","duration":27.383899999999812,"failureMessages":[],"meta":{}},{"ancestorTitles":["DatabasePage Component","TC-DB-070: Search/filter databases"],"fullName":"DatabasePage Component TC-DB-070: Search/filter databases should filter databases by status","status":"passed","title":"should filter databases by status","duration":37.26000000000022,"failureMessages":[],"meta":{}},{"ancestorTitles":["DatabasePage Component","TC-DB-070: Search/filter databases"],"fullName":"DatabasePage Component TC-DB-070: Search/filter databases should show all databases when filter is cleared","status":"passed","title":"should show all databases when filter is cleared","duration":38.51119999999992,"failureMessages":[],"meta":{}},{"ancestorTitles":["DatabasePage Component","Loading State"],"fullName":"DatabasePage Component Loading State should show loading spinner initially","status":"passed","title":"should show loading spinner initially","duration":5.058899999999994,"failureMessages":[],"meta":{}},{"ancestorTitles":["DatabasePage Component","Loading State"],"fullName":"DatabasePage Component Loading State should hide loading spinner after data loads","status":"passed","title":"should hide loading spinner after data loads","duration":25.28309999999965,"failureMessages":[],"meta":{}},{"ancestorTitles":["DatabasePage Component","Error Handling"],"fullName":"DatabasePage Component Error Handling should handle API errors gracefully","status":"passed","title":"should handle API errors gracefully","duration":20.25749999999971,"failureMessages":[],"meta":{}},{"ancestorTitles":["DatabasePage Component","Error Handling"],"fullName":"DatabasePage Component Error Handling should log error to console","status":"passed","title":"should log error to console","duration":14.666199999999662,"failureMessages":[],"meta":{}},{"ancestorTitles":["DatabasePage Component","Authentication"],"fullName":"DatabasePage Component Authentication should redirect to login if user is not authenticated","status":"passed","title":"should redirect to login if user is not authenticated","duration":5.4377000000004045,"failureMessages":[],"meta":{}},{"ancestorTitles":["DatabasePage Component","UI Elements"],"fullName":"DatabasePage Component UI Elements should display page title and description","status":"passed","title":"should display page title and description","duration":10.459499999999935,"failureMessages":[],"meta":{}},{"ancestorTitles":["DatabasePage Component","UI Elements"],"fullName":"DatabasePage Component UI Elements should have \"New Database\" button at the top","status":"passed","title":"should have \"New Database\" button at the top","duration":82.51440000000002,"failureMessages":[],"meta":{}},{"ancestorTitles":["DatabasePage Component","UI Elements"],"fullName":"DatabasePage Component UI Elements should display table headers correctly","status":"passed","title":"should display table headers correctly","duration":41.28200000000015,"failureMessages":[],"meta":{}}],"startTime":1771763767671,"endTime":1771763769471.282,"status":"passed","message":"","name":"D:/work/cloud-services/tests/components/database-list.test.tsx"},{"assertionResults":[{"ancestorTitles":["Object Storage Components","ObjectStorageMain"],"fullName":"Object Storage Components ObjectStorageMain should render page header","status":"passed","title":"should render page header","duration":62.5565000000006,"failureMessages":[],"meta":{}},{"ancestorTitles":["Object Storage Components","ObjectStorageMain"],"fullName":"Object Storage Components ObjectStorageMain should render \"New Bucket\" button","status":"passed","title":"should render \"New Bucket\" button","duration":13.371600000000399,"failureMessages":[],"meta":{}},{"ancestorTitles":["Object Storage Components","ObjectStorageMain"],"fullName":"Object Storage Components ObjectStorageMain should render buckets table","status":"passed","title":"should render buckets table","duration":39.61059999999998,"failureMessages":[],"meta":{}},{"ancestorTitles":["Object Storage Components","ObjectStorageMain"],"fullName":"Object Storage Components ObjectStorageMain should show empty state when no buckets","status":"passed","title":"should show empty state when no buckets","duration":12.420599999999467,"failureMessages":[],"meta":{}},{"ancestorTitles":["Object Storage Components","BucketsTable"],"fullName":"Object Storage Components BucketsTable should render bucket list with correct data","status":"passed","title":"should render bucket list with correct data","duration":13.956600000000435,"failureMessages":[],"meta":{}},{"ancestorTitles":["Object Storage Components","BucketsTable"],"fullName":"Object Storage Components BucketsTable should render multiple buckets","status":"passed","title":"should render multiple buckets","duration":34.9965000000002,"failureMessages":[],"meta":{}},{"ancestorTitles":["Object Storage Components","BucketsTable"],"fullName":"Object Storage Components BucketsTable should show status badges","status":"passed","title":"should show status badges","duration":8.959000000000742,"failureMessages":[],"meta":{}},{"ancestorTitles":["Object Storage Components","BucketsTable"],"fullName":"Object Storage Components BucketsTable should format created date","status":"passed","title":"should format created date","duration":10.927599999999984,"failureMessages":[],"meta":{}},{"ancestorTitles":["Object Storage Components","BucketsTable"],"fullName":"Object Storage Components BucketsTable should have copy bucket ID functionality","status":"passed","title":"should have copy bucket ID functionality","duration":356.8071,"failureMessages":[],"meta":{}},{"ancestorTitles":["Object Storage Components","BucketsTable"],"fullName":"Object Storage Components BucketsTable should show empty state with create button","status":"passed","title":"should show empty state with create button","duration":6.5306000000000495,"failureMessages":[],"meta":{}},{"ancestorTitles":["Object Storage Components","BucketsTable"],"fullName":"Object Storage Components BucketsTable should have actions column","status":"passed","title":"should have actions column","duration":11.459899999999834,"failureMessages":[],"meta":{}},{"ancestorTitles":["Object Storage Components","BucketsTable"],"fullName":"Object Storage Components BucketsTable should render table headers","status":"passed","title":"should render table headers","duration":21.18079999999918,"failureMessages":[],"meta":{}},{"ancestorTitles":["Object Storage Components","BucketsTable"],"fullName":"Object Storage Components BucketsTable should show correct status for different bucket states","status":"passed","title":"should show correct status for different bucket states","duration":73.86239999999998,"failureMessages":[],"meta":{}},{"ancestorTitles":["Object Storage Components","Bucket Copy Functionality"],"fullName":"Object Storage Components Bucket Copy Functionality should copy bucket ID to clipboard","status":"skipped","title":"should copy bucket ID to clipboard","failureMessages":[],"meta":{}},{"ancestorTitles":["Object Storage Components","Bucket Copy Functionality"],"fullName":"Object Storage Components Bucket Copy Functionality should show success toast after copying","status":"passed","title":"should show success toast after copying","duration":162.6302999999998,"failureMessages":[],"meta":{}},{"ancestorTitles":["Object Storage Components","Bucket Copy Functionality"],"fullName":"Object Storage Components Bucket Copy Functionality should show copied state with checkmark","status":"passed","title":"should show copied state with checkmark","duration":173.01790000000074,"failureMessages":[],"meta":{}},{"ancestorTitles":["Object Storage Components","Navigation"],"fullName":"Object Storage Components Navigation should have link to bucket details","status":"passed","title":"should have link to bucket details","duration":8.943299999999908,"failureMessages":[],"meta":{}},{"ancestorTitles":["Object Storage Components","Navigation"],"fullName":"Object Storage Components Navigation should navigate to create page from empty state","status":"passed","title":"should navigate to create page from empty state","duration":4.834600000000137,"failureMessages":[],"meta":{}},{"ancestorTitles":["Object Storage Components","Navigation"],"fullName":"Object Storage Components Navigation should navigate to create page from main component","status":"passed","title":"should navigate to create page from main component","duration":6.399999999999636,"failureMessages":[],"meta":{}},{"ancestorTitles":["Object Storage Components","Accessibility"],"fullName":"Object Storage Components Accessibility should have proper table structure","status":"passed","title":"should have proper table structure","duration":100.74129999999968,"failureMessages":[],"meta":{}},{"ancestorTitles":["Object Storage Components","Accessibility"],"fullName":"Object Storage Components Accessibility should have accessible button labels","status":"passed","title":"should have accessible button labels","duration":65.50590000000011,"failureMessages":[],"meta":{}},{"ancestorTitles":["Object Storage Components","Accessibility"],"fullName":"Object Storage Components Accessibility should have proper heading hierarchy","status":"passed","title":"should have proper heading hierarchy","duration":6.786800000000767,"failureMessages":[],"meta":{}},{"ancestorTitles":["Object Storage Components","Responsive Design"],"fullName":"Object Storage Components Responsive Design should render on mobile viewport","status":"passed","title":"should render on mobile viewport","duration":16.037099999999555,"failureMessages":[],"meta":{}},{"ancestorTitles":["Object Storage Components","Responsive Design"],"fullName":"Object Storage Components Responsive Design should render on tablet viewport","status":"passed","title":"should render on tablet viewport","duration":16.341300000000047,"failureMessages":[],"meta":{}},{"ancestorTitles":["Object Storage Components","Responsive Design"],"fullName":"Object Storage Components Responsive Design should render on desktop viewport","status":"passed","title":"should render on desktop viewport","duration":10.001400000000103,"failureMessages":[],"meta":{}}],"startTime":1771763770107,"endTime":1771763771347.0015,"status":"passed","message":"","name":"D:/work/cloud-services/tests/components/object-storage.test.tsx"},{"assertionResults":[{"ancestorTitles":["Database Connection Strings","TC-DB-093: MySQL Connection String Format"],"fullName":"Database Connection Strings TC-DB-093: MySQL Connection String Format should generate valid MySQL connection string format","status":"passed","title":"should generate valid MySQL connection string format","duration":1.5950000000002547,"failureMessages":[],"meta":{}},{"ancestorTitles":["Database Connection Strings","TC-DB-093: MySQL Connection String Format"],"fullName":"Database Connection Strings TC-DB-093: MySQL Connection String Format should include SSL parameter in MySQL connection string","status":"passed","title":"should include SSL parameter in MySQL connection string","duration":0.41289999999980864,"failureMessages":[],"meta":{}},{"ancestorTitles":["Database Connection Strings","TC-DB-093: MySQL Connection String Format"],"fullName":"Database Connection Strings TC-DB-093: MySQL Connection String Format should handle special characters in password","status":"passed","title":"should handle special characters in password","duration":0.2727999999997337,"failureMessages":[],"meta":{}},{"ancestorTitles":["Database Connection Strings","TC-DB-093: MySQL Connection String Format"],"fullName":"Database Connection Strings TC-DB-093: MySQL Connection String Format should use default port 3306 if not specified","status":"passed","title":"should use default port 3306 if not specified","duration":0.14660000000003492,"failureMessages":[],"meta":{}},{"ancestorTitles":["Database Connection Strings","TC-DB-094: PostgreSQL Connection String Format"],"fullName":"Database Connection Strings TC-DB-094: PostgreSQL Connection String Format should generate valid PostgreSQL connection string format","status":"passed","title":"should generate valid PostgreSQL connection string format","duration":0.3085000000000946,"failureMessages":[],"meta":{}},{"ancestorTitles":["Database Connection Strings","TC-DB-094: PostgreSQL Connection String Format"],"fullName":"Database Connection Strings TC-DB-094: PostgreSQL Connection String Format should include sslmode=require in PostgreSQL connection string","status":"passed","title":"should include sslmode=require in PostgreSQL connection string","duration":0.19090000000005602,"failureMessages":[],"meta":{}},{"ancestorTitles":["Database Connection Strings","TC-DB-094: PostgreSQL Connection String Format"],"fullName":"Database Connection Strings TC-DB-094: PostgreSQL Connection String Format should support alternative PostgreSQL schemes","status":"passed","title":"should support alternative PostgreSQL schemes","duration":0.14130000000022847,"failureMessages":[],"meta":{}},{"ancestorTitles":["Database Connection Strings","TC-DB-094: PostgreSQL Connection String Format"],"fullName":"Database Connection Strings TC-DB-094: PostgreSQL Connection String Format should use default port 5432 if not specified","status":"passed","title":"should use default port 5432 if not specified","duration":0.16570000000001528,"failureMessages":[],"meta":{}},{"ancestorTitles":["Database Connection Strings","TC-DB-094: PostgreSQL Connection String Format"],"fullName":"Database Connection Strings TC-DB-094: PostgreSQL Connection String Format should handle multiple SSL options","status":"passed","title":"should handle multiple SSL options","duration":0.2584999999999127,"failureMessages":[],"meta":{}},{"ancestorTitles":["Database Connection Strings","TC-DB-095: MongoDB Connection String Format"],"fullName":"Database Connection Strings TC-DB-095: MongoDB Connection String Format should generate valid MongoDB connection string format","status":"passed","title":"should generate valid MongoDB connection string format","duration":0.2588999999998123,"failureMessages":[],"meta":{}},{"ancestorTitles":["Database Connection Strings","TC-DB-095: MongoDB Connection String Format"],"fullName":"Database Connection Strings TC-DB-095: MongoDB Connection String Format should include SSL parameter in MongoDB connection string","status":"passed","title":"should include SSL parameter in MongoDB connection string","duration":0.16900000000032378,"failureMessages":[],"meta":{}},{"ancestorTitles":["Database Connection Strings","TC-DB-095: MongoDB Connection String Format"],"fullName":"Database Connection Strings TC-DB-095: MongoDB Connection String Format should support MongoDB+SRV scheme for replica sets","status":"passed","title":"should support MongoDB+SRV scheme for replica sets","duration":0.20730000000003201,"failureMessages":[],"meta":{}},{"ancestorTitles":["Database Connection Strings","TC-DB-095: MongoDB Connection String Format"],"fullName":"Database Connection Strings TC-DB-095: MongoDB Connection String Format should handle authentication database parameter","status":"passed","title":"should handle authentication database parameter","duration":0.10179999999991196,"failureMessages":[],"meta":{}},{"ancestorTitles":["Database Connection Strings","TC-DB-095: MongoDB Connection String Format"],"fullName":"Database Connection Strings TC-DB-095: MongoDB Connection String Format should use default port 27017 if not specified","status":"passed","title":"should use default port 27017 if not specified","duration":0.0945000000001528,"failureMessages":[],"meta":{}},{"ancestorTitles":["Database Connection Strings","TC-DB-095: MongoDB Connection String Format"],"fullName":"Database Connection Strings TC-DB-095: MongoDB Connection String Format should support replica set connections","status":"passed","title":"should support replica set connections","duration":0.1228000000000975,"failureMessages":[],"meta":{}},{"ancestorTitles":["Database Connection Strings","TC-DB-096: Redis Connection String Format"],"fullName":"Database Connection Strings TC-DB-096: Redis Connection String Format should generate valid Redis connection string format","status":"passed","title":"should generate valid Redis connection string format","duration":0.18800000000010186,"failureMessages":[],"meta":{}},{"ancestorTitles":["Database Connection Strings","TC-DB-096: Redis Connection String Format"],"fullName":"Database Connection Strings TC-DB-096: Redis Connection String Format should use rediss:// scheme for SSL connections","status":"passed","title":"should use rediss:// scheme for SSL connections","duration":0.13500000000021828,"failureMessages":[],"meta":{}},{"ancestorTitles":["Database Connection Strings","TC-DB-096: Redis Connection String Format"],"fullName":"Database Connection Strings TC-DB-096: Redis Connection String Format should support database number parameter","status":"passed","title":"should support database number parameter","duration":0.15799999999990177,"failureMessages":[],"meta":{}},{"ancestorTitles":["Database Connection Strings","TC-DB-096: Redis Connection String Format"],"fullName":"Database Connection Strings TC-DB-096: Redis Connection String Format should use default port 6379 if not specified","status":"passed","title":"should use default port 6379 if not specified","duration":0.09850000000005821,"failureMessages":[],"meta":{}},{"ancestorTitles":["Database Connection Strings","TC-DB-096: Redis Connection String Format"],"fullName":"Database Connection Strings TC-DB-096: Redis Connection String Format should handle Redis without authentication","status":"passed","title":"should handle Redis without authentication","duration":0.1008999999999105,"failureMessages":[],"meta":{}},{"ancestorTitles":["Database Connection Strings","TC-DB-096: Redis Connection String Format"],"fullName":"Database Connection Strings TC-DB-096: Redis Connection String Format should support custom username (Redis 6+)","status":"passed","title":"should support custom username (Redis 6+)","duration":0.09400000000005093,"failureMessages":[],"meta":{}},{"ancestorTitles":["Database Connection Strings","Connection String Validation"],"fullName":"Database Connection Strings Connection String Validation should validate MySQL connection string format","status":"passed","title":"should validate MySQL connection string format","duration":0.15819999999985157,"failureMessages":[],"meta":{}},{"ancestorTitles":["Database Connection Strings","Connection String Validation"],"fullName":"Database Connection Strings Connection String Validation should validate PostgreSQL connection string format","status":"passed","title":"should validate PostgreSQL connection string format","duration":0.19900000000006912,"failureMessages":[],"meta":{}},{"ancestorTitles":["Database Connection Strings","Connection String Validation"],"fullName":"Database Connection Strings Connection String Validation should validate MongoDB connection string format","status":"passed","title":"should validate MongoDB connection string format","duration":0.29379999999991924,"failureMessages":[],"meta":{}},{"ancestorTitles":["Database Connection Strings","Connection String Validation"],"fullName":"Database Connection Strings Connection String Validation should validate Redis connection string format","status":"passed","title":"should validate Redis connection string format","duration":0.19530000000031578,"failureMessages":[],"meta":{}},{"ancestorTitles":["Database Connection Strings","Connection String Parsing"],"fullName":"Database Connection Strings Connection String Parsing should parse MySQL connection string","status":"passed","title":"should parse MySQL connection string","duration":0.6616999999996551,"failureMessages":[],"meta":{}},{"ancestorTitles":["Database Connection Strings","Connection String Parsing"],"fullName":"Database Connection Strings Connection String Parsing should parse PostgreSQL connection string with SSL","status":"passed","title":"should parse PostgreSQL connection string with SSL","duration":0.3966000000000349,"failureMessages":[],"meta":{}},{"ancestorTitles":["Database Connection Strings","Connection String Parsing"],"fullName":"Database Connection Strings Connection String Parsing should parse MongoDB connection string","status":"passed","title":"should parse MongoDB connection string","duration":0.3222000000000662,"failureMessages":[],"meta":{}},{"ancestorTitles":["Database Connection Strings","Connection String Parsing"],"fullName":"Database Connection Strings Connection String Parsing should parse Redis connection string","status":"passed","title":"should parse Redis connection string","duration":0.21090000000003783,"failureMessages":[],"meta":{}},{"ancestorTitles":["Database Connection Strings","Password Security"],"fullName":"Database Connection Strings Password Security should URL encode special characters in passwords","status":"passed","title":"should URL encode special characters in passwords","duration":0.20420000000012806,"failureMessages":[],"meta":{}},{"ancestorTitles":["Database Connection Strings","Password Security"],"fullName":"Database Connection Strings Password Security should mask passwords in connection strings for display","status":"passed","title":"should mask passwords in connection strings for display","duration":0.18409999999994398,"failureMessages":[],"meta":{}},{"ancestorTitles":["Database Connection Strings","Password Security"],"fullName":"Database Connection Strings Password Security should extract password from connection string","status":"passed","title":"should extract password from connection string","duration":0.12930000000005748,"failureMessages":[],"meta":{}}],"startTime":1771763797838,"endTime":1771763797847.211,"status":"passed","message":"","name":"D:/work/cloud-services/tests/unit/connection-strings.test.ts"},{"assertionResults":[{"ancestorTitles":["config/pricing","getRatesForDatabase"],"fullName":"config/pricing getRatesForDatabase should return rates for a valid plan","status":"passed","title":"should return rates for a valid plan","duration":4.567099999999755,"failureMessages":[],"meta":{}},{"ancestorTitles":["config/pricing","getRatesForDatabase"],"fullName":"config/pricing getRatesForDatabase should return zero rates when product is null","status":"passed","title":"should return zero rates when product is null","duration":1.4601999999999862,"failureMessages":[],"meta":{}},{"ancestorTitles":["config/pricing","getRatesForDatabase"],"fullName":"config/pricing getRatesForDatabase should handle product with null price","status":"passed","title":"should handle product with null price","duration":1.2545000000000073,"failureMessages":[],"meta":{}},{"ancestorTitles":["config/pricing","getRatesForKubernetesExisting"],"fullName":"config/pricing getRatesForKubernetesExisting should return rates for a valid Kubernetes plan","status":"passed","title":"should return rates for a valid Kubernetes plan","duration":3.072400000000016,"failureMessages":[],"meta":{}},{"ancestorTitles":["config/pricing","getRatesForObjectStorage"],"fullName":"config/pricing getRatesForObjectStorage should return rates from first object-storage product","status":"passed","title":"should return rates from first object-storage product","duration":1.2914999999998145,"failureMessages":[],"meta":{}},{"ancestorTitles":["config/pricing","getRatesForObjectStorage"],"fullName":"config/pricing getRatesForObjectStorage should return zero when no products exist","status":"passed","title":"should return zero when no products exist","duration":0.9603000000001884,"failureMessages":[],"meta":{}},{"ancestorTitles":["config/pricing","getRatesForSpectrum"],"fullName":"config/pricing getRatesForSpectrum should return rates from first network-ddos product","status":"passed","title":"should return rates from first network-ddos product","duration":0.8921000000000276,"failureMessages":[],"meta":{}},{"ancestorTitles":["config/pricing","getRatesForPlatformApp"],"fullName":"config/pricing getRatesForPlatformApp should return rates for small size","status":"passed","title":"should return rates for small size","duration":1.1979000000001179,"failureMessages":[],"meta":{}},{"ancestorTitles":["config/pricing","getRatesForPlatformApp"],"fullName":"config/pricing getRatesForPlatformApp should return rates for large size","status":"passed","title":"should return rates for large size","duration":1.3312999999998283,"failureMessages":[],"meta":{}},{"ancestorTitles":["config/pricing","getRatesForPlatformApp"],"fullName":"config/pricing getRatesForPlatformApp should handle missing product for size","status":"passed","title":"should handle missing product for size","duration":0.6286000000000058,"failureMessages":[],"meta":{}},{"ancestorTitles":["config/pricing","getAllPlatformAppRates"],"fullName":"config/pricing getAllPlatformAppRates should return rates for all sizes","status":"passed","title":"should return rates for all sizes","duration":1.0857999999998356,"failureMessages":[],"meta":{}},{"ancestorTitles":["config/pricing","getAllPlatformAppRates"],"fullName":"config/pricing getAllPlatformAppRates should handle empty products array","status":"passed","title":"should handle empty products array","duration":0.5380000000000109,"failureMessages":[],"meta":{}}],"startTime":1771763797275,"endTime":1771763797294.538,"status":"passed","message":"","name":"D:/work/cloud-services/tests/unit/pricing.test.ts"},{"assertionResults":[{"ancestorTitles":["rate-limit","rateLimit.check"],"fullName":"rate-limit rateLimit.check should allow requests within limit","status":"passed","title":"should allow requests within limit","duration":6.888599999999769,"failureMessages":[],"meta":{}},{"ancestorTitles":["rate-limit","rateLimit.check"],"fullName":"rate-limit rateLimit.check should allow multiple requests up to limit","status":"passed","title":"should allow multiple requests up to limit","duration":1.6819000000000415,"failureMessages":[],"meta":{}},{"ancestorTitles":["rate-limit","rateLimit.check"],"fullName":"rate-limit rateLimit.check should throw after limit exceeded","status":"passed","title":"should throw after limit exceeded","duration":2.356199999999717,"failureMessages":[],"meta":{}},{"ancestorTitles":["rate-limit","rateLimit.check"],"fullName":"rate-limit rateLimit.check should track different IPs separately","status":"passed","title":"should track different IPs separately","duration":1.754699999999957,"failureMessages":[],"meta":{}},{"ancestorTitles":["rate-limit","rateLimit.check"],"fullName":"rate-limit rateLimit.check should use custom token when provided","status":"passed","title":"should use custom token when provided","duration":0.9692999999997483,"failureMessages":[],"meta":{}},{"ancestorTitles":["rate-limit","rateLimit.check"],"fullName":"rate-limit rateLimit.check should default limit to 5 when not specified","status":"passed","title":"should default limit to 5 when not specified","duration":1.1752000000001317,"failureMessages":[],"meta":{}},{"ancestorTitles":["rate-limit","IP extraction"],"fullName":"rate-limit IP extraction should prefer x-forwarded-for header","status":"passed","title":"should prefer x-forwarded-for header","duration":0.7412999999996828,"failureMessages":[],"meta":{}},{"ancestorTitles":["rate-limit","IP extraction"],"fullName":"rate-limit IP extraction should fall back to x-real-ip","status":"passed","title":"should fall back to x-real-ip","duration":1.1983000000000175,"failureMessages":[],"meta":{}},{"ancestorTitles":["rate-limit","IP extraction"],"fullName":"rate-limit IP extraction should use anonymous when no IP headers","status":"passed","title":"should use anonymous when no IP headers","duration":0.9429000000000087,"failureMessages":[],"meta":{}},{"ancestorTitles":["rate-limit","clearRateLimits"],"fullName":"rate-limit clearRateLimits should clear all stored limits","status":"passed","title":"should clear all stored limits","duration":0.7002999999999702,"failureMessages":[],"meta":{}},{"ancestorTitles":["rate-limit","Interval-based key rotation"],"fullName":"rate-limit Interval-based key rotation should reset counts in a new interval window","status":"passed","title":"should reset counts in a new interval window","duration":152.92980000000034,"failureMessages":[],"meta":{}},{"ancestorTitles":["rate-limit","Multiple limiter instances"],"fullName":"rate-limit Multiple limiter instances should share the same underlying store","status":"passed","title":"should share the same underlying store","duration":0.9940000000001419,"failureMessages":[],"meta":{}}],"startTime":1771763773830,"endTime":1771763774002.994,"status":"passed","message":"","name":"D:/work/cloud-services/tests/unit/rate-limit.test.ts"},{"assertionResults":[{"ancestorTitles":["AppCard Component","Rendering Tests"],"fullName":"AppCard Component Rendering Tests TC-PA-C030: should render app card with correct data","status":"passed","title":"TC-PA-C030: should render app card with correct data","duration":136.53639999999996,"failureMessages":[],"meta":{}},{"ancestorTitles":["AppCard Component","Rendering Tests"],"fullName":"AppCard Component Rendering Tests should display app URL as link","status":"passed","title":"should display app URL as link","duration":489.94230000000016,"failureMessages":[],"meta":{}},{"ancestorTitles":["AppCard Component","Rendering Tests"],"fullName":"AppCard Component Rendering Tests should display branch name","status":"skipped","title":"should display branch name","failureMessages":[],"meta":{}},{"ancestorTitles":["AppCard Component","Rendering Tests"],"fullName":"AppCard Component Rendering Tests should display framework info","status":"skipped","title":"should display framework info","failureMessages":[],"meta":{}},{"ancestorTitles":["AppCard Component","Rendering Tests"],"fullName":"AppCard Component Rendering Tests should display size info","status":"skipped","title":"should display size info","failureMessages":[],"meta":{}},{"ancestorTitles":["AppCard Component","Status Badge Tests"],"fullName":"AppCard Component Status Badge Tests TC-PA-C031: should show running status badge","status":"passed","title":"TC-PA-C031: should show running status badge","duration":16.853999999999814,"failureMessages":[],"meta":{}},{"ancestorTitles":["AppCard Component","Status Badge Tests"],"fullName":"AppCard Component Status Badge Tests TC-PA-C032: should show building status with spinner","status":"passed","title":"TC-PA-C032: should show building status with spinner","duration":15.789999999999964,"failureMessages":[],"meta":{}},{"ancestorTitles":["AppCard Component","Status Badge Tests"],"fullName":"AppCard Component Status Badge Tests TC-PA-C033: should show failed status","status":"passed","title":"TC-PA-C033: should show failed status","duration":19.032600000000002,"failureMessages":[],"meta":{}},{"ancestorTitles":["AppCard Component","Status Badge Tests"],"fullName":"AppCard Component Status Badge Tests should show deleting status with spinner","status":"passed","title":"should show deleting status with spinner","duration":13.732899999999972,"failureMessages":[],"meta":{}},{"ancestorTitles":["AppCard Component","Status Badge Tests"],"fullName":"AppCard Component Status Badge Tests should show pending status as default","status":"passed","title":"should show pending status as default","duration":34.04220000000032,"failureMessages":[],"meta":{}},{"ancestorTitles":["AppCard Component","Status Badge Tests"],"fullName":"AppCard Component Status Badge Tests TC-PA-C034: should prioritize build.building over app status","status":"passed","title":"TC-PA-C034: should prioritize build.building over app status","duration":28.96419999999989,"failureMessages":[],"meta":{}},{"ancestorTitles":["AppCard Component","Build Info Display Tests"],"fullName":"AppCard Component Build Info Display Tests TC-PA-C035: should display build number","status":"passed","title":"TC-PA-C035: should display build number","duration":28.10050000000001,"failureMessages":[],"meta":{}},{"ancestorTitles":["AppCard Component","Build Info Display Tests"],"fullName":"AppCard Component Build Info Display Tests TC-PA-C036: should display build progress when building","status":"passed","title":"TC-PA-C036: should display build progress when building","duration":33.70289999999932,"failureMessages":[],"meta":{}},{"ancestorTitles":["AppCard Component","Build Info Display Tests"],"fullName":"AppCard Component Build Info Display Tests should display build timestamp","status":"passed","title":"should display build timestamp","duration":18.70010000000002,"failureMessages":[],"meta":{}},{"ancestorTitles":["AppCard Component","Interaction Tests"],"fullName":"AppCard Component Interaction Tests TC-PA-C037: should call onDelete when delete button clicked","status":"passed","title":"TC-PA-C037: should call onDelete when delete button clicked","duration":263.9495999999999,"failureMessages":[],"meta":{}},{"ancestorTitles":["AppCard Component","Interaction Tests"],"fullName":"AppCard Component Interaction Tests TC-PA-C038: should call onToggleLogs when logs button clicked","status":"passed","title":"TC-PA-C038: should call onToggleLogs when logs button clicked","duration":198.15640000000076,"failureMessages":[],"meta":{}},{"ancestorTitles":["AppCard Component","Interaction Tests"],"fullName":"AppCard Component Interaction Tests TC-PA-C039: should disable delete button when deleting","status":"passed","title":"TC-PA-C039: should disable delete button when deleting","duration":138.38780000000042,"failureMessages":[],"meta":{}},{"ancestorTitles":["AppCard Component","Logs Display Tests"],"fullName":"AppCard Component Logs Display Tests TC-PA-C040: should show logs when expanded","status":"passed","title":"TC-PA-C040: should show logs when expanded","duration":28.54699999999957,"failureMessages":[],"meta":{}},{"ancestorTitles":["AppCard Component","Logs Display Tests"],"fullName":"AppCard Component Logs Display Tests TC-PA-C041: should hide logs when collapsed","status":"passed","title":"TC-PA-C041: should hide logs when collapsed","duration":28.927099999999882,"failureMessages":[],"meta":{}},{"ancestorTitles":["AppCard Component","Logs Display Tests"],"fullName":"AppCard Component Logs Display Tests TC-PA-C042: should call onFetchLogs with build number","status":"passed","title":"TC-PA-C042: should call onFetchLogs with build number","duration":169.8078999999998,"failureMessages":[],"meta":{}},{"ancestorTitles":["AppCard Component","Metrics Display Tests"],"fullName":"AppCard Component Metrics Display Tests TC-PA-C043: should display CPU metrics when provided","status":"passed","title":"TC-PA-C043: should display CPU metrics when provided","duration":15.46600000000035,"failureMessages":[],"meta":{}},{"ancestorTitles":["AppCard Component","Metrics Display Tests"],"fullName":"AppCard Component Metrics Display Tests TC-PA-C044: should display memory metrics when provided","status":"passed","title":"TC-PA-C044: should display memory metrics when provided","duration":20.133700000000317,"failureMessages":[],"meta":{}},{"ancestorTitles":["AppCard Component","Metrics Display Tests"],"fullName":"AppCard Component Metrics Display Tests TC-PA-C045: should show loading state for metrics","status":"passed","title":"TC-PA-C045: should show loading state for metrics","duration":15.5016999999998,"failureMessages":[],"meta":{}},{"ancestorTitles":["AppCard Component","Health Display Tests"],"fullName":"AppCard Component Health Display Tests TC-PA-C046: should display healthy status","status":"passed","title":"TC-PA-C046: should display healthy status","duration":60.70629999999983,"failureMessages":[],"meta":{}},{"ancestorTitles":["AppCard Component","Health Display Tests"],"fullName":"AppCard Component Health Display Tests TC-PA-C047: should display unhealthy status","status":"passed","title":"TC-PA-C047: should display unhealthy status","duration":13.884000000000015,"failureMessages":[],"meta":{}},{"ancestorTitles":["AppCard Component","Health Display Tests"],"fullName":"AppCard Component Health Display Tests should display degraded status","status":"passed","title":"should display degraded status","duration":11.164199999999255,"failureMessages":[],"meta":{}},{"ancestorTitles":["AppCard Component","Link Navigation Tests"],"fullName":"AppCard Component Link Navigation Tests TC-PA-C048: should have link to app details page","status":"passed","title":"TC-PA-C048: should have link to app details page","duration":11.475199999999859,"failureMessages":[],"meta":{}},{"ancestorTitles":["AppCard Component","Link Navigation Tests"],"fullName":"AppCard Component Link Navigation Tests TC-PA-C049: should have external link to app URL","status":"passed","title":"TC-PA-C049: should have external link to app URL","duration":12.919799999999668,"failureMessages":[],"meta":{}},{"ancestorTitles":["AppCard Component","Copy URL Tests"],"fullName":"AppCard Component Copy URL Tests should copy URL to clipboard when copy button clicked","status":"passed","title":"should copy URL to clipboard when copy button clicked","duration":168.6190999999999,"failureMessages":[],"meta":{}}],"startTime":1771763767651,"endTime":1771763769652.6191,"status":"passed","message":"","name":"D:/work/cloud-services/tests/components/apps/app-card.test.tsx"},{"assertionResults":[{"ancestorTitles":["AppCreateForm"],"fullName":"AppCreateForm TC-PA-C001: should render initial step","status":"passed","title":"TC-PA-C001: should render initial step","duration":49.48939999999993,"failureMessages":[],"meta":{}},{"ancestorTitles":["AppCreateForm"],"fullName":"AppCreateForm TC-PA-C002: should show git provider selection","status":"passed","title":"TC-PA-C002: should show git provider selection","duration":8.186699999999746,"failureMessages":[],"meta":{}},{"ancestorTitles":["AppCreateForm"],"fullName":"AppCreateForm TC-PA-C003: should navigate to step 2","status":"passed","title":"TC-PA-C003: should navigate to step 2","duration":178.54929999999968,"failureMessages":[],"meta":{}},{"ancestorTitles":["AppCreateForm"],"fullName":"AppCreateForm TC-PA-C004: should accept repository input","status":"passed","title":"TC-PA-C004: should accept repository input","duration":325.3757999999998,"failureMessages":[],"meta":{}},{"ancestorTitles":["AppCreateForm"],"fullName":"AppCreateForm TC-PA-C005: should navigate to step 3","status":"passed","title":"TC-PA-C005: should navigate to step 3","duration":539.7649999999999,"failureMessages":[],"meta":{}},{"ancestorTitles":["AppCreateForm"],"fullName":"AppCreateForm TC-PA-C006: should select framework","status":"passed","title":"TC-PA-C006: should select framework","duration":558.7185,"failureMessages":[],"meta":{}},{"ancestorTitles":["AppCreateForm"],"fullName":"AppCreateForm TC-PA-C007: should navigate to step 4","status":"passed","title":"TC-PA-C007: should navigate to step 4","duration":514.0866999999998,"failureMessages":[],"meta":{}},{"ancestorTitles":["AppCreateForm"],"fullName":"AppCreateForm TC-PA-C008: should call onSuccess on deploy","status":"passed","title":"TC-PA-C008: should call onSuccess on deploy","duration":554.5784999999996,"failureMessages":[],"meta":{}}],"startTime":1771763767136,"endTime":1771763769864.5786,"status":"passed","message":"","name":"D:/work/cloud-services/tests/components/apps/app-create-form.test.tsx"},{"assertionResults":[{"ancestorTitles":["AppsList Component","Rendering Tests"],"fullName":"AppsList Component Rendering Tests TC-PA-C050: should render apps list correctly","status":"passed","title":"TC-PA-C050: should render apps list correctly","duration":262.8860999999997,"failureMessages":[],"meta":{}},{"ancestorTitles":["AppsList Component","Rendering Tests"],"fullName":"AppsList Component Rendering Tests TC-PA-C051: should show loading state","status":"passed","title":"TC-PA-C051: should show loading state","duration":7.185199999999895,"failureMessages":[],"meta":{}},{"ancestorTitles":["AppsList Component","Rendering Tests"],"fullName":"AppsList Component Rendering Tests TC-PA-C052: should show empty state when no apps","status":"passed","title":"TC-PA-C052: should show empty state when no apps","duration":11.850800000000163,"failureMessages":[],"meta":{}},{"ancestorTitles":["AppsList Component","Rendering Tests"],"fullName":"AppsList Component Rendering Tests should display singular \"app\" when only one app","status":"passed","title":"should display singular \"app\" when only one app","duration":32.61729999999989,"failureMessages":[],"meta":{}},{"ancestorTitles":["AppsList Component","Rendering Tests"],"fullName":"AppsList Component Rendering Tests should render AppCard for each app","status":"passed","title":"should render AppCard for each app","duration":88.86749999999938,"failureMessages":[],"meta":{}},{"ancestorTitles":["AppsList Component","Search/Filter Tests"],"fullName":"AppsList Component Search/Filter Tests TC-PA-C053: should filter apps by search term","status":"passed","title":"TC-PA-C053: should filter apps by search term","duration":454.6247000000003,"failureMessages":[],"meta":{}},{"ancestorTitles":["AppsList Component","Search/Filter Tests"],"fullName":"AppsList Component Search/Filter Tests should show filter count","status":"passed","title":"should show filter count","duration":345.98019999999997,"failureMessages":[],"meta":{}},{"ancestorTitles":["AppsList Component","Search/Filter Tests"],"fullName":"AppsList Component Search/Filter Tests should be case-insensitive search","status":"passed","title":"should be case-insensitive search","duration":213.54099999999926,"failureMessages":[],"meta":{}},{"ancestorTitles":["AppsList Component","Search/Filter Tests"],"fullName":"AppsList Component Search/Filter Tests should show all apps when search is cleared","status":"passed","title":"should show all apps when search is cleared","duration":220.15350000000035,"failureMessages":[],"meta":{}},{"ancestorTitles":["AppsList Component","Status Display Tests"],"fullName":"AppsList Component Status Display Tests TC-PA-C054: should display running status with correct styling","status":"passed","title":"TC-PA-C054: should display running status with correct styling","duration":23.768600000000333,"failureMessages":[],"meta":{}},{"ancestorTitles":["AppsList Component","Status Display Tests"],"fullName":"AppsList Component Status Display Tests TC-PA-C055: should display building status with spinner","status":"passed","title":"TC-PA-C055: should display building status with spinner","duration":24.538300000000163,"failureMessages":[],"meta":{}},{"ancestorTitles":["AppsList Component","Status Display Tests"],"fullName":"AppsList Component Status Display Tests TC-PA-C056: should display failed status","status":"passed","title":"TC-PA-C056: should display failed status","duration":25.249300000000403,"failureMessages":[],"meta":{}},{"ancestorTitles":["AppsList Component","Status Display Tests"],"fullName":"AppsList Component Status Display Tests should display deleting status","status":"passed","title":"should display deleting status","duration":23.07390000000032,"failureMessages":[],"meta":{}},{"ancestorTitles":["AppsList Component","Delete Flow Tests"],"fullName":"AppsList Component Delete Flow Tests TC-PA-C057: should open delete modal on delete click","status":"passed","title":"TC-PA-C057: should open delete modal on delete click","duration":476.6907000000001,"failureMessages":[],"meta":{}},{"ancestorTitles":["AppsList Component","Delete Flow Tests"],"fullName":"AppsList Component Delete Flow Tests TC-PA-C058: should call onUpdateApps with deleting status","status":"passed","title":"TC-PA-C058: should call onUpdateApps with deleting status","duration":23.553899999999885,"failureMessages":[],"meta":{}},{"ancestorTitles":["AppsList Component","Build Info Tests"],"fullName":"AppsList Component Build Info Tests TC-PA-C059: should display build information","status":"passed","title":"TC-PA-C059: should display build information","duration":29.8132999999998,"failureMessages":[],"meta":{}},{"ancestorTitles":["AppsList Component","Build Info Tests"],"fullName":"AppsList Component Build Info Tests should handle missing build info gracefully","status":"passed","title":"should handle missing build info gracefully","duration":22.850500000000466,"failureMessages":[],"meta":{}},{"ancestorTitles":["AppsList Component","Logs Expansion Tests"],"fullName":"AppsList Component Logs Expansion Tests TC-PA-C060: should call onFetchLogs when expanding logs","status":"passed","title":"TC-PA-C060: should call onFetchLogs when expanding logs","duration":370.97379999999976,"failureMessages":[],"meta":{}},{"ancestorTitles":["AppsList Component","Logs Expansion Tests"],"fullName":"AppsList Component Logs Expansion Tests should toggle logs expansion state","status":"passed","title":"should toggle logs expansion state","duration":29.339700000000448,"failureMessages":[],"meta":{}},{"ancestorTitles":["AppsList Component","Metrics Display Tests"],"fullName":"AppsList Component Metrics Display Tests should fetch metrics for running apps only","status":"passed","title":"should fetch metrics for running apps only","duration":69.69380000000001,"failureMessages":[],"meta":{}},{"ancestorTitles":["AppsList Component","Scrollable List Tests"],"fullName":"AppsList Component Scrollable List Tests should have scrollable container for many apps","status":"passed","title":"should have scrollable container for many apps","duration":252.57899999999972,"failureMessages":[],"meta":{}}],"startTime":1771763768421,"endTime":1771763771434.579,"status":"passed","message":"","name":"D:/work/cloud-services/tests/components/apps/apps-list.test.tsx"},{"assertionResults":[{"ancestorTitles":["CustomDomainsManager"],"fullName":"CustomDomainsManager TC-PA-C130: should render domains manager","status":"passed","title":"TC-PA-C130: should render domains manager","duration":38.852499999999964,"failureMessages":[],"meta":{}},{"ancestorTitles":["CustomDomainsManager"],"fullName":"CustomDomainsManager TC-PA-C131: should display domain list","status":"passed","title":"TC-PA-C131: should display domain list","duration":6.810599999999795,"failureMessages":[],"meta":{}},{"ancestorTitles":["CustomDomainsManager"],"fullName":"CustomDomainsManager TC-PA-C132: should show add domain button","status":"passed","title":"TC-PA-C132: should show add domain button","duration":4.46329999999989,"failureMessages":[],"meta":{}},{"ancestorTitles":["CustomDomainsManager"],"fullName":"CustomDomainsManager TC-PA-C133: should display domain items","status":"passed","title":"TC-PA-C133: should display domain items","duration":13.25,"failureMessages":[],"meta":{}},{"ancestorTitles":["CustomDomainsManager"],"fullName":"CustomDomainsManager TC-PA-C134: should show domain status","status":"passed","title":"TC-PA-C134: should show domain status","duration":6.080299999999625,"failureMessages":[],"meta":{}},{"ancestorTitles":["CustomDomainsManager"],"fullName":"CustomDomainsManager TC-PA-C135: should show primary badge","status":"passed","title":"TC-PA-C135: should show primary badge","duration":8.717200000000048,"failureMessages":[],"meta":{}}],"startTime":1771763780195,"endTime":1771763780273.7173,"status":"passed","message":"","name":"D:/work/cloud-services/tests/components/apps/custom-domains-manager.test.tsx"},{"assertionResults":[{"ancestorTitles":["DeleteAppModal Component","Rendering Tests"],"fullName":"DeleteAppModal Component Rendering Tests TC-PA-C140: should render modal when open","status":"passed","title":"TC-PA-C140: should render modal when open","duration":388.09519999999975,"failureMessages":[],"meta":{}},{"ancestorTitles":["DeleteAppModal Component","Rendering Tests"],"fullName":"DeleteAppModal Component Rendering Tests TC-PA-C141: should not render when closed","status":"passed","title":"TC-PA-C141: should not render when closed","duration":6.3332000000000335,"failureMessages":[],"meta":{}},{"ancestorTitles":["DeleteAppModal Component","Rendering Tests"],"fullName":"DeleteAppModal Component Rendering Tests should display app name in confirmation","status":"passed","title":"should display app name in confirmation","duration":148.35159999999996,"failureMessages":[],"meta":{}},{"ancestorTitles":["DeleteAppModal Component","Rendering Tests"],"fullName":"DeleteAppModal Component Rendering Tests should display warning about permanent deletion","status":"passed","title":"should display warning about permanent deletion","duration":114.90430000000015,"failureMessages":[],"meta":{}},{"ancestorTitles":["DeleteAppModal Component","Rendering Tests"],"fullName":"DeleteAppModal Component Rendering Tests should list resources to be deleted","status":"passed","title":"should list resources to be deleted","duration":89.7157000000002,"failureMessages":[],"meta":{}},{"ancestorTitles":["DeleteAppModal Component","Button State Tests"],"fullName":"DeleteAppModal Component Button State Tests TC-PA-C072: should show Cancel and Delete buttons","status":"passed","title":"TC-PA-C072: should show Cancel and Delete buttons","duration":248.5536000000002,"failureMessages":[],"meta":{}},{"ancestorTitles":["DeleteAppModal Component","Button State Tests"],"fullName":"DeleteAppModal Component Button State Tests TC-PA-C073: should disable buttons during deletion","status":"passed","title":"TC-PA-C073: should disable buttons during deletion","duration":210.3701000000001,"failureMessages":[],"meta":{}},{"ancestorTitles":["DeleteAppModal Component","Interaction Tests"],"fullName":"DeleteAppModal Component Interaction Tests TC-PA-C074: should call onOpenChange when Cancel clicked","status":"passed","title":"TC-PA-C074: should call onOpenChange when Cancel clicked","duration":196.45460000000003,"failureMessages":[],"meta":{}},{"ancestorTitles":["DeleteAppModal Component","Interaction Tests"],"fullName":"DeleteAppModal Component Interaction Tests TC-PA-C075: should call onDeleteStart when Delete clicked","status":"passed","title":"TC-PA-C075: should call onDeleteStart when Delete clicked","duration":181.1325999999999,"failureMessages":[],"meta":{}},{"ancestorTitles":["DeleteAppModal Component","API Call Tests"],"fullName":"DeleteAppModal Component API Call Tests TC-PA-C076: should call delete API with correct payload","status":"passed","title":"TC-PA-C076: should call delete API with correct payload","duration":181.42529999999988,"failureMessages":[],"meta":{}},{"ancestorTitles":["DeleteAppModal Component","API Call Tests"],"fullName":"DeleteAppModal Component API Call Tests TC-PA-C077: should call onDeleteSuccess on successful delete","status":"passed","title":"TC-PA-C077: should call onDeleteSuccess on successful delete","duration":200.5037999999995,"failureMessages":[],"meta":{}},{"ancestorTitles":["DeleteAppModal Component","API Call Tests"],"fullName":"DeleteAppModal Component API Call Tests TC-PA-C078: should call onDeleteError on failed delete","status":"passed","title":"TC-PA-C078: should call onDeleteError on failed delete","duration":192.66820000000007,"failureMessages":[],"meta":{}},{"ancestorTitles":["DeleteAppModal Component","API Call Tests"],"fullName":"DeleteAppModal Component API Call Tests TC-PA-C079: should handle network errors","status":"passed","title":"TC-PA-C079: should handle network errors","duration":161.17609999999968,"failureMessages":[],"meta":{}},{"ancestorTitles":["DeleteAppModal Component","Toast Notification Tests"],"fullName":"DeleteAppModal Component Toast Notification Tests TC-PA-C080: should show info toast when deletion starts","status":"passed","title":"TC-PA-C080: should show info toast when deletion starts","duration":137.29179999999997,"failureMessages":[],"meta":{}},{"ancestorTitles":["DeleteAppModal Component","Toast Notification Tests"],"fullName":"DeleteAppModal Component Toast Notification Tests TC-PA-C081: should show success toast on successful delete","status":"passed","title":"TC-PA-C081: should show success toast on successful delete","duration":154.8687,"failureMessages":[],"meta":{}},{"ancestorTitles":["DeleteAppModal Component","Toast Notification Tests"],"fullName":"DeleteAppModal Component Toast Notification Tests TC-PA-C082: should show error toast on failed delete","status":"passed","title":"TC-PA-C082: should show error toast on failed delete","duration":151.05629999999928,"failureMessages":[],"meta":{}},{"ancestorTitles":["DeleteAppModal Component","Edge Cases"],"fullName":"DeleteAppModal Component Edge Cases TC-PA-C083: should handle null appId","status":"passed","title":"TC-PA-C083: should handle null appId","duration":127.60710000000017,"failureMessages":[],"meta":{}},{"ancestorTitles":["DeleteAppModal Component","Edge Cases"],"fullName":"DeleteAppModal Component Edge Cases TC-PA-C084: should handle null appName","status":"passed","title":"TC-PA-C084: should handle null appName","duration":54.069900000000416,"failureMessages":[],"meta":{}},{"ancestorTitles":["DeleteAppModal Component","Edge Cases"],"fullName":"DeleteAppModal Component Edge Cases TC-PA-C085: should reset state when modal reopens","status":"passed","title":"TC-PA-C085: should reset state when modal reopens","duration":94.91550000000007,"failureMessages":[],"meta":{}},{"ancestorTitles":["DeleteAppModal Component","Edge Cases"],"fullName":"DeleteAppModal Component Edge Cases TC-PA-C086: should reset state when appId changes","status":"passed","title":"TC-PA-C086: should reset state when appId changes","duration":112.6906999999992,"failureMessages":[],"meta":{}},{"ancestorTitles":["DeleteAppModal Component","Accessibility Tests"],"fullName":"DeleteAppModal Component Accessibility Tests TC-PA-C087: should have proper dialog role","status":"passed","title":"TC-PA-C087: should have proper dialog role","duration":72.96630000000005,"failureMessages":[],"meta":{}},{"ancestorTitles":["DeleteAppModal Component","Accessibility Tests"],"fullName":"DeleteAppModal Component Accessibility Tests TC-PA-C088: should have proper heading","status":"passed","title":"TC-PA-C088: should have proper heading","duration":102.5609999999997,"failureMessages":[],"meta":{}},{"ancestorTitles":["DeleteAppModal Component","Accessibility Tests"],"fullName":"DeleteAppModal Component Accessibility Tests should focus cancel button by default","status":"passed","title":"should focus cancel button by default","duration":89.41249999999945,"failureMessages":[],"meta":{}}],"startTime":1771763767580,"endTime":1771763770999.4126,"status":"passed","message":"","name":"D:/work/cloud-services/tests/components/apps/delete-app-modal.test.tsx"},{"assertionResults":[{"ancestorTitles":["EnvVarsEditor Component","Rendering Tests"],"fullName":"EnvVarsEditor Component Rendering Tests TC-PA-C090: should render empty state","status":"passed","title":"TC-PA-C090: should render empty state","duration":289.56359999999995,"failureMessages":[],"meta":{}},{"ancestorTitles":["EnvVarsEditor Component","Rendering Tests"],"fullName":"EnvVarsEditor Component Rendering Tests TC-PA-C091: should render existing env vars","status":"passed","title":"TC-PA-C091: should render existing env vars","duration":84.77660000000014,"failureMessages":[],"meta":{}},{"ancestorTitles":["EnvVarsEditor Component","Rendering Tests"],"fullName":"EnvVarsEditor Component Rendering Tests TC-PA-C092: should mask values by default","status":"passed","title":"TC-PA-C092: should mask values by default","duration":84.96810000000005,"failureMessages":[],"meta":{}},{"ancestorTitles":["EnvVarsEditor Component","Rendering Tests"],"fullName":"EnvVarsEditor Component Rendering Tests TC-PA-C093: should show value when visibility toggled","status":"passed","title":"TC-PA-C093: should show value when visibility toggled","duration":238.8804,"failureMessages":[],"meta":{}},{"ancestorTitles":["EnvVarsEditor Component","Add Variable Tests"],"fullName":"EnvVarsEditor Component Add Variable Tests TC-PA-C094: should add new variable on button click","status":"passed","title":"TC-PA-C094: should add new variable on button click","duration":168.56039999999985,"failureMessages":[],"meta":{}},{"ancestorTitles":["EnvVarsEditor Component","Add Variable Tests"],"fullName":"EnvVarsEditor Component Add Variable Tests TC-PA-C095: should add to existing variables","status":"passed","title":"TC-PA-C095: should add to existing variables","duration":184.21150000000034,"failureMessages":[],"meta":{}},{"ancestorTitles":["EnvVarsEditor Component","Remove Variable Tests"],"fullName":"EnvVarsEditor Component Remove Variable Tests TC-PA-C096: should remove variable on delete click","status":"skipped","title":"TC-PA-C096: should remove variable on delete click","failureMessages":[],"meta":{}},{"ancestorTitles":["EnvVarsEditor Component","Remove Variable Tests"],"fullName":"EnvVarsEditor Component Remove Variable Tests TC-PA-C097: should clear all variables","status":"passed","title":"TC-PA-C097: should clear all variables","duration":202.07140000000072,"failureMessages":[],"meta":{}},{"ancestorTitles":["EnvVarsEditor Component","Update Variable Tests"],"fullName":"EnvVarsEditor Component Update Variable Tests TC-PA-C098: should update key on input change","status":"passed","title":"TC-PA-C098: should update key on input change","duration":168.69280000000072,"failureMessages":[],"meta":{}},{"ancestorTitles":["EnvVarsEditor Component","Update Variable Tests"],"fullName":"EnvVarsEditor Component Update Variable Tests TC-PA-C099: should update value on input change","status":"passed","title":"TC-PA-C099: should update value on input change","duration":236.53409999999985,"failureMessages":[],"meta":{}},{"ancestorTitles":["EnvVarsEditor Component","Validation Tests"],"fullName":"EnvVarsEditor Component Validation Tests TC-PA-C100: should show error for invalid key format","status":"passed","title":"TC-PA-C100: should show error for invalid key format","duration":53.10979999999927,"failureMessages":[],"meta":{}},{"ancestorTitles":["EnvVarsEditor Component","Validation Tests"],"fullName":"EnvVarsEditor Component Validation Tests TC-PA-C101: should show error for duplicate keys","status":"skipped","title":"TC-PA-C101: should show error for duplicate keys","failureMessages":[],"meta":{}},{"ancestorTitles":["EnvVarsEditor Component","Validation Tests"],"fullName":"EnvVarsEditor Component Validation Tests TC-PA-C102: should accept valid key formats","status":"passed","title":"TC-PA-C102: should accept valid key formats","duration":51.694900000000416,"failureMessages":[],"meta":{}},{"ancestorTitles":["EnvVarsEditor Component","Paste Handling Tests"],"fullName":"EnvVarsEditor Component Paste Handling Tests TC-PA-C103: should parse KEY=VALUE on paste","status":"skipped","title":"TC-PA-C103: should parse KEY=VALUE on paste","failureMessages":[],"meta":{}},{"ancestorTitles":["EnvVarsEditor Component","Paste Handling Tests"],"fullName":"EnvVarsEditor Component Paste Handling Tests TC-PA-C104: should import multiple env vars from paste","status":"skipped","title":"TC-PA-C104: should import multiple env vars from paste","failureMessages":[],"meta":{}},{"ancestorTitles":["EnvVarsEditor Component","Paste Handling Tests"],"fullName":"EnvVarsEditor Component Paste Handling Tests TC-PA-C105: should strip quotes from pasted values","status":"skipped","title":"TC-PA-C105: should strip quotes from pasted values","failureMessages":[],"meta":{}},{"ancestorTitles":["EnvVarsEditor Component","Bulk Mode Tests"],"fullName":"EnvVarsEditor Component Bulk Mode Tests TC-PA-C106: should switch to bulk input mode","status":"passed","title":"TC-PA-C106: should switch to bulk input mode","duration":54.324000000000524,"failureMessages":[],"meta":{}},{"ancestorTitles":["EnvVarsEditor Component","Bulk Mode Tests"],"fullName":"EnvVarsEditor Component Bulk Mode Tests TC-PA-C107: should apply bulk variables","status":"passed","title":"TC-PA-C107: should apply bulk variables","duration":39.634399999999914,"failureMessages":[],"meta":{}},{"ancestorTitles":["EnvVarsEditor Component","Bulk Mode Tests"],"fullName":"EnvVarsEditor Component Bulk Mode Tests TC-PA-C108: should show error for invalid bulk content","status":"passed","title":"TC-PA-C108: should show error for invalid bulk content","duration":35.96050000000014,"failureMessages":[],"meta":{}},{"ancestorTitles":["EnvVarsEditor Component","Drag and Drop Tests"],"fullName":"EnvVarsEditor Component Drag and Drop Tests TC-PA-C109: should reorder variables by drag","status":"passed","title":"TC-PA-C109: should reorder variables by drag","duration":49.446100000000115,"failureMessages":[],"meta":{}},{"ancestorTitles":["EnvVarsEditor Component","File Drop Tests"],"fullName":"EnvVarsEditor Component File Drop Tests TC-PA-C110: should accept .env file drop","status":"passed","title":"TC-PA-C110: should accept .env file drop","duration":102.96529999999984,"failureMessages":[],"meta":{}},{"ancestorTitles":["EnvVarsEditor Component","File Drop Tests"],"fullName":"EnvVarsEditor Component File Drop Tests TC-PA-C111: should show drop zone overlay on drag","status":"passed","title":"TC-PA-C111: should show drop zone overlay on drag","duration":33.577000000000226,"failureMessages":[],"meta":{}},{"ancestorTitles":["EnvVarsEditor Component","File Drop Tests"],"fullName":"EnvVarsEditor Component File Drop Tests TC-PA-C112: should reject non-.env files","status":"passed","title":"TC-PA-C112: should reject non-.env files","duration":25.66150000000016,"failureMessages":[],"meta":{}},{"ancestorTitles":["EnvVarsEditor Component","Search/Filter Tests"],"fullName":"EnvVarsEditor Component Search/Filter Tests TC-PA-C113: should filter variables by search","status":"passed","title":"TC-PA-C113: should filter variables by search","duration":30.
[...]
a":{}},{"ancestorTitles":["Spectrum Validation Schemas","createSpectrumAppSchema","Invalid Cases - project_id"],"fullName":"Spectrum Validation Schemas createSpectrumAppSchema Invalid Cases - project_id should reject missing project_id","status":"passed","title":"should reject missing project_id","duration":0.5444000000002234,"failureMessages":[],"meta":{}},{"ancestorTitles":["Spectrum Validation Schemas","createSpectrumAppSchema","Invalid Cases - owner_id"],"fullName":"Spectrum Validation Schemas createSpectrumAppSchema Invalid Cases - owner_id should reject non-UUID owner_id","status":"passed","title":"should reject non-UUID owner_id","duration":0.2157999999999447,"failureMessages":[],"meta":{}},{"ancestorTitles":["Spectrum Validation Schemas","createSpectrumAppSchema","Invalid Cases - owner_id"],"fullName":"Spectrum Validation Schemas createSpectrumAppSchema Invalid Cases - owner_id should reject empty owner_id","status":"passed","title":"should reject empty owner_id","duration":0.2319999999999709,"failureMessages":[],"meta":{}},{"ancestorTitles":["Spectrum Validation Schemas","createSpectrumAppSchema","Invalid Cases - owner_id"],"fullName":"Spectrum Validation Schemas createSpectrumAppSchema Invalid Cases - owner_id should reject missing owner_id","status":"passed","title":"should reject missing owner_id","duration":0.24890000000004875,"failureMessages":[],"meta":{}},{"ancestorTitles":["Spectrum Validation Schemas","createSpectrumAppSchema","Invalid Cases - dns"],"fullName":"Spectrum Validation Schemas createSpectrumAppSchema Invalid Cases - dns should reject missing dns object","status":"passed","title":"should reject missing dns object","duration":0.24620000000004438,"failureMessages":[],"meta":{}},{"ancestorTitles":["Spectrum Validation Schemas","createSpectrumAppSchema","Invalid Cases - dns"],"fullName":"Spectrum Validation Schemas createSpectrumAppSchema Invalid Cases - dns should reject dns without name","status":"passed","title":"should reject dns without name","duration":0.23489999999992506,"failureMessages":[],"meta":{}},{"ancestorTitles":["Spectrum Validation Schemas","createSpectrumAppSchema","Invalid Cases - dns"],"fullName":"Spectrum Validation Schemas createSpectrumAppSchema Invalid Cases - dns should reject dns.name shorter than minimum length","status":"passed","title":"should reject dns.name shorter than minimum length","duration":0.34269999999969514,"failureMessages":[],"meta":{}},{"ancestorTitles":["Spectrum Validation Schemas","createSpectrumAppSchema","Invalid Cases - dns"],"fullName":"Spectrum Validation Schemas createSpectrumAppSchema Invalid Cases - dns should reject dns.type not in [A, CNAME]","status":"passed","title":"should reject dns.type not in [A, CNAME]","duration":0.35039999999980864,"failureMessages":[],"meta":{}},{"ancestorTitles":["Spectrum Validation Schemas","createSpectrumAppSchema","Invalid Cases - protocol"],"fullName":"Spectrum Validation Schemas createSpectrumAppSchema Invalid Cases - protocol should reject protocol without port","status":"passed","title":"should reject protocol without port","duration":0.24109999999973297,"failureMessages":[],"meta":{}},{"ancestorTitles":["Spectrum Validation Schemas","createSpectrumAppSchema","Invalid Cases - protocol"],"fullName":"Spectrum Validation Schemas createSpectrumAppSchema Invalid Cases - protocol should reject invalid protocol format (http/80)","status":"passed","title":"should reject invalid protocol format (http/80)","duration":0.21109999999998763,"failureMessages":[],"meta":{}},{"ancestorTitles":["Spectrum Validation Schemas","createSpectrumAppSchema","Invalid Cases - protocol"],"fullName":"Spectrum Validation Schemas createSpectrumAppSchema Invalid Cases - protocol should reject non-numeric port","status":"passed","title":"should reject non-numeric port","duration":0.21939999999995052,"failureMessages":[],"meta":{}},{"ancestorTitles":["Spectrum Validation Schemas","createSpectrumAppSchema","Invalid Cases - origin_direct"],"fullName":"Spectrum Validation Schemas createSpectrumAppSchema Invalid Cases - origin_direct should reject empty origin_direct array","status":"passed","title":"should reject empty origin_direct array","duration":0.20780000000013388,"failureMessages":[],"meta":{}},{"ancestorTitles":["Spectrum Validation Schemas","createSpectrumAppSchema","Invalid Cases - origin_direct"],"fullName":"Spectrum Validation Schemas createSpectrumAppSchema Invalid Cases - origin_direct should reject missing origin_direct","status":"passed","title":"should reject missing origin_direct","duration":0.43820000000005166,"failureMessages":[],"meta":{}},{"ancestorTitles":["Spectrum Validation Schemas","createSpectrumAppSchema","Invalid Cases - tls"],"fullName":"Spectrum Validation Schemas createSpectrumAppSchema Invalid Cases - tls should reject invalid tls value","status":"passed","title":"should reject invalid tls value","duration":0.292699999999968,"failureMessages":[],"meta":{}},{"ancestorTitles":["Spectrum Validation Schemas","updateSpectrumAppSchema","Valid Cases"],"fullName":"Spectrum Validation Schemas updateSpectrumAppSchema Valid Cases should accept valid app_id only","status":"passed","title":"should accept valid app_id only","duration":0.26379999999971915,"failureMessages":[],"meta":{}},{"ancestorTitles":["Spectrum Validation Schemas","updateSpectrumAppSchema","Valid Cases"],"fullName":"Spectrum Validation Schemas updateSpectrumAppSchema Valid Cases should accept partial update with dns","status":"passed","title":"should accept partial update with dns","duration":0.21569999999974243,"failureMessages":[],"meta":{}},{"ancestorTitles":["Spectrum Validation Schemas","updateSpectrumAppSchema","Valid Cases"],"fullName":"Spectrum Validation Schemas updateSpectrumAppSchema Valid Cases should accept partial update with protocol","status":"passed","title":"should accept partial update with protocol","duration":0.19950000000017099,"failureMessages":[],"meta":{}},{"ancestorTitles":["Spectrum Validation Schemas","updateSpectrumAppSchema","Valid Cases"],"fullName":"Spectrum Validation Schemas updateSpectrumAppSchema Valid Cases should accept partial update with origin_direct","status":"passed","title":"should accept partial update with origin_direct","duration":0.19860000000016953,"failureMessages":[],"meta":{}},{"ancestorTitles":["Spectrum Validation Schemas","updateSpectrumAppSchema","Valid Cases"],"fullName":"Spectrum Validation Schemas updateSpectrumAppSchema Valid Cases should accept partial update with tls","status":"passed","title":"should accept partial update with tls","duration":0.20119999999997162,"failureMessages":[],"meta":{}},{"ancestorTitles":["Spectrum Validation Schemas","updateSpectrumAppSchema","Valid Cases"],"fullName":"Spectrum Validation Schemas updateSpectrumAppSchema Valid Cases should accept partial update with ip_firewall","status":"passed","title":"should accept partial update with ip_firewall","duration":0.18560000000024957,"failureMessages":[],"meta":{}},{"ancestorTitles":["Spectrum Validation Schemas","updateSpectrumAppSchema","Valid Cases"],"fullName":"Spectrum Validation Schemas updateSpectrumAppSchema Valid Cases should accept update with multiple fields","status":"passed","title":"should accept update with multiple fields","duration":0.1625000000003638,"failureMessages":[],"meta":{}},{"ancestorTitles":["Spectrum Validation Schemas","updateSpectrumAppSchema","Invalid Cases"],"fullName":"Spectrum Validation Schemas updateSpectrumAppSchema Invalid Cases should reject missing app_id","status":"passed","title":"should reject missing app_id","duration":0.2480000000000473,"failureMessages":[],"meta":{}},{"ancestorTitles":["Spectrum Validation Schemas","updateSpectrumAppSchema","Invalid Cases"],"fullName":"Spectrum Validation Schemas updateSpectrumAppSchema Invalid Cases should reject empty app_id","status":"passed","title":"should reject empty app_id","duration":0.1673000000000684,"failureMessages":[],"meta":{}},{"ancestorTitles":["Spectrum Validation Schemas","updateSpectrumAppSchema","Invalid Cases"],"fullName":"Spectrum Validation Schemas updateSpectrumAppSchema Invalid Cases should reject invalid protocol format if provided","status":"passed","title":"should reject invalid protocol format if provided","duration":0.1554999999998472,"failureMessages":[],"meta":{}},{"ancestorTitles":["Spectrum Validation Schemas","updateSpectrumAppSchema","Invalid Cases"],"fullName":"Spectrum Validation Schemas updateSpectrumAppSchema Invalid Cases should reject invalid tls value if provided","status":"passed","title":"should reject invalid tls value if provided","duration":0.1716999999998734,"failureMessages":[],"meta":{}},{"ancestorTitles":["Spectrum Validation Schemas","deleteSpectrumAppSchema"],"fullName":"Spectrum Validation Schemas deleteSpectrumAppSchema should accept valid app_id","status":"passed","title":"should accept valid app_id","duration":0.17870000000039,"failureMessages":[],"meta":{}},{"ancestorTitles":["Spectrum Validation Schemas","deleteSpectrumAppSchema"],"fullName":"Spectrum Validation Schemas deleteSpectrumAppSchema should accept app_id with optional owner_id","status":"passed","title":"should accept app_id with optional owner_id","duration":0.16060000000015862,"failureMessages":[],"meta":{}},{"ancestorTitles":["Spectrum Validation Schemas","deleteSpectrumAppSchema"],"fullName":"Spectrum Validation Schemas deleteSpectrumAppSchema should reject missing app_id","status":"passed","title":"should reject missing app_id","duration":0.17340000000012878,"failureMessages":[],"meta":{}},{"ancestorTitles":["Spectrum Validation Schemas","deleteSpectrumAppSchema"],"fullName":"Spectrum Validation Schemas deleteSpectrumAppSchema should reject empty app_id","status":"passed","title":"should reject empty app_id","duration":0.15270000000009532,"failureMessages":[],"meta":{}},{"ancestorTitles":["Spectrum Validation Schemas","deleteSpectrumAppSchema"],"fullName":"Spectrum Validation Schemas deleteSpectrumAppSchema should reject non-UUID owner_id if provided","status":"passed","title":"should reject non-UUID owner_id if provided","duration":0.1430000000000291,"failureMessages":[],"meta":{}},{"ancestorTitles":["Spectrum Validation Schemas","getSpectrumAppSchema"],"fullName":"Spectrum Validation Schemas getSpectrumAppSchema should accept valid app_id","status":"passed","title":"should accept valid app_id","duration":0.14640000000008513,"failureMessages":[],"meta":{}},{"ancestorTitles":["Spectrum Validation Schemas","getSpectrumAppSchema"],"fullName":"Spectrum Validation Schemas getSpectrumAppSchema should accept app_id with optional owner_id","status":"passed","title":"should accept app_id with optional owner_id","duration":0.14110000000027867,"failureMessages":[],"meta":{}},{"ancestorTitles":["Spectrum Validation Schemas","getSpectrumAppSchema"],"fullName":"Spectrum Validation Schemas getSpectrumAppSchema should reject missing app_id","status":"passed","title":"should reject missing app_id","duration":0.12789999999995416,"failureMessages":[],"meta":{}},{"ancestorTitles":["Spectrum Validation Schemas","getSpectrumAppSchema"],"fullName":"Spectrum Validation Schemas getSpectrumAppSchema should reject empty app_id","status":"passed","title":"should reject empty app_id","duration":0.12809999999990396,"failureMessages":[],"meta":{}},{"ancestorTitles":["Spectrum Validation Schemas","getSpectrumAppSchema"],"fullName":"Spectrum Validation Schemas getSpectrumAppSchema should reject non-UUID owner_id if provided","status":"passed","title":"should reject non-UUID owner_id if provided","duration":0.12930000000005748,"failureMessages":[],"meta":{}}],"startTime":1771763796714,"endTime":1771763796734.1294,"status":"passed","message":"","name":"D:/work/cloud-services/tests/unit/validation/spectrum.test.ts"},{"assertionResults":[{"ancestorTitles":["Security: Admin Privilege Enforcement","Products Admin Route"],"fullName":"Security: Admin Privilege Enforcement Products Admin Route SEC-ADMIN-001: GET /admin/products rejects non-admin users","status":"passed","title":"SEC-ADMIN-001: GET /admin/products rejects non-admin users","duration":254.10289999999986,"failureMessages":[],"meta":{}},{"ancestorTitles":["Security: Admin Privilege Enforcement","Products Admin Route"],"fullName":"Security: Admin Privilege Enforcement Products Admin Route SEC-ADMIN-002: GET /admin/products allows admin users","status":"passed","title":"SEC-ADMIN-002: GET /admin/products allows admin users","duration":20.224499999999807,"failureMessages":[],"meta":{}},{"ancestorTitles":["Security: Admin Privilege Enforcement","Products Admin Route"],"fullName":"Security: Admin Privilege Enforcement Products Admin Route SEC-ADMIN-003: POST /admin/products rejects non-admin users","status":"passed","title":"SEC-ADMIN-003: POST /admin/products rejects non-admin users","duration":7.68119999999999,"failureMessages":[],"meta":{}},{"ancestorTitles":["Security: Admin Privilege Enforcement","Products Admin Route"],"fullName":"Security: Admin Privilege Enforcement Products Admin Route SEC-ADMIN-004: PUT /admin/products rejects non-admin users","status":"passed","title":"SEC-ADMIN-004: PUT /admin/products rejects non-admin users","duration":7.132999999999811,"failureMessages":[],"meta":{}},{"ancestorTitles":["Security: Admin Privilege Enforcement","Products Admin Route"],"fullName":"Security: Admin Privilege Enforcement Products Admin Route SEC-ADMIN-005: DELETE /admin/products rejects non-admin users","status":"passed","title":"SEC-ADMIN-005: DELETE /admin/products rejects non-admin users","duration":5.7345000000000255,"failureMessages":[],"meta":{}}],"startTime":1771763772838,"endTime":1771763773133.7346,"status":"passed","message":"","name":"D:/work/cloud-services/tests/integration/api/security/admin-privilege-security.test.ts"},{"assertionResults":[],"startTime":1771763755389,"endTime":1771763755389,"status":"failed","message":"Failed to resolve import \"@/app/api/services/kubernetes/manageip/add/route\" from \"tests/integration/api/security/info-disclosure-security.test.ts\". Does the file exist?","name":"D:/work/cloud-services/tests/integration/api/security/info-disclosure-security.test.ts"},{"assertionResults":[{"ancestorTitles":["Security: Input Validation","SQL Injection Prevention"],"fullName":"Security: Input Validation SQL Injection Prevention SEC-INJ-001: should handle SQL injection in app_name safely","status":"passed","title":"SEC-INJ-001: should handle SQL injection in app_name safely","duration":370.7017000000001,"failureMessages":[],"meta":{}},{"ancestorTitles":["Security: Input Validation","Prototype Pollution Prevention"],"fullName":"Security: Input Validation Prototype Pollution Prevention SEC-INJ-010: should not allow __proto__ pollution","status":"passed","title":"SEC-INJ-010: should not allow __proto__ pollution","duration":3.8097999999999956,"failureMessages":[],"meta":{}},{"ancestorTitles":["Security: Input Validation","Malformed Input Handling"],"fullName":"Security: Input Validation Malformed Input Handling SEC-INJ-020: should handle malformed JSON gracefully","status":"passed","title":"SEC-INJ-020: should handle malformed JSON gracefully","duration":17.567599999999857,"failureMessages":[],"meta":{}},{"ancestorTitles":["Security: Input Validation","Malformed Input Handling"],"fullName":"Security: Input Validation Malformed Input Handling SEC-INJ-021: should handle extremely long input","status":"passed","title":"SEC-INJ-021: should handle extremely long input","duration":9.483299999999872,"failureMessages":[],"meta":{}},{"ancestorTitles":["Security: Input Validation","Malformed Input Handling"],"fullName":"Security: Input Validation Malformed Input Handling SEC-INJ-022: should reject missing required fields","status":"passed","title":"SEC-INJ-022: should reject missing required fields","duration":4.555699999999888,"failureMessages":[],"meta":{}}],"startTime":1771763772362,"endTime":1771763772769.5557,"status":"passed","message":"","name":"D:/work/cloud-services/tests/integration/api/security/input-validation-security.test.ts"},{"assertionResults":[],"startTime":1771763755389,"endTime":1771763755389,"status":"failed","message":"Failed to resolve import \"@/app/api/services/kubernetes/manageip/add/route\" from \"tests/integration/api/security/route-auth-security.test.ts\". Does the file exist?","name":"D:/work/cloud-services/tests/integration/api/security/route-auth-security.test.ts"},{"assertionResults":[{"ancestorTitles":["Security: Webhook Authentication","Deployment-Status Webhook Auth"],"fullName":"Security: Webhook Authentication Deployment-Status Webhook Auth SEC-WH-001: should reject requests without x-webhook-secret header","status":"passed","title":"SEC-WH-001: should reject requests without x-webhook-secret header","duration":350.3613,"failureMessages":[],"meta":{}},{"ancestorTitles":["Security: Webhook Authentication","Deployment-Status Webhook Auth"],"fullName":"Security: Webhook Authentication Deployment-Status Webhook Auth SEC-WH-002: should reject requests with wrong secret","status":"passed","title":"SEC-WH-002: should reject requests with wrong secret","duration":7.455199999999877,"failureMessages":[],"meta":{}},{"ancestorTitles":["Security: Webhook Authentication","Deployment-Status Webhook Auth"],"fullName":"Security: Webhook Authentication Deployment-Status Webhook Auth SEC-WH-003: should accept requests with correct secret","status":"passed","title":"SEC-WH-003: should accept requests with correct secret","duration":7.5711999999998625,"failureMessages":[],"meta":{}},{"ancestorTitles":["Security: Webhook Authentication","Deployment-Status Webhook Auth"],"fullName":"Security: Webhook Authentication Deployment-Status Webhook Auth SEC-WH-004: should return 503 when secret is not configured","status":"passed","title":"SEC-WH-004: should return 503 when secret is not configured","duration":2.69399999999996,"failureMessages":[],"meta":{}},{"ancestorTitles":["Security: Webhook Authentication","Deployment-Status Webhook Auth"],"fullName":"Security: Webhook Authentication Deployment-Status Webhook Auth SEC-WH-005: should not leak error.message in 500 responses","status":"passed","title":"SEC-WH-005: should not leak error.message in 500 responses","duration":9.18899999999985,"failureMessages":[],"meta":{}},{"ancestorTitles":["Security: Webhook Authentication","Deployment-Record Webhook Auth"],"fullName":"Security: Webhook Authentication Deployment-Record Webhook Auth SEC-WH-010: should reject requests without x-deployment-record-secret","status":"passed","title":"SEC-WH-010: should reject requests without x-deployment-record-secret","duration":8.954799999999977,"failureMessages":[],"meta":{}},{"ancestorTitles":["Security: Webhook Authentication","Deployment-Record Webhook Auth"],"fullName":"Security: Webhook Authentication Deployment-Record Webhook Auth SEC-WH-011: should reject requests with wrong secret","status":"passed","title":"SEC-WH-011: should reject requests with wrong secret","duration":1.3800000000001091,"failureMessages":[],"meta":{}},{"ancestorTitles":["Security: Webhook Authentication","Deployment-Record Webhook Auth"],"fullName":"Security: Webhook Authentication Deployment-Record Webhook Auth SEC-WH-012: should accept requests with correct secret","status":"passed","title":"SEC-WH-012: should accept requests with correct secret","duration":5.269500000000335,"failureMessages":[],"meta":{}},{"ancestorTitles":["Security: Webhook Authentication","Deployment-Record Webhook Auth"],"fullName":"Security: Webhook Authentication Deployment-Record Webhook Auth SEC-WH-013: should not leak error.message in 500 responses","status":"passed","title":"SEC-WH-013: should not leak error.message in 500 responses","duration":3.8632000000002336,"failureMessages":[],"meta":{}}],"startTime":1771763771983,"endTime":1771763772380.8633,"status":"passed","message":"","name":"D:/work/cloud-services/tests/integration/api/security/webhook-auth-security.test.ts"}]}