{
  "numTotalTestSuites": 556,
  "numPassedTestSuites": 556,
  "numFailedTestSuites": 0,
  "numPendingTestSuites": 0,
  "numTotalTests": 1044,
  "numPassedTests": 1044,
  "numFailedTests": 0,
  "numPendingTests": 0,
  "numTodoTests": 0,
  "snapshot": {
    "added": 0,
    "failure": false,
    "filesAdded": 0,
    "filesRemoved": 0,
    "filesRemovedList": [],
    "filesUnmatched": 0,
    "filesUpdated": 0,
    "matched": 0,
    "total": 0,
    "unchecked": 0,
    "uncheckedKeysByFile": [],
    "unmatched": 0,
    "updated": 0,
    "didUpdate": false
  },
  "startTime": 1771217792149,
  "success": true,
  "testResults": [
    {
      "assertionResults": [
        {
          "ancestorTitles": ["DNSService Integration", "createRecord"],
          "fullName": "DNSService Integration createRecord should validate required environment variables",
          "status": "passed",
          "title": "should validate required environment variables",
          "duration": 1.9237000000002809,
          "failureMessages": [],
          "meta": {}
        },
        {
          "ancestorTitles": ["DNSService Integration", "deleteRecord"],
          "fullName": "DNSService Integration deleteRecord should validate required environment variables",
          "status": "passed",
          "title": "should validate required environment variables",
          "duration": 0.4621999999999389,
          "failureMessages": [],
          "meta": {}
        }
      ],
      "startTime": 1771217822724,
      "endTime": 1771217822726.4622,
      "status": "passed",
      "message": "",
      "name": "C:/Users/Pankaj Soni/Desktop/cloud-services/tests/integration/services/dns.test.ts"
    },
    {
      "assertionResults": [
        {
          "ancestorTitles": [
            "Admin Audit Logs API",
            "GET /api/admin/audit-logs"
          ],
          "fullName": "Admin Audit Logs API GET /api/admin/audit-logs should return 401 when not authenticated",
          "status": "passed",
          "title": "should return 401 when not authenticated",
          "duration": 10.980600000000322,
          "failureMessages": [],
          "meta": {}
        },
        {
          "ancestorTitles": [
            "Admin Audit Logs API",
            "GET /api/admin/audit-logs"
          ],
          "fullName": "Admin Audit Logs API GET /api/admin/audit-logs should return 403 when not admin",
          "status": "passed",
          "title": "should return 403 when not admin",
          "duration": 5.534200000000055,
          "failureMessages": [],
          "meta": {}
        },
        {
          "ancestorTitles": [
            "Admin Audit Logs API",
            "GET /api/admin/audit-logs"
          ],
          "fullName": "Admin Audit Logs API GET /api/admin/audit-logs should return 400 for invalid query parameters",
          "status": "passed",
          "title": "should return 400 for invalid query parameters",
          "duration": 7.221900000000005,
          "failureMessages": [],
          "meta": {}
        },
        {
          "ancestorTitles": [
            "Admin Audit Logs API",
            "GET /api/admin/audit-logs"
          ],
          "fullName": "Admin Audit Logs API GET /api/admin/audit-logs should query audit logs with default pagination",
          "status": "passed",
          "title": "should query audit logs with default pagination",
          "duration": 4.7289999999998145,
          "failureMessages": [],
          "meta": {}
        },
        {
          "ancestorTitles": [
            "Admin Audit Logs API",
            "GET /api/admin/audit-logs"
          ],
          "fullName": "Admin Audit Logs API GET /api/admin/audit-logs should pass filters to AuditLogService.query",
          "status": "passed",
          "title": "should pass filters to AuditLogService.query",
          "duration": 6.408100000000104,
          "failureMessages": [],
          "meta": {}
        },
        {
          "ancestorTitles": [
            "Admin Audit Logs API",
            "GET /api/admin/audit-logs"
          ],
          "fullName": "Admin Audit Logs API GET /api/admin/audit-logs should return 500 on query error",
          "status": "passed",
          "title": "should return 500 on query error",
          "duration": 7.258500000000367,
          "failureMessages": [],
          "meta": {}
        },
        {
          "ancestorTitles": [
            "Admin Audit Logs API",
            "GET /api/admin/audit-logs/[logId]"
          ],
          "fullName": "Admin Audit Logs API GET /api/admin/audit-logs/[logId] should return 401 when not authenticated",
          "status": "passed",
          "title": "should return 401 when not authenticated",
          "duration": 1.973000000000411,
          "failureMessages": [],
          "meta": {}
        },
        {
          "ancestorTitles": [
            "Admin Audit Logs API",
            "GET /api/admin/audit-logs/[logId]"
          ],
          "fullName": "Admin Audit Logs API GET /api/admin/audit-logs/[logId] should return 403 when not admin",
          "status": "passed",
          "title": "should return 403 when not admin",
          "duration": 2.23279999999977,
          "failureMessages": [],
          "meta": {}
        },
        {
          "ancestorTitles": [
            "Admin Audit Logs API",
            "GET /api/admin/audit-logs/[logId]"
          ],
          "fullName": "Admin Audit Logs API GET /api/admin/audit-logs/[logId] should return 400 for invalid UUID format",
          "status": "passed",
          "title": "should return 400 for invalid UUID format",
          "duration": 4.297399999999925,
          "failureMessages": [],
          "meta": {}
        },
        {
          "ancestorTitles": [
            "Admin Audit Logs API",
            "GET /api/admin/audit-logs/[logId]"
          ],
          "fullName": "Admin Audit Logs API GET /api/admin/audit-logs/[logId] should return 404 when log not found",
          "status": "passed",
          "title": "should return 404 when log not found",
          "duration": 3.518199999999979,
          "failureMessages": [],
          "meta": {}
        },
        {
          "ancestorTitles": [
            "Admin Audit Logs API",
            "GET /api/admin/audit-logs/[logId]"
          ],
          "fullName": "Admin Audit Logs API GET /api/admin/audit-logs/[logId] should return audit log entry",
          "status": "passed",
          "title": "should return audit log entry",
          "duration": 3.4450000000001637,
          "failureMessages": [],
          "meta": {}
        },
        {
          "ancestorTitles": [
            "Admin Audit Logs API",
            "GET /api/admin/audit-logs/[logId]"
          ],
          "fullName": "Admin Audit Logs API GET /api/admin/audit-logs/[logId] should return 500 on error",
          "status": "passed",
          "title": "should return 500 on error",
          "duration": 3.5358000000001084,
          "failureMessages": [],
          "meta": {}
        },
        {
          "ancestorTitles": [
            "Admin Audit Logs API",
            "GET /api/admin/audit-logs/stats"
          ],
          "fullName": "Admin Audit Logs API GET /api/admin/audit-logs/stats should return 401 when not authenticated",
          "status": "passed",
          "title": "should return 401 when not authenticated",
          "duration": 20.079999999999927,
          "failureMessages": [],
          "meta": {}
        },
        {
          "ancestorTitles": [
            "Admin Audit Logs API",
            "GET /api/admin/audit-logs/stats"
          ],
          "fullName": "Admin Audit Logs API GET /api/admin/audit-logs/stats should return 403 when not admin",
          "status": "passed",
          "title": "should return 403 when not admin",
          "duration": 7.646200000000135,
          "failureMessages": [],
          "meta": {}
        },
        {
          "ancestorTitles": [
            "Admin Audit Logs API",
            "GET /api/admin/audit-logs/stats"
          ],
          "fullName": "Admin Audit Logs API GET /api/admin/audit-logs/stats should return stats successfully",
          "status": "passed",
          "title": "should return stats successfully",
          "duration": 3.2179000000000997,
          "failureMessages": [],
          "meta": {}
        },
        {
          "ancestorTitles": [
            "Admin Audit Logs API",
            "GET /api/admin/audit-logs/stats"
          ],
          "fullName": "Admin Audit Logs API GET /api/admin/audit-logs/stats should return 500 on error",
          "status": "passed",
          "title": "should return 500 on error",
          "duration": 3.082900000000336,
          "failureMessages": [],
          "meta": {}
        }
      ],
      "startTime": 1771217809050,
      "endTime": 1771217809146.083,
      "status": "passed",
      "message": "",
      "name": "C:/Users/Pankaj Soni/Desktop/cloud-services/tests/integration/api/admin-audit-logs.test.ts"
    },
    {
      "assertionResults": [
        {
          "ancestorTitles": ["Admin Databases API", "GET /api/admin/databases"],
          "fullName": "Admin Databases API GET /api/admin/databases should return 403 when user is not admin",
          "status": "passed",
          "title": "should return 403 when user is not admin",
          "duration": 14.438799999999901,
          "failureMessages": [],
          "meta": {}
        },
        {
          "ancestorTitles": ["Admin Databases API", "GET /api/admin/databases"],
          "fullName": "Admin Databases API GET /api/admin/databases should return 403 when user is not authenticated",
          "status": "passed",
          "title": "should return 403 when user is not authenticated",
          "duration": 2.2127000000000407,
          "failureMessages": [],
          "meta": {}
        },
        {
          "ancestorTitles": ["Admin Databases API", "GET /api/admin/databases"],
          "fullName": "Admin Databases API GET /api/admin/databases should return databases with pagination",
          "status": "passed",
          "title": "should return databases with pagination",
          "duration": 4.656299999999646,
          "failureMessages": [],
          "meta": {}
        },
        {
          "ancestorTitles": ["Admin Databases API", "GET /api/admin/databases"],
          "fullName": "Admin Databases API GET /api/admin/databases should return 500 on database error",
          "status": "passed",
          "title": "should return 500 on database error",
          "duration": 3.749000000000251,
          "failureMessages": [],
          "meta": {}
        },
        {
          "ancestorTitles": [
            "Admin Databases API",
            "PATCH /api/admin/databases"
          ],
          "fullName": "Admin Databases API PATCH /api/admin/databases should return 403 when user is not admin",
          "status": "passed",
          "title": "should return 403 when user is not admin",
          "duration": 4.440799999999854,
          "failureMessages": [],
          "meta": {}
        },
        {
          "ancestorTitles": [
            "Admin Databases API",
            "PATCH /api/admin/databases"
          ],
          "fullName": "Admin Databases API PATCH /api/admin/databases should return 400 when clusterId is missing",
          "status": "passed",
          "title": "should return 400 when clusterId is missing",
          "duration": 2.58199999999988,
          "failureMessages": [],
          "meta": {}
        },
        {
          "ancestorTitles": [
            "Admin Databases API",
            "PATCH /api/admin/databases"
          ],
          "fullName": "Admin Databases API PATCH /api/admin/databases should update database successfully",
          "status": "passed",
          "title": "should update database successfully",
          "duration": 3.159400000000005,
          "failureMessages": [],
          "meta": {}
        },
        {
          "ancestorTitles": [
            "Admin Databases API",
            "PATCH /api/admin/databases"
          ],
          "fullName": "Admin Databases API PATCH /api/admin/databases should return 500 on update error",
          "status": "passed",
          "title": "should return 500 on update error",
          "duration": 3.222099999999955,
          "failureMessages": [],
          "meta": {}
        },
        {
          "ancestorTitles": [
            "Admin Databases API",
            "DELETE /api/admin/databases"
          ],
          "fullName": "Admin Databases API DELETE /api/admin/databases should return 403 when user is not admin",
          "status": "passed",
          "title": "should return 403 when user is not admin",
          "duration": 2.98279999999977,
          "failureMessages": [],
          "meta": {}
        },
        {
          "ancestorTitles": [
            "Admin Databases API",
            "DELETE /api/admin/databases"
          ],
          "fullName": "Admin Databases API DELETE /api/admin/databases should return 400 when clusterId is missing",
          "status": "passed",
          "title": "should return 400 when clusterId is missing",
          "duration": 2.5754000000001724,
          "failureMessages": [],
          "meta": {}
        },
        {
          "ancestorTitles": [
            "Admin Databases API",
            "DELETE /api/admin/databases"
          ],
          "fullName": "Admin Databases API DELETE /api/admin/databases should delete database successfully",
          "status": "passed",
          "title": "should delete database successfully",
          "duration": 2.502400000000307,
          "failureMessages": [],
          "meta": {}
        },
        {
          "ancestorTitles": [
            "Admin Databases API",
            "DELETE /api/admin/databases"
          ],
          "fullName": "Admin Databases API DELETE /api/admin/databases should return 500 on delete error",
          "status": "passed",
          "title": "should return 500 on delete error",
          "duration": 2.510099999999966,
          "failureMessages": [],
          "meta": {}
        }
      ],
      "startTime": 1771217813752,
      "endTime": 1771217813802.51,
      "status": "passed",
      "message": "",
      "name": "C:/Users/Pankaj Soni/Desktop/cloud-services/tests/integration/api/admin-databases.test.ts"
    },
    {
      "assertionResults": [
        {
          "ancestorTitles": ["POST /api/admin/kubernetes/clusters/delete"],
          "fullName": "POST /api/admin/kubernetes/clusters/delete should return 403 when user is not admin",
          "status": "passed",
          "title": "should return 403 when user is not admin",
          "duration": 7.762699999999768,
          "failureMessages": [],
          "meta": {}
        },
        {
          "ancestorTitles": ["POST /api/admin/kubernetes/clusters/delete"],
          "fullName": "POST /api/admin/kubernetes/clusters/delete should return 400 when cluster_id is missing",
          "status": "passed",
          "title": "should return 400 when cluster_id is missing",
          "duration": 6.126700000000255,
          "failureMessages": [],
          "meta": {}
        },
        {
          "ancestorTitles": ["POST /api/admin/kubernetes/clusters/delete"],
          "fullName": "POST /api/admin/kubernetes/clusters/delete should return 404 when cluster is not found",
          "status": "passed",
          "title": "should return 404 when cluster is not found",
          "duration": 2.8156999999996515,
          "failureMessages": [],
          "meta": {}
        },
        {
          "ancestorTitles": ["POST /api/admin/kubernetes/clusters/delete"],
          "fullName": "POST /api/admin/kubernetes/clusters/delete should delete cluster successfully with all droplets",
          "status": "passed",
          "title": "should delete cluster successfully with all droplets",
          "duration": 5.4111000000002605,
          "failureMessages": [],
          "meta": {}
        },
        {
          "ancestorTitles": ["POST /api/admin/kubernetes/clusters/delete"],
          "fullName": "POST /api/admin/kubernetes/clusters/delete should continue with warnings if droplet deletion fails",
          "status": "passed",
          "title": "should continue with warnings if droplet deletion fails",
          "duration": 5.545700000000124,
          "failureMessages": [],
          "meta": {}
        },
        {
          "ancestorTitles": ["POST /api/admin/kubernetes/clusters/delete"],
          "fullName": "POST /api/admin/kubernetes/clusters/delete should handle cluster with no workers",
          "status": "passed",
          "title": "should handle cluster with no workers",
          "duration": 3.8699000000001433,
          "failureMessages": [],
          "meta": {}
        },
        {
          "ancestorTitles": ["POST /api/admin/kubernetes/clusters/delete"],
          "fullName": "POST /api/admin/kubernetes/clusters/delete should return 500 when database delete fails",
          "status": "passed",
          "title": "should return 500 when database delete fails",
          "duration": 4.854600000000119,
          "failureMessages": [],
          "meta": {}
        },
        {
          "ancestorTitles": ["POST /api/admin/kubernetes/clusters/delete"],
          "fullName": "POST /api/admin/kubernetes/clusters/delete should return 500 on unexpected error",
          "status": "passed",
          "title": "should return 500 on unexpected error",
          "duration": 3.828599999999824,
          "failureMessages": [],
          "meta": {}
        }
      ],
      "startTime": 1771217816483,
      "endTime": 1771217816523.8286,
      "status": "passed",
      "message": "",
      "name": "C:/Users/Pankaj Soni/Desktop/cloud-services/tests/integration/api/admin-kubernetes-delete.test.ts"
    },
    {
      "assertionResults": [
        {
          "ancestorTitles": ["Admin Users API", "GET /api/admin/users"],
          "fullName": "Admin Users API GET /api/admin/users should return 403 when user is not admin",
          "status": "passed",
          "title": "should return 403 when user is not admin",
          "duration": 14.689300000000003,
          "failureMessages": [],
          "meta": {}
        },
        {
          "ancestorTitles": ["Admin Users API", "GET /api/admin/users"],
          "fullName": "Admin Users API GET /api/admin/users should return 403 when user is not authenticated",
          "status": "passed",
          "title": "should return 403 when user is not authenticated",
          "duration": 1.8708999999998923,
          "failureMessages": [],
          "meta": {}
        },
        {
          "ancestorTitles": ["Admin Users API", "GET /api/admin/users"],
          "fullName": "Admin Users API GET /api/admin/users should return users with pagination",
          "status": "passed",
          "title": "should return users with pagination",
          "duration": 5.265000000000327,
          "failureMessages": [],
          "meta": {}
        },
        {
          "ancestorTitles": ["Admin Users API", "GET /api/admin/users"],
          "fullName": "Admin Users API GET /api/admin/users should apply search filter",
          "status": "passed",
          "title": "should apply search filter",
          "duration": 17.03070000000025,
          "failureMessages": [],
          "meta": {}
        },
        {
          "ancestorTitles": ["Admin Users API", "GET /api/admin/users"],
          "fullName": "Admin Users API GET /api/admin/users should enhance users with email and stats",
          "status": "passed",
          "title": "should enhance users with email and stats",
          "duration": 3.351300000000265,
          "failureMessages": [],
          "meta": {}
        },
        {
          "ancestorTitles": ["Admin Users API", "GET /api/admin/users"],
          "fullName": "Admin Users API GET /api/admin/users should return 500 on database error",
          "status": "passed",
          "title": "should return 500 on database error",
          "duration": 4.9695999999999,
          "failureMessages": [],
          "meta": {}
        },
        {
          "ancestorTitles": ["Admin Users API", "PATCH /api/admin/users"],
          "fullName": "Admin Users API PATCH /api/admin/users should return 403 when not admin",
          "status": "passed",
          "title": "should return 403 when not admin",
          "duration": 2.1644000000001142,
          "failureMessages": [],
          "meta": {}
        },
        {
          "ancestorTitles": ["Admin Users API", "PATCH /api/admin/users"],
          "fullName": "Admin Users API PATCH /api/admin/users should return 400 when userId is missing",
          "status": "passed",
          "title": "should return 400 when userId is missing",
          "duration": 2.2164999999999964,
          "failureMessages": [],
          "meta": {}
        },
        {
          "ancestorTitles": ["Admin Users API", "PATCH /api/admin/users"],
          "fullName": "Admin Users API PATCH /api/admin/users should prevent self-demotion",
          "status": "passed",
          "title": "should prevent self-demotion",
          "duration": 2.5668000000000575,
          "failureMessages": [],
          "meta": {}
        },
        {
          "ancestorTitles": ["Admin Users API", "PATCH /api/admin/users"],
          "fullName": "Admin Users API PATCH /api/admin/users should update user roles successfully",
          "status": "passed",
          "title": "should update user roles successfully",
          "duration": 3.8046000000003914,
          "failureMessages": [],
          "meta": {}
        },
        {
          "ancestorTitles": ["Admin Users API", "PATCH /api/admin/users"],
          "fullName": "Admin Users API PATCH /api/admin/users should suspend a user",
          "status": "passed",
          "title": "should suspend a user",
          "duration": 2.4871000000002823,
          "failureMessages": [],
          "meta": {}
        },
        {
          "ancestorTitles": ["Admin Users API", "PATCH /api/admin/users"],
          "fullName": "Admin Users API PATCH /api/admin/users should return 500 on update error",
          "status": "passed",
          "title": "should return 500 on update error",
          "duration": 2.516700000000128,
          "failureMessages": [],
          "meta": {}
        },
        {
          "ancestorTitles": ["Admin Users API", "GET /api/admin/users/[id]"],
          "fullName": "Admin Users API GET /api/admin/users/[id] should return 403 when not admin",
          "status": "passed",
          "title": "should return 403 when not admin",
          "duration": 2.0670000000000073,
          "failureMessages": [],
          "meta": {}
        },
        {
          "ancestorTitles": ["Admin Users API", "GET /api/admin/users/[id]"],
          "fullName": "Admin Users API GET /api/admin/users/[id] should return 404 when user not found",
          "status": "passed",
          "title": "should return 404 when user not found",
          "duration": 2.9380999999998494,
          "failureMessages": [],
          "meta": {}
        },
        {
          "ancestorTitles": ["Admin Users API", "GET /api/admin/users/[id]"],
          "fullName": "Admin Users API GET /api/admin/users/[id] should return detailed user info with resources",
          "status": "passed",
          "title": "should return detailed user info with resources",
          "duration": 2.772699999999986,
          "failureMessages": [],
          "meta": {}
        },
        {
          "ancestorTitles": ["Admin Users API", "GET /api/admin/users/[id]"],
          "fullName": "Admin Users API GET /api/admin/users/[id] should return 500 on unexpected error",
          "status": "passed",
          "title": "should return 500 on unexpected error",
          "duration": 6.957600000000184,
          "failureMessages": [],
          "meta": {}
        }
      ],
      "startTime": 1771217809799,
      "endTime": 1771217809877.9575,
      "status": "passed",
      "message": "",
      "name": "C:/Users/Pankaj Soni/Desktop/cloud-services/tests/integration/api/admin-users.test.ts"
    },
    {
      "assertionResults": [
        {
          "ancestorTitles": [
            "PUT /api/auth/profile/change-password",
            "Success Cases"
          ],
          "fullName": "PUT /api/auth/profile/change-password Success Cases TC-AUTH-090: should change password successfully",
          "status": "passed",
          "title": "TC-AUTH-090: should change password successfully",
          "duration": 12.715799999999945,
          "failureMessages": [],
          "meta": {}
        },
        {
          "ancestorTitles": [
            "PUT /api/auth/profile/change-password",
            "Success Cases"
          ],
          "fullName": "PUT /api/auth/profile/change-password Success Cases TC-AUTH-091: should verify current password via signIn",
          "status": "passed",
          "title": "TC-AUTH-091: should verify current password via signIn",
          "duration": 5.700799999999617,
          "failureMessages": [],
          "meta": {}
        },
        {
          "ancestorTitles": [
            "PUT /api/auth/profile/change-password",
            "Success Cases"
          ],
          "fullName": "PUT /api/auth/profile/change-password Success Cases TC-AUTH-092: should create audit log on success",
          "status": "passed",
          "title": "TC-AUTH-092: should create audit log on success",
          "duration": 11.910799999999654,
          "failureMessages": [],
          "meta": {}
        },
        {
          "ancestorTitles": [
            "PUT /api/auth/profile/change-password",
            "Authorization"
          ],
          "fullName": "PUT /api/auth/profile/change-password Authorization TC-AUTH-093: should return 401 for unauthenticated user",
          "status": "passed",
          "title": "TC-AUTH-093: should return 401 for unauthenticated user",
          "duration": 3.3283000000001266,
          "failureMessages": [],
          "meta": {}
        },
        {
          "ancestorTitles": [
            "PUT /api/auth/profile/change-password",
            "Validation"
          ],
          "fullName": "PUT /api/auth/profile/change-password Validation TC-AUTH-094: should reject missing currentPassword",
          "status": "passed",
          "title": "TC-AUTH-094: should reject missing currentPassword",
          "duration": 3.652900000000045,
          "failureMessages": [],
          "meta": {}
        },
        {
          "ancestorTitles": [
            "PUT /api/auth/profile/change-password",
            "Validation"
          ],
          "fullName": "PUT /api/auth/profile/change-password Validation TC-AUTH-095: should reject missing newPassword",
          "status": "passed",
          "title": "TC-AUTH-095: should reject missing newPassword",
          "duration": 3.776100000000042,
          "failureMessages": [],
          "meta": {}
        },
        {
          "ancestorTitles": [
            "PUT /api/auth/profile/change-password",
            "Validation"
          ],
          "fullName": "PUT /api/auth/profile/change-password Validation TC-AUTH-096: should reject password shorter than 6 chars",
          "status": "passed",
          "title": "TC-AUTH-096: should reject password shorter than 6 chars",
          "duration": 2.5518999999999323,
          "failureMessages": [],
          "meta": {}
        },
        {
          "ancestorTitles": [
            "PUT /api/auth/profile/change-password",
            "Wrong Password"
          ],
          "fullName": "PUT /api/auth/profile/change-password Wrong Password TC-AUTH-097: should reject incorrect current password",
          "status": "passed",
          "title": "TC-AUTH-097: should reject incorrect current password",
          "duration": 3.4937999999997373,
          "failureMessages": [],
          "meta": {}
        },
        {
          "ancestorTitles": [
            "PUT /api/auth/profile/change-password",
            "Error Handling"
          ],
          "fullName": "PUT /api/auth/profile/change-password Error Handling TC-AUTH-098: should return 400 when Supabase update fails",
          "status": "passed",
          "title": "TC-AUTH-098: should return 400 when Supabase update fails",
          "duration": 2.927299999999832,
          "failureMessages": [],
          "meta": {}
        },
        {
          "ancestorTitles": [
            "PUT /api/auth/profile/change-password",
            "Error Handling"
          ],
          "fullName": "PUT /api/auth/profile/change-password Error Handling TC-AUTH-099: should handle unexpected errors",
          "status": "passed",
          "title": "TC-AUTH-099: should handle unexpected errors",
          "duration": 2.771299999999883,
          "failureMessages": [],
          "meta": {}
        }
      ],
      "startTime": 1771217810153,
      "endTime": 1771217810206.7712,
      "status": "passed",
      "message": "",
      "name": "C:/Users/Pankaj Soni/Desktop/cloud-services/tests/integration/api/auth-change-password.test.ts"
    },
    {
      "assertionResults": [
        {
          "ancestorTitles": ["POST /api/auth/forgot-password", "Success Cases"],
          "fullName": "POST /api/auth/forgot-password Success Cases TC-AUTH-080: should send OTP for valid email",
          "status": "passed",
          "title": "TC-AUTH-080: should send OTP for valid email",
          "duration": 14.255300000000716,
          "failureMessages": [],
          "meta": {}
        },
        {
          "ancestorTitles": ["POST /api/auth/forgot-password", "Success Cases"],
          "fullName": "POST /api/auth/forgot-password Success Cases TC-AUTH-081: should return 200 for non-existent user (prevents enumeration)",
          "status": "passed",
          "title": "TC-AUTH-081: should return 200 for non-existent user (prevents enumeration)",
          "duration": 3.3562000000001717,
          "failureMessages": [],
          "meta": {}
        },
        {
          "ancestorTitles": ["POST /api/auth/forgot-password", "Validation"],
          "fullName": "POST /api/auth/forgot-password Validation TC-AUTH-082: should reject invalid email format",
          "status": "passed",
          "title": "TC-AUTH-082: should reject invalid email format",
          "duration": 3.737799999999879,
          "failureMessages": [],
          "meta": {}
        },
        {
          "ancestorTitles": ["POST /api/auth/forgot-password", "Validation"],
          "fullName": "POST /api/auth/forgot-password Validation TC-AUTH-083: should reject missing email",
          "status": "passed",
          "title": "TC-AUTH-083: should reject missing email",
          "duration": 3.6680999999998676,
          "failureMessages": [],
          "meta": {}
        },
        {
          "ancestorTitles": ["POST /api/auth/forgot-password", "Rate Limiting"],
          "fullName": "POST /api/auth/forgot-password Rate Limiting TC-AUTH-084: should return 429 when rate limited",
          "status": "passed",
          "title": "TC-AUTH-084: should return 429 when rate limited",
          "duration": 4.074700000000121,
          "failureMessages": [],
          "meta": {}
        },
        {
          "ancestorTitles": [
            "POST /api/auth/forgot-password",
            "Unconfirmed Email"
          ],
          "fullName": "POST /api/auth/forgot-password Unconfirmed Email TC-AUTH-085: should return 403 for unconfirmed email",
          "status": "passed",
          "title": "TC-AUTH-085: should return 403 for unconfirmed email",
          "duration": 3.900900000000547,
          "failureMessages": [],
          "meta": {}
        },
        {
          "ancestorTitles": [
            "POST /api/auth/forgot-password",
            "Error Handling"
          ],
          "fullName": "POST /api/auth/forgot-password Error Handling TC-AUTH-086: should return 500 when OTP creation fails",
          "status": "passed",
          "title": "TC-AUTH-086: should return 500 when OTP creation fails",
          "duration": 3.6271999999999025,
          "failureMessages": [],
          "meta": {}
        },
        {
          "ancestorTitles": [
            "POST /api/auth/forgot-password",
            "Error Handling"
          ],
          "fullName": "POST /api/auth/forgot-password Error Handling TC-AUTH-087: should return 500 when email send fails",
          "status": "passed",
          "title": "TC-AUTH-087: should return 500 when email send fails",
          "duration": 4.401600000000144,
          "failureMessages": [],
          "meta": {}
        },
        {
          "ancestorTitles": [
            "POST /api/auth/forgot-password",
            "Error Handling"
          ],
          "fullName": "POST /api/auth/forgot-password Error Handling TC-AUTH-088: should handle unexpected errors",
          "status": "passed",
          "title": "TC-AUTH-088: should handle unexpected errors",
          "duration": 6.026899999999841,
          "failureMessages": [],
          "meta": {}
        }
      ],
      "startTime": 1771217814168,
      "endTime": 1771217814216.0269,
      "status": "passed",
      "message": "",
      "name": "C:/Users/Pankaj Soni/Desktop/cloud-services/tests/integration/api/auth-forgot-password.test.ts"
    },
    {
      "assertionResults": [
        {
          "ancestorTitles": ["POST /api/auth/mfa/enroll", "Success Cases"],
          "fullName": "POST /api/auth/mfa/enroll Success Cases TC-AUTH-040: should enroll new TOTP factor",
          "status": "passed",
          "title": "TC-AUTH-040: should enroll new TOTP factor",
          "duration": 13.958700000000135,
          "failureMessages": [],
          "meta": {}
        },
        {
          "ancestorTitles": ["POST /api/auth/mfa/enroll", "Success Cases"],
          "fullName": "POST /api/auth/mfa/enroll Success Cases TC-AUTH-041: should retry enrollment after cleaning unverified factors",
          "status": "passed",
          "title": "TC-AUTH-041: should retry enrollment after cleaning unverified factors",
          "duration": 6.885400000000118,
          "failureMessages": [],
          "meta": {}
        },
        {
          "ancestorTitles": ["POST /api/auth/mfa/enroll", "Authorization"],
          "fullName": "POST /api/auth/mfa/enroll Authorization TC-AUTH-042: should return 401 for unauthenticated user",
          "status": "passed",
          "title": "TC-AUTH-042: should return 401 for unauthenticated user",
          "duration": 2.258100000000013,
          "failureMessages": [],
          "meta": {}
        },
        {
          "ancestorTitles": ["POST /api/auth/mfa/enroll", "Rate Limiting"],
          "fullName": "POST /api/auth/mfa/enroll Rate Limiting TC-AUTH-043: should return 429 when rate limited",
          "status": "passed",
          "title": "TC-AUTH-043: should return 429 when rate limited",
          "duration": 1.9533999999998741,
          "failureMessages": [],
          "meta": {}
        },
        {
          "ancestorTitles": ["POST /api/auth/mfa/enroll", "Error Handling"],
          "fullName": "POST /api/auth/mfa/enroll Error Handling TC-AUTH-044: should return 400 when enroll fails",
          "status": "passed",
          "title": "TC-AUTH-044: should return 400 when enroll fails",
          "duration": 4.006800000000112,
          "failureMessages": [],
          "meta": {}
        },
        {
          "ancestorTitles": ["POST /api/auth/mfa/enroll", "Error Handling"],
          "fullName": "POST /api/auth/mfa/enroll Error Handling TC-AUTH-045: should handle max verified factors by cleaning oldest",
          "status": "passed",
          "title": "TC-AUTH-045: should handle max verified factors by cleaning oldest",
          "duration": 2.535899999999856,
          "failureMessages": [],
          "meta": {}
        },
        {
          "ancestorTitles": ["POST /api/auth/mfa/enroll", "Error Handling"],
          "fullName": "POST /api/auth/mfa/enroll Error Handling TC-AUTH-046: should return 500 when no data returned",
          "status": "passed",
          "title": "TC-AUTH-046: should return 500 when no data returned",
          "duration": 1.7721000000001368,
          "failureMessages": [],
          "meta": {}
        }
      ],
      "startTime": 1771217817349,
      "endTime": 1771217817382.7722,
      "status": "passed",
      "message": "",
      "name": "C:/Users/Pankaj Soni/Desktop/cloud-services/tests/integration/api/auth-mfa-enroll.test.ts"
    },
    {
      "assertionResults": [
        {
          "ancestorTitles": ["GET /api/auth/mfa/status", "Success Cases"],
          "fullName": "GET /api/auth/mfa/status Success Cases TC-AUTH-060: should return MFA status with no factors",
          "status": "passed",
          "title": "TC-AUTH-060: should return MFA status with no factors",
          "duration": 15.075400000000172,
          "failureMessages": [],
          "meta": {}
        },
        {
          "ancestorTitles": ["GET /api/auth/mfa/status", "Success Cases"],
          "fullName": "GET /api/auth/mfa/status Success Cases TC-AUTH-061: should return verified factor info",
          "status": "passed",
          "title": "TC-AUTH-061: should return verified factor info",
          "duration": 3.096799999999803,
          "failureMessages": [],
          "meta": {}
        },
        {
          "ancestorTitles": ["GET /api/auth/mfa/status", "Success Cases"],
          "fullName": "GET /api/auth/mfa/status Success Cases TC-AUTH-062: should distinguish verified vs unverified factors",
          "status": "passed",
          "title": "TC-AUTH-062: should distinguish verified vs unverified factors",
          "duration": 2.229700000000321,
          "failureMessages": [],
          "meta": {}
        },
        {
          "ancestorTitles": ["GET /api/auth/mfa/status", "Authorization"],
          "fullName": "GET /api/auth/mfa/status Authorization TC-AUTH-063: should return 401 for unauthenticated user",
          "status": "passed",
          "title": "TC-AUTH-063: should return 401 for unauthenticated user",
          "duration": 1.561699999999746,
          "failureMessages": [],
          "meta": {}
        },
        {
          "ancestorTitles": ["GET /api/auth/mfa/status", "Error Handling"],
          "fullName": "GET /api/auth/mfa/status Error Handling TC-AUTH-064: should return 400 when AAL check fails",
          "status": "passed",
          "title": "TC-AUTH-064: should return 400 when AAL check fails",
          "duration": 5.986699999999928,
          "failureMessages": [],
          "meta": {}
        },
        {
          "ancestorTitles": ["GET /api/auth/mfa/status", "Error Handling"],
          "fullName": "GET /api/auth/mfa/status Error Handling TC-AUTH-065: should return 400 when listFactors fails",
          "status": "passed",
          "title": "TC-AUTH-065: should return 400 when listFactors fails",
          "duration": 1.9969999999998436,
          "failureMessages": [],
          "meta": {}
        }
      ],
      "startTime": 1771217820737,
      "endTime": 1771217820767.997,
      "status": "passed",
      "message": "",
      "name": "C:/Users/Pankaj Soni/Desktop/cloud-services/tests/integration/api/auth-mfa-status.test.ts"
    },
    {
      "assertionResults": [
        {
          "ancestorTitles": ["POST /api/auth/mfa/unenroll", "Success Cases"],
          "fullName": "POST /api/auth/mfa/unenroll Success Cases TC-AUTH-070: should unenroll factor by specific factorId",
          "status": "passed",
          "title": "TC-AUTH-070: should unenroll factor by specific factorId",
          "duration": 15.324200000000019,
          "failureMessages": [],
          "meta": {}
        },
        {
          "ancestorTitles": ["POST /api/auth/mfa/unenroll", "Success Cases"],
          "fullName": "POST /api/auth/mfa/unenroll Success Cases TC-AUTH-071: should auto-find verified factor when no factorId given",
          "status": "passed",
          "title": "TC-AUTH-071: should auto-find verified factor when no factorId given",
          "duration": 3.0648999999998523,
          "failureMessages": [],
          "meta": {}
        },
        {
          "ancestorTitles": ["POST /api/auth/mfa/unenroll", "Authorization"],
          "fullName": "POST /api/auth/mfa/unenroll Authorization TC-AUTH-072: should return 401 for unauthenticated user",
          "status": "passed",
          "title": "TC-AUTH-072: should return 401 for unauthenticated user",
          "duration": 2.81230000000005,
          "failureMessages": [],
          "meta": {}
        },
        {
          "ancestorTitles": ["POST /api/auth/mfa/unenroll", "Not Found"],
          "fullName": "POST /api/auth/mfa/unenroll Not Found TC-AUTH-073: should return 404 when specific factorId not found",
          "status": "passed",
          "title": "TC-AUTH-073: should return 404 when specific factorId not found",
          "duration": 3.1799999999998363,
          "failureMessages": [],
          "meta": {}
        },
        {
          "ancestorTitles": ["POST /api/auth/mfa/unenroll", "Not Found"],
          "fullName": "POST /api/auth/mfa/unenroll Not Found TC-AUTH-074: should return 404 when no verified factor exists (no factorId)",
          "status": "passed",
          "title": "TC-AUTH-074: should return 404 when no verified factor exists (no factorId)",
          "duration": 2.678100000000086,
          "failureMessages": [],
          "meta": {}
        },
        {
          "ancestorTitles": ["POST /api/auth/mfa/unenroll", "Rate Limiting"],
          "fullName": "POST /api/auth/mfa/unenroll Rate Limiting TC-AUTH-075: should return 429 when rate limited",
          "status": "passed",
          "title": "TC-AUTH-075: should return 429 when rate limited",
          "duration": 2.1572000000001026,
          "failureMessages": [],
          "meta": {}
        },
        {
          "ancestorTitles": ["POST /api/auth/mfa/unenroll", "Error Handling"],
          "fullName": "POST /api/auth/mfa/unenroll Error Handling TC-AUTH-076: should return 400 when listFactors fails",
          "status": "passed",
          "title": "TC-AUTH-076: should return 400 when listFactors fails",
          "duration": 3.6226999999998952,
          "failureMessages": [],
          "meta": {}
        },
        {
          "ancestorTitles": ["POST /api/auth/mfa/unenroll", "Error Handling"],
          "fullName": "POST /api/auth/mfa/unenroll Error Handling TC-AUTH-077: should return 400 when unenroll fails",
          "status": "passed",
          "title": "TC-AUTH-077: should return 400 when unenroll fails",
          "duration": 1.9708000000000538,
          "failureMessages": [],
          "meta": {}
        }
      ],
      "startTime": 1771217818735,
      "endTime": 1771217818770.9707,
      "status": "passed",
      "message": "",
      "name": "C:/Users/Pankaj Soni/Desktop/cloud-services/tests/integration/api/auth-mfa-unenroll.test.ts"
    },
    {
      "assertionResults": [
        {
          "ancestorTitles": ["POST /api/auth/mfa/verify", "Success Cases"],
          "fullName": "POST /api/auth/mfa/verify Success Cases TC-AUTH-050: should verify TOTP code successfully",
          "status": "passed",
          "title": "TC-AUTH-050: should verify TOTP code successfully",
          "duration": 15.622600000000148,
          "failureMessages": [],
          "meta": {}
        },
        {
          "ancestorTitles": ["POST /api/auth/mfa/verify", "Success Cases"],
          "fullName": "POST /api/auth/mfa/verify Success Cases TC-AUTH-051: should call challenge then verify with correct params",
          "status": "passed",
          "title": "TC-AUTH-051: should call challenge then verify with correct params",
          "duration": 6.576199999999972,
          "failureMessages": [],
          "meta": {}
        },
        {
          "ancestorTitles": ["POST /api/auth/mfa/verify", "Validation"],
          "fullName": "POST /api/auth/mfa/verify Validation TC-AUTH-052: should reject missing factorId",
          "status": "passed",
          "title": "TC-AUTH-052: should reject missing factorId",
          "duration": 2.8596999999999753,
          "failureMessages": [],
          "meta": {}
        },
        {
          "ancestorTitles": ["POST /api/auth/mfa/verify", "Validation"],
          "fullName": "POST /api/auth/mfa/verify Validation TC-AUTH-053: should reject missing code",
          "status": "passed",
          "title": "TC-AUTH-053: should reject missing code",
          "duration": 2.3890000000001237,
          "failureMessages": [],
          "meta": {}
        },
        {
          "ancestorTitles": ["POST /api/auth/mfa/verify", "Validation"],
          "fullName": "POST /api/auth/mfa/verify Validation TC-AUTH-054: should reject code with wrong length (not 6 digits)",
          "status": "passed",
          "title": "TC-AUTH-054: should reject code with wrong length (not 6 digits)",
          "duration": 3.2841999999996005,
          "failureMessages": [],
          "meta": {}
        },
        {
          "ancestorTitles": ["POST /api/auth/mfa/verify", "Validation"],
          "fullName": "POST /api/auth/mfa/verify Validation TC-AUTH-055: should reject non-string factorId",
          "status": "passed",
          "title": "TC-AUTH-055: should reject non-string factorId",
          "duration": 2.2993000000001302,
          "failureMessages": [],
          "meta": {}
        },
        {
          "ancestorTitles": ["POST /api/auth/mfa/verify", "Authorization"],
          "fullName": "POST /api/auth/mfa/verify Authorization TC-AUTH-056: should return 401 for unauthenticated user",
          "status": "passed",
          "title": "TC-AUTH-056: should return 401 for unauthenticated user",
          "duration": 1.6660999999999149,
          "failureMessages": [],
          "meta": {}
        },
        {
          "ancestorTitles": ["POST /api/auth/mfa/verify", "Rate Limiting"],
          "fullName": "POST /api/auth/mfa/verify Rate Limiting TC-AUTH-057: should return 429 when rate limited",
          "status": "passed",
          "title": "TC-AUTH-057: should return 429 when rate limited",
          "duration": 2.1130000000002838,
          "failureMessages": [],
          "meta": {}
        },
        {
          "ancestorTitles": ["POST /api/auth/mfa/verify", "Error Handling"],
          "fullName": "POST /api/auth/mfa/verify Error Handling TC-AUTH-058: should return 400 when challenge fails",
          "status": "passed",
          "title": "TC-AUTH-058: should return 400 when challenge fails",
          "duration": 4.487999999999829,
          "failureMessages": [],
          "meta": {}
        },
        {
          "ancestorTitles": ["POST /api/auth/mfa/verify", "Error Handling"],
          "fullName": "POST /api/auth/mfa/verify Error Handling TC-AUTH-059: should return 400 for invalid TOTP code",
          "status": "passed",
          "title": "TC-AUTH-059: should return 400 for invalid TOTP code",
          "duration": 1.7296999999998661,
          "failureMessages": [],
          "meta": {}
        }
      ],
      "startTime": 1771217813771,
      "endTime": 1771217813815.7297,
      "status": "passed",
      "message": "",
      "name": "C:/Users/Pankaj Soni/Desktop/cloud-services/tests/integration/api/auth-mfa-verify.test.ts"
    },
    {
      "assertionResults": [
        {
          "ancestorTitles": ["GET /api/auth/profile/read", "Success Cases"],
          "fullName": "GET /api/auth/profile/read Success Cases TC-AUTH-100: should return full user profile",
          "status": "passed",
          "title": "TC-AUTH-100: should return full user profile",
          "duration": 8.736499999999978,
          "failureMessages": [],
          "meta": {}
        },
        {
          "ancestorTitles": ["GET /api/auth/profile/read", "Success Cases"],
          "fullName": "GET /api/auth/profile/read Success Cases TC-AUTH-101: should handle missing user_metadata fields",
          "status": "passed",
          "title": "TC-AUTH-101: should handle missing user_metadata fields",
          "duration": 1.7182999999999993,
          "failureMessages": [],
          "meta": {}
        },
        {
          "ancestorTitles": ["GET /api/auth/profile/read", "Authorization"],
          "fullName": "GET /api/auth/profile/read Authorization TC-AUTH-102: should return 401 for unauthenticated user",
          "status": "passed",
          "title": "TC-AUTH-102: should return 401 for unauthenticated user",
          "duration": 1.1693999999997686,
          "failureMessages": [],
          "meta": {}
        },
        {
          "ancestorTitles": ["GET /api/auth/profile/read", "Error Handling"],
          "fullName": "GET /api/auth/profile/read Error Handling TC-AUTH-103: should return 500 on unexpected error",
          "status": "passed",
          "title": "TC-AUTH-103: should return 500 on unexpected error",
          "duration": 1.1010999999998603,
          "failureMessages": [],
          "meta": {}
        }
      ],
      "startTime": 1771217822213,
      "endTime": 1771217822226.101,
      "status": "passed",
      "message": "",
      "name": "C:/Users/Pankaj Soni/Desktop/cloud-services/tests/integration/api/auth-profile-read.test.ts"
    },
    {
      "assertionResults": [
        {
          "ancestorTitles": ["PUT /api/auth/profile/update", "Success Cases"],
          "fullName": "PUT /api/auth/profile/update Success Cases TC-AUTH-110: should update displayName",
          "status": "passed",
          "title": "TC-AUTH-110: should update displayName",
          "duration": 16.555599999999686,
          "failureMessages": [],
          "meta": {}
        },
        {
          "ancestorTitles": ["PUT /api/auth/profile/update", "Success Cases"],
          "fullName": "PUT /api/auth/profile/update Success Cases TC-AUTH-111: should update userName",
          "status": "passed",
          "title": "TC-AUTH-111: should update userName",
          "duration": 3.1720000000000255,
          "failureMessages": [],
          "meta": {}
        },
        {
          "ancestorTitles": ["PUT /api/auth/profile/update", "Success Cases"],
          "fullName": "PUT /api/auth/profile/update Success Cases TC-AUTH-112: should update profilePic",
          "status": "passed",
          "title": "TC-AUTH-112: should update profilePic",
          "duration": 3.4326999999998407,
          "failureMessages": [],
          "meta": {}
        },
        {
          "ancestorTitles": ["PUT /api/auth/profile/update", "Success Cases"],
          "fullName": "PUT /api/auth/profile/update Success Cases TC-AUTH-113: should include phone change note",
          "status": "passed",
          "title": "TC-AUTH-113: should include phone change note",
          "duration": 3.0882000000001426,
          "failureMessages": [],
          "meta": {}
        },
        {
          "ancestorTitles": ["PUT /api/auth/profile/update", "Success Cases"],
          "fullName": "PUT /api/auth/profile/update Success Cases TC-AUTH-114: should update multiple fields at once",
          "status": "passed",
          "title": "TC-AUTH-114: should update multiple fields at once",
          "duration": 4.023800000000392,
          "failureMessages": [],
          "meta": {}
        },
        {
          "ancestorTitles": ["PUT /api/auth/profile/update", "Validation"],
          "fullName": "PUT /api/auth/profile/update Validation TC-AUTH-115: should reject empty body (no valid fields)",
          "status": "passed",
          "title": "TC-AUTH-115: should reject empty body (no valid fields)",
          "duration": 2.1394000000000233,
          "failureMessages": [],
          "meta": {}
        },
        {
          "ancestorTitles": ["PUT /api/auth/profile/update", "Authorization"],
          "fullName": "PUT /api/auth/profile/update Authorization TC-AUTH-116: should return 401 for unauthenticated user",
          "status": "passed",
          "title": "TC-AUTH-116: should return 401 for unauthenticated user",
          "duration": 4.733099999999922,
          "failureMessages": [],
          "meta": {}
        },
        {
          "ancestorTitles": ["PUT /api/auth/profile/update", "Error Handling"],
          "fullName": "PUT /api/auth/profile/update Error Handling TC-AUTH-117: should return 400 when Supabase update fails",
          "status": "passed",
          "title": "TC-AUTH-117: should return 400 when Supabase update fails",
          "duration": 1.8033000000000357,
          "failureMessages": [],
          "meta": {}
        },
        {
          "ancestorTitles": ["PUT /api/auth/profile/update", "Error Handling"],
          "fullName": "PUT /api/auth/profile/update Error Handling TC-AUTH-118: should return 500 on unexpected error",
          "status": "passed",
          "title": "TC-AUTH-118: should return 500 on unexpected error",
          "duration": 2.1973000000002685,
          "failureMessages": [],
          "meta": {}
        }
      ],
      "startTime": 1771217816898,
      "endTime": 1771217816939.1973,
      "status": "passed",
      "message": "",
      "name": "C:/Users/Pankaj Soni/Desktop/cloud-services/tests/integration/api/auth-profile-update.test.ts"
    },
    {
      "assertionResults": [
        {
          "ancestorTitles": ["POST /api/auth/signin/email", "Success Cases"],
          "fullName": "POST /api/auth/signin/email Success Cases TC-AUTH-020: should sign in with valid credentials",
          "status": "passed",
          "title": "TC-AUTH-020: should sign in with valid credentials",
          "duration": 14.860400000000027,
          "failureMessages": [],
          "meta": {}
        },
        {
          "ancestorTitles": ["POST /api/auth/signin/email", "Success Cases"],
          "fullName": "POST /api/auth/signin/email Success Cases TC-AUTH-021: should return twofastatus true when TOTP is verified",
          "status": "passed",
          "title": "TC-AUTH-021: should return twofastatus true when TOTP is verified",
          "duration": 5.298099999999977,
          "failureMessages": [],
          "meta": {}
        },
        {
          "ancestorTitles": ["POST /api/auth/signin/email", "Success Cases"],
          "fullName": "POST /api/auth/signin/email Success Cases TC-AUTH-022: should return email as name when no profile username",
          "status": "passed",
          "title": "TC-AUTH-022: should return email as name when no profile username",
          "duration": 4.57589999999982,
          "failureMessages": [],
          "meta": {}
        },
        {
          "ancestorTitles": ["POST /api/auth/signin/email", "Success Cases"],
          "fullName": "POST /api/auth/signin/email Success Cases TC-AUTH-023: should create audit log on successful login",
          "status": "passed",
          "title": "TC-AUTH-023: should create audit log on successful login",
          "duration": 9.964300000000094,
          "failureMessages": [],
          "meta": {}
        },
        {
          "ancestorTitles": ["POST /api/auth/signin/email", "Success Cases"],
          "fullName": "POST /api/auth/signin/email Success Cases TC-AUTH-024: should still succeed if audit log fails",
          "status": "passed",
          "title": "TC-AUTH-024: should still succeed if audit log fails",
          "duration": 8.665500000000065,
          "failureMessages": [],
          "meta": {}
        },
        {
          "ancestorTitles": ["POST /api/auth/signin/email", "Validation"],
          "fullName": "POST /api/auth/signin/email Validation TC-AUTH-025: should reject missing email",
          "status": "passed",
          "title": "TC-AUTH-025: should reject missing email",
          "duration": 2.448199999999815,
          "failureMessages": [],
          "meta": {}
        },
        {
          "ancestorTitles": ["POST /api/auth/signin/email", "Validation"],
          "fullName": "POST /api/auth/signin/email Validation TC-AUTH-026: should reject missing password",
          "status": "passed",
          "title": "TC-AUTH-026: should reject missing password",
          "duration": 2.367000000000189,
          "failureMessages": [],
          "meta": {}
        },
        {
          "ancestorTitles": ["POST /api/auth/signin/email", "Validation"],
          "fullName": "POST /api/auth/signin/email Validation TC-AUTH-027: should reject empty body",
          "status": "passed",
          "title": "TC-AUTH-027: should reject empty body",
          "duration": 2.1644999999998618,
          "failureMessages": [],
          "meta": {}
        },
        {
          "ancestorTitles": ["POST /api/auth/signin/email", "Validation"],
          "fullName": "POST /api/auth/signin/email Validation TC-AUTH-028: should reject empty string email",
          "status": "passed",
          "title": "TC-AUTH-028: should reject empty string email",
          "duration": 2.796700000000328,
          "failureMessages": [],
          "meta": {}
        },
        {
          "ancestorTitles": ["POST /api/auth/signin/email", "Validation"],
          "fullName": "POST /api/auth/signin/email Validation TC-AUTH-029: should reject empty string password",
          "status": "passed",
          "title": "TC-AUTH-029: should reject empty string password",
          "duration": 2.257000000000062,
          "failureMessages": [],
          "meta": {}
        },
        {
          "ancestorTitles": [
            "POST /api/auth/signin/email",
            "Authentication Failures"
          ],
          "fullName": "POST /api/auth/signin/email Authentication Failures TC-AUTH-030: should return 401 for wrong password",
          "status": "passed",
          "title": "TC-AUTH-030: should return 401 for wrong password",
          "duration": 2.8069000000000415,
          "failureMessages": [],
          "meta": {}
        },
        {
          "ancestorTitles": [
            "POST /api/auth/signin/email",
            "Authentication Failures"
          ],
          "fullName": "POST /api/auth/signin/email Authentication Failures TC-AUTH-031: should return 401 for non-existent email",
          "status": "passed",
          "title": "TC-AUTH-031: should return 401 for non-existent email",
          "duration": 2.987999999999829,
          "failureMessages": [],
          "meta": {}
        },
        {
          "ancestorTitles": [
            "POST /api/auth/signin/email",
            "Authentication Failures"
          ],
          "fullName": "POST /api/auth/signin/email Authentication Failures TC-AUTH-032: should return 401 when user is null (no error)",
          "status": "passed",
          "title": "TC-AUTH-032: should return 401 when user is null (no error)",
          "duration": 3.3770999999997002,
          "failureMessages": [],
          "meta": {}
        },
        {
          "ancestorTitles": [
            "POST /api/auth/signin/email",
            "Authentication Failures"
          ],
          "fullName": "POST /api/auth/signin/email Authentication Failures TC-AUTH-033: should return 401 for email not confirmed",
          "status": "passed",
          "title": "TC-AUTH-033: should return 401 for email not confirmed",
          "duration": 3.009399999999914,
          "failureMessages": [],
          "meta": {}
        },
        {
          "ancestorTitles": ["POST /api/auth/signin/email", "Rate Limiting"],
          "fullName": "POST /api/auth/signin/email Rate Limiting TC-AUTH-034: should return 429 when rate limit exceeded",
          "status": "passed",
          "title": "TC-AUTH-034: should return 429 when rate limit exceeded",
          "duration": 2.3380999999999403,
          "failureMessages": [],
          "meta": {}
        },
        {
          "ancestorTitles": ["POST /api/auth/signin/email", "Rate Limiting"],
          "fullName": "POST /api/auth/signin/email Rate Limiting TC-AUTH-035: should call limitByEmail with correct email",
          "status": "passed",
          "title": "TC-AUTH-035: should call limitByEmail with correct email",
          "duration": 9.484599999999773,
          "failureMessages": [],
          "meta": {}
        }
      ],
      "startTime": 1771217803272,
      "endTime": 1771217803352.4846,
      "status": "passed",
      "message": "",
      "name": "C:/Users/Pankaj Soni/Desktop/cloud-services/tests/integration/api/auth-signin-email.test.ts"
    },
    {
      "assertionResults": [
        {
          "ancestorTitles": ["POST /api/auth/signup", "Success Cases"],
          "fullName": "POST /api/auth/signup Success Cases TC-AUTH-001: should create account with valid email and password",
          "status": "passed",
          "title": "TC-AUTH-001: should create account with valid email and password",
          "duration": 21.685699999999997,
          "failureMessages": [],
          "meta": {}
        },
        {
          "ancestorTitles": ["POST /api/auth/signup", "Success Cases"],
          "fullName": "POST /api/auth/signup Success Cases TC-AUTH-002: should pass username in signup options",
          "status": "passed",
          "title": "TC-AUTH-002: should pass username in signup options",
          "duration": 4.676400000000285,
          "failureMessages": [],
          "meta": {}
        },
        {
          "ancestorTitles": ["POST /api/auth/signup", "Success Cases"],
          "fullName": "POST /api/auth/signup Success Cases TC-AUTH-003: should pass display_name when provided",
          "status": "passed",
          "title": "TC-AUTH-003: should pass display_name when provided",
          "duration": 4.587700000000041,
          "failureMessages": [],
          "meta": {}
        },
        {
          "ancestorTitles": ["POST /api/auth/signup", "Success Cases"],
          "fullName": "POST /api/auth/signup Success Cases TC-AUTH-004: should use username as display_name fallback",
          "status": "passed",
          "title": "TC-AUTH-004: should use username as display_name fallback",
          "duration": 3.209400000000187,
          "failureMessages": [],
          "meta": {}
        },
        {
          "ancestorTitles": ["POST /api/auth/signup", "Success Cases"],
          "fullName": "POST /api/auth/signup Success Cases TC-AUTH-005: should not return password in response",
          "status": "passed",
          "title": "TC-AUTH-005: should not return password in response",
          "duration": 4.053000000000338,
          "failureMessages": [],
          "meta": {}
        },
        {
          "ancestorTitles": ["POST /api/auth/signup", "Validation"],
          "fullName": "POST /api/auth/signup Validation TC-AUTH-006: should reject missing email",
          "status": "passed",
          "title": "TC-AUTH-006: should reject missing email",
          "duration": 1.1907999999998538,
          "failureMessages": [],
          "meta": {}
        },
        {
          "ancestorTitles": ["POST /api/auth/signup", "Validation"],
          "fullName": "POST /api/auth/signup Validation TC-AUTH-007: should reject missing password",
          "status": "passed",
          "title": "TC-AUTH-007: should reject missing password",
          "duration": 0.8191000000001623,
          "failureMessages": [],
          "meta": {}
        },
        {
          "ancestorTitles": ["POST /api/auth/signup", "Validation"],
          "fullName": "POST /api/auth/signup Validation TC-AUTH-008: should reject empty body",
          "status": "passed",
          "title": "TC-AUTH-008: should reject empty body",
          "duration": 0.8027999999999338,
          "failureMessages": [],
          "meta": {}
        },
        {
          "ancestorTitles": ["POST /api/auth/signup", "Validation"],
          "fullName": "POST /api/auth/signup Validation TC-AUTH-009: should reject empty string email",
          "status": "passed",
          "title": "TC-AUTH-009: should reject empty string email",
          "duration": 1.4209000000000742,
          "failureMessages": [],
          "meta": {}
        },
        {
          "ancestorTitles": ["POST /api/auth/signup", "Validation"],
          "fullName": "POST /api/auth/signup Validation TC-AUTH-010: should reject empty string password",
          "status": "passed",
          "title": "TC-AUTH-010: should reject empty string password",
          "duration": 0.9442000000003645,
          "failureMessages": [],
          "meta": {}
        },
        {
          "ancestorTitles": [
            "POST /api/auth/signup",
            "Supabase Error Handling"
          ],
          "fullName": "POST /api/auth/signup Supabase Error Handling TC-AUTH-011: should forward Supabase signUp error message",
          "status": "passed",
          "title": "TC-AUTH-011: should forward Supabase signUp error message",
          "duration": 1.557299999999941,
          "failureMessages": [],
          "meta": {}
        },
        {
          "ancestorTitles": [
            "POST /api/auth/signup",
            "Supabase Error Handling"
          ],
          "fullName": "POST /api/auth/signup Supabase Error Handling TC-AUTH-012: should handle invalid email format from Supabase",
          "status": "passed",
          "title": "TC-AUTH-012: should handle invalid email format from Supabase",
          "duration": 1.3120999999996457,
          "failureMessages": [],
          "meta": {}
        },
        {
          "ancestorTitles": [
            "POST /api/auth/signup",
            "Supabase Error Handling"
          ],
          "fullName": "POST /api/auth/signup Supabase Error Handling TC-AUTH-013: should handle password too short from Supabase",
          "status": "passed",
          "title": "TC-AUTH-013: should handle password too short from Supabase",
          "duration": 4.795700000000124,
          "failureMessages": [],
          "meta": {}
        },
        {
          "ancestorTitles": [
            "POST /api/auth/signup",
            "Supabase Error Handling"
          ],
          "fullName": "POST /api/auth/signup Supabase Error Handling TC-AUTH-014: should handle null user (failed account creation)",
          "status": "passed",
          "title": "TC-AUTH-014: should handle null user (failed account creation)",
          "duration": 4.936400000000049,
          "failureMessages": [],
          "meta": {}
        },
        {
          "ancestorTitles": [
            "POST /api/auth/signup",
            "Supabase Error Handling"
          ],
          "fullName": "POST /api/auth/signup Supabase Error Handling TC-AUTH-015: should handle Supabase rate limiting error",
          "status": "passed",
          "title": "TC-AUTH-015: should handle Supabase rate limiting error",
          "duration": 7.986499999999978,
          "failureMessages": [],
          "meta": {}
        },
        {
          "ancestorTitles": ["POST /api/auth/signup", "Security"],
          "fullName": "POST /api/auth/signup Security TC-AUTH-016: should pass SQL injection attempt to Supabase safely",
          "status": "passed",
          "title": "TC-AUTH-016: should pass SQL injection attempt to Supabase safely",
          "duration": 2.7807999999999993,
          "failureMessages": [],
          "meta": {}
        },
        {
          "ancestorTitles": ["POST /api/auth/signup", "Security"],
          "fullName": "POST /api/auth/signup Security TC-AUTH-017: should handle XSS in email field safely",
          "status": "passed",
          "title": "TC-AUTH-017: should handle XSS in email field safely",
          "duration": 1.4364999999997963,
          "failureMessages": [],
          "meta": {}
        },
        {
          "ancestorTitles": ["POST /api/auth/signup", "Security"],
          "fullName": "POST /api/auth/signup Security TC-AUTH-018: should only return id and email in user response",
          "status": "passed",
          "title": "TC-AUTH-018: should only return id and email in user response",
          "duration": 1.6190000000001419,
          "failureMessages": [],
          "meta": {}
        }
      ],
      "startTime": 1771217813062,
      "endTime": 1771217813132.619,
      "status": "passed",
      "message": "",
      "name": "C:/Users/Pankaj Soni/Desktop/cloud-services/tests/integration/api/auth-signup.test.ts"
    },
    {
      "assertionResults": [
        {
          "ancestorTitles": [
            "POST /api/billing/coupons/redeem",
            "Success Cases"
          ],
          "fullName": "POST /api/billing/coupons/redeem Success Cases TC-BILL-020: should redeem valid coupon",
          "status": "passed",
          "title": "TC-BILL-020: should redeem valid coupon",
          "duration": 14.29220000000032,
          "failureMessages": [],
          "meta": {}
        },
        {
          "ancestorTitles": [
            "POST /api/billing/coupons/redeem",
            "Success Cases"
          ],
          "fullName": "POST /api/billing/coupons/redeem Success Cases TC-BILL-021: should uppercase and trim the code before redeeming",
          "status": "passed",
          "title": "TC-BILL-021: should uppercase and trim the code before redeeming",
          "duration": 4.801199999999881,
          "failureMessages": [],
          "meta": {}
        },
        {
          "ancestorTitles": ["POST /api/billing/coupons/redeem", "Validation"],
          "fullName": "POST /api/billing/coupons/redeem Validation TC-BILL-022: should reject missing code",
          "status": "passed",
          "title": "TC-BILL-022: should reject missing code",
          "duration": 4.436500000000251,
          "failureMessages": [],
          "meta": {}
        },
        {
          "ancestorTitles": ["POST /api/billing/coupons/redeem", "Validation"],
          "fullName": "POST /api/billing/coupons/redeem Validation TC-BILL-023: should reject empty code",
          "status": "passed",
          "title": "TC-BILL-023: should reject empty code",
          "duration": 2.6260999999999513,
          "failureMessages": [],
          "meta": {}
        },
        {
          "ancestorTitles": [
            "POST /api/billing/coupons/redeem",
            "Invalid Coupon"
          ],
          "fullName": "POST /api/billing/coupons/redeem Invalid Coupon TC-BILL-024: should reject non-existent coupon",
          "status": "passed",
          "title": "TC-BILL-024: should reject non-existent coupon",
          "duration": 3.7645000000002256,
          "failureMessages": [],
          "meta": {}
        },
        {
          "ancestorTitles": [
            "POST /api/billing/coupons/redeem",
            "Invalid Coupon"
          ],
          "fullName": "POST /api/billing/coupons/redeem Invalid Coupon TC-BILL-025: should reject already redeemed coupon",
          "status": "passed",
          "title": "TC-BILL-025: should reject already redeemed coupon",
          "duration": 2.7783999999996922,
          "failureMessages": [],
          "meta": {}
        },
        {
          "ancestorTitles": [
            "POST /api/billing/coupons/redeem",
            "Invalid Coupon"
          ],
          "fullName": "POST /api/billing/coupons/redeem Invalid Coupon TC-BILL-026: should reject expired coupon",
          "status": "passed",
          "title": "TC-BILL-026: should reject expired coupon",
          "duration": 3.591899999999896,
          "failureMessages": [],
          "meta": {}
        },
        {
          "ancestorTitles": [
            "POST /api/billing/coupons/redeem",
            "Authorization"
          ],
          "fullName": "POST /api/billing/coupons/redeem Authorization TC-BILL-027: should return 401 for unauthenticated user",
          "status": "passed",
          "title": "TC-BILL-027: should return 401 for unauthenticated user",
          "duration": 2.1461999999996806,
          "failureMessages": [],
          "meta": {}
        },
        {
          "ancestorTitles": [
            "POST /api/billing/coupons/redeem",
            "Authorization"
          ],
          "fullName": "POST /api/billing/coupons/redeem Authorization TC-BILL-028: should return 401 for user without email",
          "status": "passed",
          "title": "TC-BILL-028: should return 401 for user without email",
          "duration": 2.598399999999856,
          "failureMessages": [],
          "meta": {}
        },
        {
          "ancestorTitles": [
            "POST /api/billing/coupons/redeem",
            "Rate Limiting"
          ],
          "fullName": "POST /api/billing/coupons/redeem Rate Limiting TC-BILL-029: should return 429 when rate limited",
          "status": "passed",
          "title": "TC-BILL-029: should return 429 when rate limited",
          "duration": 2.4521999999997206,
          "failureMessages": [],
          "meta": {}
        },
        {
          "ancestorTitles": [
            "POST /api/billing/coupons/redeem",
            "Error Handling"
          ],
          "fullName": "POST /api/billing/coupons/redeem Error Handling TC-BILL-030: should return 500 on unexpected error",
          "status": "passed",
          "title": "TC-BILL-030: should return 500 on unexpected error",
          "duration": 6.476100000000315,
          "failureMessages": [],
          "meta": {}
        }
      ],
      "startTime": 1771217810603,
      "endTime": 1771217810653.476,
      "status": "passed",
      "message": "",
      "name": "C:/Users/Pankaj Soni/Desktop/cloud-services/tests/integration/api/billing-coupon-redeem.test.ts"
    },
    {
      "assertionResults": [
        {
          "ancestorTitles": ["POST /api/billing/topup", "Success Cases"],
          "fullName": "POST /api/billing/topup Success Cases TC-BILL-001: should topup successfully with valid amount",
          "status": "passed",
          "title": "TC-BILL-001: should topup successfully with valid amount",
          "duration": 15.226200000000063,
          "failureMessages": [],
          "meta": {}
        },
        {
          "ancestorTitles": ["POST /api/billing/topup", "Success Cases"],
          "fullName": "POST /api/billing/topup Success Cases TC-BILL-002: should accept decimal amounts",
          "status": "passed",
          "title": "TC-BILL-002: should accept decimal amounts",
          "duration": 2.882600000000366,
          "failureMessages": [],
          "meta": {}
        },
        {
          "ancestorTitles": ["POST /api/billing/topup", "Validation"],
          "fullName": "POST /api/billing/topup Validation TC-BILL-003: should reject negative amount",
          "status": "passed",
          "title": "TC-BILL-003: should reject negative amount",
          "duration": 3.0164999999997235,
          "failureMessages": [],
          "meta": {}
        },
        {
          "ancestorTitles": ["POST /api/billing/topup", "Validation"],
          "fullName": "POST /api/billing/topup Validation TC-BILL-004: should reject zero amount",
          "status": "passed",
          "title": "TC-BILL-004: should reject zero amount",
          "duration": 2.4417999999996027,
          "failureMessages": [],
          "meta": {}
        },
        {
          "ancestorTitles": ["POST /api/billing/topup", "Validation"],
          "fullName": "POST /api/billing/topup Validation TC-BILL-005: should reject non-numeric amount",
          "status": "passed",
          "title": "TC-BILL-005: should reject non-numeric amount",
          "duration": 3.009099999999762,
          "failureMessages": [],
          "meta": {}
        },
        {
          "ancestorTitles": ["POST /api/billing/topup", "Validation"],
          "fullName": "POST /api/billing/topup Validation TC-BILL-006: should reject Infinity",
          "status": "passed",
          "title": "TC-BILL-006: should reject Infinity",
          "duration": 5.593499999999949,
          "failureMessages": [],
          "meta": {}
        },
        {
          "ancestorTitles": ["POST /api/billing/topup", "Validation"],
          "fullName": "POST /api/billing/topup Validation TC-BILL-007: should reject NaN",
          "status": "passed",
          "title": "TC-BILL-007: should reject NaN",
          "duration": 1.358299999999872,
          "failureMessages": [],
          "meta": {}
        },
        {
          "ancestorTitles": ["POST /api/billing/topup", "Authorization"],
          "fullName": "POST /api/billing/topup Authorization TC-BILL-008: should return 401 for unauthenticated user",
          "status": "passed",
          "title": "TC-BILL-008: should return 401 for unauthenticated user",
          "duration": 2.035400000000209,
          "failureMessages": [],
          "meta": {}
        },
        {
          "ancestorTitles": ["POST /api/billing/topup", "Error Handling"],
          "fullName": "POST /api/billing/topup Error Handling TC-BILL-009: should return 400 when Billing.topup fails",
          "status": "passed",
          "title": "TC-BILL-009: should return 400 when Billing.topup fails",
          "duration": 3.419800000000123,
          "failureMessages": [],
          "meta": {}
        }
      ],
      "startTime": 1771217820158,
      "endTime": 1771217820198.42,
      "status": "passed",
      "message": "",
      "name": "C:/Users/Pankaj Soni/Desktop/cloud-services/tests/integration/api/billing-topup.test.ts"
    },
    {
      "assertionResults": [
        {
          "ancestorTitles": [
            "POST /api/services/database/create",
            "Success Cases"
          ],
          "fullName": "POST /api/services/database/create Success Cases should create MySQL database with valid data",
          "status": "passed",
          "title": "should create MySQL database with valid data",
          "duration": 179.55650000000014,
          "failureMessages": [],
          "meta": {}
        },
        {
          "ancestorTitles": [
            "POST /api/services/database/create",
            "Success Cases"
          ],
          "fullName": "POST /api/services/database/create Success Cases should create PostgreSQL database",
          "status": "passed",
          "title": "should create PostgreSQL database",
          "duration": 159.65999999999985,
          "failureMessages": [],
          "meta": {}
        },
        {
          "ancestorTitles": [
            "POST /api/services/database/create",
            "Success Cases"
          ],
          "fullName": "POST /api/services/database/create Success Cases should encrypt passwords before storing",
          "status": "passed",
          "title": "should encrypt passwords before storing",
          "duration": 151.3489000000004,
          "failureMessages": [],
          "meta": {}
        },
        {
          "ancestorTitles": [
            "POST /api/services/database/create",
            "Success Cases"
          ],
          "fullName": "POST /api/services/database/create Success Cases should trigger billing after successful creation",
          "status": "passed",
          "title": "should trigger billing after successful creation",
          "duration": 153.0034000000005,
          "failureMessages": [],
          "meta": {}
        },
        {
          "ancestorTitles": [
            "POST /api/services/database/create",
            "Billing Checks"
          ],
          "fullName": "POST /api/services/database/create Billing Checks should return 402 when insufficient balance",
          "status": "passed",
          "title": "should return 402 when insufficient balance",
          "duration": 10.398699999999735,
          "failureMessages": [],
          "meta": {}
        },
        {
          "ancestorTitles": [
            "POST /api/services/database/create",
            "Validation Errors"
[...]
          ],
          "fullName": "POST /api/webhooks/platform-apps/deployment-record should accept resize trigger",
          "status": "passed",
          "title": "should accept resize trigger",
          "duration": 2.0298000000002503,
          "failureMessages": [],
          "meta": {}
        }
      ],
      "startTime": 1771217806568,
      "endTime": 1771217806648.0298,
      "status": "passed",
      "message": "",
      "name": "C:/Users/Pankaj Soni/Desktop/cloud-services/tests/integration/api/webhook-deployment-record.test.ts"
    },
    {
      "assertionResults": [
        {
          "ancestorTitles": ["POST /api/webhooks/deployment-status"],
          "fullName": "POST /api/webhooks/deployment-status should return 400 when app_name is missing",
          "status": "passed",
          "title": "should return 400 when app_name is missing",
          "duration": 11.611500000000433,
          "failureMessages": [],
          "meta": {}
        },
        {
          "ancestorTitles": ["POST /api/webhooks/deployment-status"],
          "fullName": "POST /api/webhooks/deployment-status should return 400 when status is missing",
          "status": "passed",
          "title": "should return 400 when status is missing",
          "duration": 2.8292999999998756,
          "failureMessages": [],
          "meta": {}
        },
        {
          "ancestorTitles": ["POST /api/webhooks/deployment-status"],
          "fullName": "POST /api/webhooks/deployment-status should return 404 when app is not found",
          "status": "passed",
          "title": "should return 404 when app is not found",
          "duration": 5.436900000000151,
          "failureMessages": [],
          "meta": {}
        },
        {
          "ancestorTitles": ["POST /api/webhooks/deployment-status"],
          "fullName": "POST /api/webhooks/deployment-status should strip -job suffix from app_name",
          "status": "passed",
          "title": "should strip -job suffix from app_name",
          "duration": 5.281199999999899,
          "failureMessages": [],
          "meta": {}
        },
        {
          "ancestorTitles": ["POST /api/webhooks/deployment-status"],
          "fullName": "POST /api/webhooks/deployment-status should return 400 for invalid status value",
          "status": "passed",
          "title": "should return 400 for invalid status value",
          "duration": 6.882399999999961,
          "failureMessages": [],
          "meta": {}
        },
        {
          "ancestorTitles": ["POST /api/webhooks/deployment-status"],
          "fullName": "POST /api/webhooks/deployment-status should accept pending status",
          "status": "passed",
          "title": "should accept pending status",
          "duration": 2.5710000000003674,
          "failureMessages": [],
          "meta": {}
        },
        {
          "ancestorTitles": ["POST /api/webhooks/deployment-status"],
          "fullName": "POST /api/webhooks/deployment-status should accept building status",
          "status": "passed",
          "title": "should accept building status",
          "duration": 3.0351999999998043,
          "failureMessages": [],
          "meta": {}
        },
        {
          "ancestorTitles": ["POST /api/webhooks/deployment-status"],
          "fullName": "POST /api/webhooks/deployment-status should accept stopped status",
          "status": "passed",
          "title": "should accept stopped status",
          "duration": 2.834100000000035,
          "failureMessages": [],
          "meta": {}
        },
        {
          "ancestorTitles": ["POST /api/webhooks/deployment-status"],
          "fullName": "POST /api/webhooks/deployment-status should update app status and create deployment record for running status",
          "status": "passed",
          "title": "should update app status and create deployment record for running status",
          "duration": 10.190999999999804,
          "failureMessages": [],
          "meta": {}
        },
        {
          "ancestorTitles": ["POST /api/webhooks/deployment-status"],
          "fullName": "POST /api/webhooks/deployment-status should store failure reason and create deployment record for failed status",
          "status": "passed",
          "title": "should store failure reason and create deployment record for failed status",
          "duration": 4.037799999999606,
          "failureMessages": [],
          "meta": {}
        },
        {
          "ancestorTitles": ["POST /api/webhooks/deployment-status"],
          "fullName": "POST /api/webhooks/deployment-status should default trigger to webhook when not provided",
          "status": "passed",
          "title": "should default trigger to webhook when not provided",
          "duration": 2.9931000000001404,
          "failureMessages": [],
          "meta": {}
        },
        {
          "ancestorTitles": ["POST /api/webhooks/deployment-status"],
          "fullName": "POST /api/webhooks/deployment-status should use valid trigger value when provided",
          "status": "passed",
          "title": "should use valid trigger value when provided",
          "duration": 34.91850000000022,
          "failureMessages": [],
          "meta": {}
        },
        {
          "ancestorTitles": ["POST /api/webhooks/deployment-status"],
          "fullName": "POST /api/webhooks/deployment-status should fallback to webhook for invalid trigger",
          "status": "passed",
          "title": "should fallback to webhook for invalid trigger",
          "duration": 3.018800000000283,
          "failureMessages": [],
          "meta": {}
        },
        {
          "ancestorTitles": ["POST /api/webhooks/deployment-status"],
          "fullName": "POST /api/webhooks/deployment-status should not create deployment record for building status",
          "status": "passed",
          "title": "should not create deployment record for building status",
          "duration": 10.955699999999979,
          "failureMessages": [],
          "meta": {}
        },
        {
          "ancestorTitles": ["POST /api/webhooks/deployment-status"],
          "fullName": "POST /api/webhooks/deployment-status should include failure_reason in response only for failed status",
          "status": "passed",
          "title": "should include failure_reason in response only for failed status",
          "duration": 4.026499999999942,
          "failureMessages": [],
          "meta": {}
        },
        {
          "ancestorTitles": ["POST /api/webhooks/deployment-status"],
          "fullName": "POST /api/webhooks/deployment-status should return 500 on unexpected error",
          "status": "passed",
          "title": "should return 500 on unexpected error",
          "duration": 7.54340000000002,
          "failureMessages": [],
          "meta": {}
        },
        {
          "ancestorTitles": ["POST /api/webhooks/deployment-status"],
          "fullName": "POST /api/webhooks/deployment-status should handle non-Error thrown",
          "status": "passed",
          "title": "should handle non-Error thrown",
          "duration": 2.4405000000001564,
          "failureMessages": [],
          "meta": {}
        }
      ],
      "startTime": 1771217802811,
      "endTime": 1771217802932.4404,
      "status": "passed",
      "message": "",
      "name": "C:/Users/Pankaj Soni/Desktop/cloud-services/tests/integration/api/webhook-deployment-status.test.ts"
    },
    {
      "assertionResults": [
        {
          "ancestorTitles": ["POST /api/webhooks/git/github"],
          "fullName": "POST /api/webhooks/git/github should return 400 for empty request body",
          "status": "passed",
          "title": "should return 400 for empty request body",
          "duration": 10.87840000000051,
          "failureMessages": [],
          "meta": {}
        },
        {
          "ancestorTitles": ["POST /api/webhooks/git/github"],
          "fullName": "POST /api/webhooks/git/github should return 400 for invalid JSON payload",
          "status": "passed",
          "title": "should return 400 for invalid JSON payload",
          "duration": 19.73120000000017,
          "failureMessages": [],
          "meta": {}
        },
        {
          "ancestorTitles": ["POST /api/webhooks/git/github"],
          "fullName": "POST /api/webhooks/git/github should handle ping event successfully",
          "status": "passed",
          "title": "should handle ping event successfully",
          "duration": 5.341099999999642,
          "failureMessages": [],
          "meta": {}
        },
        {
          "ancestorTitles": ["POST /api/webhooks/git/github"],
          "fullName": "POST /api/webhooks/git/github should skip non-push events",
          "status": "passed",
          "title": "should skip non-push events",
          "duration": 4.247599999999693,
          "failureMessages": [],
          "meta": {}
        },
        {
          "ancestorTitles": ["POST /api/webhooks/git/github"],
          "fullName": "POST /api/webhooks/git/github should skip branch deletion events",
          "status": "passed",
          "title": "should skip branch deletion events",
          "duration": 5.137900000000627,
          "failureMessages": [],
          "meta": {}
        },
        {
          "ancestorTitles": ["POST /api/webhooks/git/github"],
          "fullName": "POST /api/webhooks/git/github should return 404 when no apps match repository",
          "status": "passed",
          "title": "should return 404 when no apps match repository",
          "duration": 4.6457000000000335,
          "failureMessages": [],
          "meta": {}
        },
        {
          "ancestorTitles": ["POST /api/webhooks/git/github"],
          "fullName": "POST /api/webhooks/git/github should return 404 when find_all_by_repository returns null",
          "status": "passed",
          "title": "should return 404 when find_all_by_repository returns null",
          "duration": 3.8933999999999287,
          "failureMessages": [],
          "meta": {}
        },
        {
          "ancestorTitles": ["POST /api/webhooks/git/github"],
          "fullName": "POST /api/webhooks/git/github should return 401 when signature does not match any app",
          "status": "passed",
          "title": "should return 401 when signature does not match any app",
          "duration": 6.0820999999996275,
          "failureMessages": [],
          "meta": {}
        },
        {
          "ancestorTitles": ["POST /api/webhooks/git/github"],
          "fullName": "POST /api/webhooks/git/github should skip when auto-deploy is disabled",
          "status": "passed",
          "title": "should skip when auto-deploy is disabled",
          "duration": 7.282500000000255,
          "failureMessages": [],
          "meta": {}
        },
        {
          "ancestorTitles": ["POST /api/webhooks/git/github"],
          "fullName": "POST /api/webhooks/git/github should skip when push branch does not match deploy branch",
          "status": "passed",
          "title": "should skip when push branch does not match deploy branch",
          "duration": 4.16780000000017,
          "failureMessages": [],
          "meta": {}
        },
        {
          "ancestorTitles": ["POST /api/webhooks/git/github"],
          "fullName": "POST /api/webhooks/git/github should handle deploy skipped result",
          "status": "passed",
          "title": "should handle deploy skipped result",
          "duration": 3.9458000000004176,
          "failureMessages": [],
          "meta": {}
        },
        {
          "ancestorTitles": ["POST /api/webhooks/git/github"],
          "fullName": "POST /api/webhooks/git/github should return 500 when deployment fails",
          "status": "passed",
          "title": "should return 500 when deployment fails",
          "duration": 4.466800000000148,
          "failureMessages": [],
          "meta": {}
        },
        {
          "ancestorTitles": ["POST /api/webhooks/git/github"],
          "fullName": "POST /api/webhooks/git/github should trigger deployment successfully",
          "status": "passed",
          "title": "should trigger deployment successfully",
          "duration": 17.825399999999718,
          "failureMessages": [],
          "meta": {}
        },
        {
          "ancestorTitles": ["POST /api/webhooks/git/github"],
          "fullName": "POST /api/webhooks/git/github should match the correct app when multiple apps share same repo",
          "status": "passed",
          "title": "should match the correct app when multiple apps share same repo",
          "duration": 4.740700000000288,
          "failureMessages": [],
          "meta": {}
        },
        {
          "ancestorTitles": ["POST /api/webhooks/git/github"],
          "fullName": "POST /api/webhooks/git/github should use deploy_branch over branch field",
          "status": "passed",
          "title": "should use deploy_branch over branch field",
          "duration": 5.22860000000037,
          "failureMessages": [],
          "meta": {}
        },
        {
          "ancestorTitles": ["POST /api/webhooks/git/github"],
          "fullName": "POST /api/webhooks/git/github should return 500 on unexpected error",
          "status": "passed",
          "title": "should return 500 on unexpected error",
          "duration": 9.177400000000489,
          "failureMessages": [],
          "meta": {}
        },
        {
          "ancestorTitles": ["POST /api/webhooks/git/github"],
          "fullName": "POST /api/webhooks/git/github should handle non-Error objects thrown",
          "status": "passed",
          "title": "should handle non-Error objects thrown",
          "duration": 9.317199999999502,
          "failureMessages": [],
          "meta": {}
        },
        {
          "ancestorTitles": ["HEAD /api/webhooks/git/github"],
          "fullName": "HEAD /api/webhooks/git/github should return 200 for HEAD request",
          "status": "passed",
          "title": "should return 200 for HEAD request",
          "duration": 0.3993000000000393,
          "failureMessages": [],
          "meta": {}
        }
      ],
      "startTime": 1771217805822,
      "endTime": 1771217805949.3994,
      "status": "passed",
      "message": "",
      "name": "C:/Users/Pankaj Soni/Desktop/cloud-services/tests/integration/api/webhook-github.test.ts"
    },
    {
      "assertionResults": [
        {
          "ancestorTitles": ["POST /api/webhooks/git/gitlab"],
          "fullName": "POST /api/webhooks/git/gitlab should return 400 for empty request body",
          "status": "passed",
          "title": "should return 400 for empty request body",
          "duration": 12.02770000000055,
          "failureMessages": [],
          "meta": {}
        },
        {
          "ancestorTitles": ["POST /api/webhooks/git/gitlab"],
          "fullName": "POST /api/webhooks/git/gitlab should return 400 for invalid JSON payload",
          "status": "passed",
          "title": "should return 400 for invalid JSON payload",
          "duration": 4.5207000000000335,
          "failureMessages": [],
          "meta": {}
        },
        {
          "ancestorTitles": ["POST /api/webhooks/git/gitlab"],
          "fullName": "POST /api/webhooks/git/gitlab should skip non-push events",
          "status": "passed",
          "title": "should skip non-push events",
          "duration": 5.407100000000355,
          "failureMessages": [],
          "meta": {}
        },
        {
          "ancestorTitles": ["POST /api/webhooks/git/gitlab"],
          "fullName": "POST /api/webhooks/git/gitlab should skip branch deletion events",
          "status": "passed",
          "title": "should skip branch deletion events",
          "duration": 4.830299999999625,
          "failureMessages": [],
          "meta": {}
        },
        {
          "ancestorTitles": ["POST /api/webhooks/git/gitlab"],
          "fullName": "POST /api/webhooks/git/gitlab should return 404 when no app matches repository",
          "status": "passed",
          "title": "should return 404 when no app matches repository",
          "duration": 4.934299999999894,
          "failureMessages": [],
          "meta": {}
        },
        {
          "ancestorTitles": ["POST /api/webhooks/git/gitlab"],
          "fullName": "POST /api/webhooks/git/gitlab should return 401 when token is invalid",
          "status": "passed",
          "title": "should return 401 when token is invalid",
          "duration": 5.880900000000111,
          "failureMessages": [],
          "meta": {}
        },
        {
          "ancestorTitles": ["POST /api/webhooks/git/gitlab"],
          "fullName": "POST /api/webhooks/git/gitlab should skip when auto-deploy is disabled",
          "status": "passed",
          "title": "should skip when auto-deploy is disabled",
          "duration": 18.978299999999763,
          "failureMessages": [],
          "meta": {}
        },
        {
          "ancestorTitles": ["POST /api/webhooks/git/gitlab"],
          "fullName": "POST /api/webhooks/git/gitlab should skip when push branch does not match deploy branch",
          "status": "passed",
          "title": "should skip when push branch does not match deploy branch",
          "duration": 5.075600000000122,
          "failureMessages": [],
          "meta": {}
        },
        {
          "ancestorTitles": ["POST /api/webhooks/git/gitlab"],
          "fullName": "POST /api/webhooks/git/gitlab should return 500 when deployment fails",
          "status": "passed",
          "title": "should return 500 when deployment fails",
          "duration": 5.678199999999379,
          "failureMessages": [],
          "meta": {}
        },
        {
          "ancestorTitles": ["POST /api/webhooks/git/gitlab"],
          "fullName": "POST /api/webhooks/git/gitlab should trigger deployment successfully",
          "status": "passed",
          "title": "should trigger deployment successfully",
          "duration": 7.3913000000002285,
          "failureMessages": [],
          "meta": {}
        },
        {
          "ancestorTitles": ["POST /api/webhooks/git/gitlab"],
          "fullName": "POST /api/webhooks/git/gitlab should continue even if KubernetesInfoService.logAppImages fails",
          "status": "passed",
          "title": "should continue even if KubernetesInfoService.logAppImages fails",
          "duration": 5.570499999999811,
          "failureMessages": [],
          "meta": {}
        },
        {
          "ancestorTitles": ["POST /api/webhooks/git/gitlab"],
          "fullName": "POST /api/webhooks/git/gitlab should return 500 on unexpected error",
          "status": "passed",
          "title": "should return 500 on unexpected error",
          "duration": 11.02979999999934,
          "failureMessages": [],
          "meta": {}
        },
        {
          "ancestorTitles": ["POST /api/webhooks/git/gitlab"],
          "fullName": "POST /api/webhooks/git/gitlab should handle non-Error objects thrown",
          "status": "passed",
          "title": "should handle non-Error objects thrown",
          "duration": 4.892700000000332,
          "failureMessages": [],
          "meta": {}
        },
        {
          "ancestorTitles": ["HEAD /api/webhooks/git/gitlab"],
          "fullName": "HEAD /api/webhooks/git/gitlab should return 200 for HEAD request",
          "status": "passed",
          "title": "should return 200 for HEAD request",
          "duration": 0.5457000000005792,
          "failureMessages": [],
          "meta": {}
        }
      ],
      "startTime": 1771217806212,
      "endTime": 1771217806309.5457,
      "status": "passed",
      "message": "",
      "name": "C:/Users/Pankaj Soni/Desktop/cloud-services/tests/integration/api/webhook-gitlab.test.ts"
    }
  ]
}
